{"/Volumes/Almacenamiento/casaVitini/app/node/src/application/administracion/arquitectura/configuraciones/actualizarZonaDeLaConfiguracionApartamento.mjs": {"path":"/Volumes/Almacenamiento/casaVitini/app/node/src/application/administracion/arquitectura/configuraciones/actualizarZonaDeLaConfiguracionApartamento.mjs","statementMap":{"0":{"start":{"line":7,"column":58},"end":{"line":62,"column":1}},"1":{"start":{"line":8,"column":18},"end":{"line":8,"column":29}},"2":{"start":{"line":9,"column":4},"end":{"line":61,"column":5}},"3":{"start":{"line":11,"column":24},"end":{"line":11,"column":39}},"4":{"start":{"line":12,"column":20},"end":{"line":12,"column":50}},"5":{"start":{"line":13,"column":8},"end":{"line":13,"column":29}},"6":{"start":{"line":14,"column":8},"end":{"line":14,"column":21}},"7":{"start":{"line":15,"column":8},"end":{"line":18,"column":10}},"8":{"start":{"line":19,"column":8},"end":{"line":19,"column":23}},"9":{"start":{"line":21,"column":31},"end":{"line":27,"column":10}},"10":{"start":{"line":28,"column":26},"end":{"line":34,"column":10}},"11":{"start":{"line":36,"column":8},"end":{"line":39,"column":9}},"12":{"start":{"line":37,"column":22},"end":{"line":37,"column":81}},"13":{"start":{"line":38,"column":12},"end":{"line":38,"column":30}},"14":{"start":{"line":40,"column":8},"end":{"line":43,"column":10}},"15":{"start":{"line":44,"column":8},"end":{"line":47,"column":10}},"16":{"start":{"line":48,"column":19},"end":{"line":52,"column":9}},"17":{"start":{"line":53,"column":8},"end":{"line":53,"column":17}},"18":{"start":{"line":56,"column":8},"end":{"line":56,"column":28}},"19":{"start":{"line":58,"column":8},"end":{"line":60,"column":9}},"20":{"start":{"line":59,"column":12},"end":{"line":59,"column":27}}},"fnMap":{"0":{"name":"(anonymous_0)","decl":{"start":{"line":7,"column":58},"end":{"line":7,"column":59}},"loc":{"start":{"line":7,"column":85},"end":{"line":62,"column":1}},"line":7}},"branchMap":{"0":{"loc":{"start":{"line":36,"column":8},"end":{"line":39,"column":9}},"type":"if","locations":[{"start":{"line":36,"column":8},"end":{"line":39,"column":9}},{"start":{},"end":{}}],"line":36},"1":{"loc":{"start":{"line":36,"column":12},"end":{"line":36,"column":88}},"type":"binary-expr","locations":[{"start":{"line":36,"column":12},"end":{"line":36,"column":35}},{"start":{"line":36,"column":39},"end":{"line":36,"column":62}},{"start":{"line":36,"column":66},"end":{"line":36,"column":88}}],"line":36},"2":{"loc":{"start":{"line":58,"column":8},"end":{"line":60,"column":9}},"type":"if","locations":[{"start":{"line":58,"column":8},"end":{"line":60,"column":9}},{"start":{},"end":{}}],"line":58}},"s":{"0":1,"1":1,"2":1,"3":1,"4":1,"5":1,"6":1,"7":1,"8":1,"9":1,"10":1,"11":1,"12":0,"13":0,"14":1,"15":1,"16":1,"17":1,"18":0,"19":1,"20":1},"f":{"0":1},"b":{"0":[0,1],"1":[1,1,1],"2":[1,0]},"inputSourceMap":null,"_coverageSchema":"1a1c01bbd47fc00a2c39e90264f33305004495a9","hash":"90a548de022c430f530db7eef8a8537c0c0ce10a"}
,"/Volumes/Almacenamiento/casaVitini/app/node/src/application/administracion/arquitectura/configuraciones/addCamaToConfiguracionApartamentoHabitacion.mjs": {"path":"/Volumes/Almacenamiento/casaVitini/app/node/src/application/administracion/arquitectura/configuraciones/addCamaToConfiguracionApartamentoHabitacion.mjs","statementMap":{"0":{"start":{"line":9,"column":59},"end":{"line":94,"column":1}},"1":{"start":{"line":10,"column":4},"end":{"line":92,"column":5}},"2":{"start":{"line":11,"column":24},"end":{"line":11,"column":39}},"3":{"start":{"line":12,"column":20},"end":{"line":12,"column":50}},"4":{"start":{"line":13,"column":8},"end":{"line":13,"column":29}},"5":{"start":{"line":14,"column":8},"end":{"line":14,"column":21}},"6":{"start":{"line":15,"column":8},"end":{"line":18,"column":10}},"7":{"start":{"line":19,"column":24},"end":{"line":25,"column":10}},"8":{"start":{"line":28,"column":30},"end":{"line":35,"column":10}},"9":{"start":{"line":38,"column":40},"end":{"line":42,"column":10}},"10":{"start":{"line":43,"column":8},"end":{"line":46,"column":9}},"11":{"start":{"line":44,"column":26},"end":{"line":44,"column":79}},"12":{"start":{"line":45,"column":12},"end":{"line":45,"column":35}},"13":{"start":{"line":47,"column":23},"end":{"line":47,"column":53}},"14":{"start":{"line":48,"column":26},"end":{"line":48,"column":59}},"15":{"start":{"line":49,"column":41},"end":{"line":49,"column":109}},"16":{"start":{"line":50,"column":8},"end":{"line":53,"column":9}},"17":{"start":{"line":51,"column":26},"end":{"line":51,"column":65}},"18":{"start":{"line":52,"column":12},"end":{"line":52,"column":35}},"19":{"start":{"line":54,"column":31},"end":{"line":54,"column":70}},"20":{"start":{"line":55,"column":52},"end":{"line":58,"column":10}},"21":{"start":{"line":59,"column":8},"end":{"line":62,"column":9}},"22":{"start":{"line":60,"column":26},"end":{"line":60,"column":177}},"23":{"start":{"line":61,"column":12},"end":{"line":61,"column":35}},"24":{"start":{"line":63,"column":45},"end":{"line":66,"column":9}},"25":{"start":{"line":67,"column":35},"end":{"line":67,"column":112}},"26":{"start":{"line":68,"column":8},"end":{"line":71,"column":9}},"27":{"start":{"line":69,"column":26},"end":{"line":69,"column":47}},"28":{"start":{"line":70,"column":12},"end":{"line":70,"column":35}},"29":{"start":{"line":72,"column":45},"end":{"line":75,"column":9}},"30":{"start":{"line":76,"column":40},"end":{"line":76,"column":100}},"31":{"start":{"line":78,"column":25},"end":{"line":78,"column":62}},"32":{"start":{"line":79,"column":19},"end":{"line":85,"column":9}},"33":{"start":{"line":86,"column":8},"end":{"line":86,"column":17}},"34":{"start":{"line":91,"column":8},"end":{"line":91,"column":28}}},"fnMap":{"0":{"name":"(anonymous_0)","decl":{"start":{"line":9,"column":59},"end":{"line":9,"column":60}},"loc":{"start":{"line":9,"column":86},"end":{"line":94,"column":1}},"line":9}},"branchMap":{"0":{"loc":{"start":{"line":43,"column":8},"end":{"line":46,"column":9}},"type":"if","locations":[{"start":{"line":43,"column":8},"end":{"line":46,"column":9}},{"start":{},"end":{}}],"line":43},"1":{"loc":{"start":{"line":50,"column":8},"end":{"line":53,"column":9}},"type":"if","locations":[{"start":{"line":50,"column":8},"end":{"line":53,"column":9}},{"start":{},"end":{}}],"line":50},"2":{"loc":{"start":{"line":59,"column":8},"end":{"line":62,"column":9}},"type":"if","locations":[{"start":{"line":59,"column":8},"end":{"line":62,"column":9}},{"start":{},"end":{}}],"line":59},"3":{"loc":{"start":{"line":68,"column":8},"end":{"line":71,"column":9}},"type":"if","locations":[{"start":{"line":68,"column":8},"end":{"line":71,"column":9}},{"start":{},"end":{}}],"line":68}},"s":{"0":1,"1":1,"2":1,"3":1,"4":1,"5":1,"6":1,"7":1,"8":1,"9":1,"10":1,"11":0,"12":0,"13":1,"14":1,"15":1,"16":1,"17":0,"18":0,"19":1,"20":1,"21":1,"22":0,"23":0,"24":1,"25":1,"26":1,"27":0,"28":0,"29":1,"30":1,"31":1,"32":1,"33":1,"34":0},"f":{"0":1},"b":{"0":[0,1],"1":[0,1],"2":[0,1],"3":[0,1]},"inputSourceMap":null,"_coverageSchema":"1a1c01bbd47fc00a2c39e90264f33305004495a9","hash":"b6a5eea815e270ab42188dcb92b6c5c446f578b4"}
,"/Volumes/Almacenamiento/casaVitini/app/node/src/application/administracion/arquitectura/configuraciones/addHabitacionToConfiguracionApartamento.mjs": {"path":"/Volumes/Almacenamiento/casaVitini/app/node/src/application/administracion/arquitectura/configuraciones/addHabitacionToConfiguracionApartamento.mjs","statementMap":{"0":{"start":{"line":9,"column":55},"end":{"line":83,"column":1}},"1":{"start":{"line":10,"column":4},"end":{"line":81,"column":5}},"2":{"start":{"line":11,"column":24},"end":{"line":11,"column":39}},"3":{"start":{"line":12,"column":20},"end":{"line":12,"column":50}},"4":{"start":{"line":13,"column":8},"end":{"line":13,"column":29}},"5":{"start":{"line":14,"column":8},"end":{"line":14,"column":21}},"6":{"start":{"line":16,"column":8},"end":{"line":19,"column":10}},"7":{"start":{"line":20,"column":31},"end":{"line":26,"column":10}},"8":{"start":{"line":27,"column":30},"end":{"line":33,"column":10}},"9":{"start":{"line":35,"column":52},"end":{"line":38,"column":10}},"10":{"start":{"line":39,"column":8},"end":{"line":42,"column":9}},"11":{"start":{"line":40,"column":26},"end":{"line":40,"column":177}},"12":{"start":{"line":41,"column":12},"end":{"line":41,"column":35}},"13":{"start":{"line":43,"column":30},"end":{"line":46,"column":25}},"14":{"start":{"line":47,"column":29},"end":{"line":50,"column":24}},"15":{"start":{"line":52,"column":8},"end":{"line":61,"column":9}},"16":{"start":{"line":53,"column":12},"end":{"line":57,"column":14}},"17":{"start":{"line":59,"column":22},"end":{"line":59,"column":95}},"18":{"start":{"line":60,"column":12},"end":{"line":60,"column":31}},"19":{"start":{"line":64,"column":52},"end":{"line":67,"column":9}},"20":{"start":{"line":68,"column":32},"end":{"line":68,"column":106}},"21":{"start":{"line":70,"column":19},"end":{"line":75,"column":9}},"22":{"start":{"line":76,"column":8},"end":{"line":76,"column":17}},"23":{"start":{"line":80,"column":8},"end":{"line":80,"column":28}}},"fnMap":{"0":{"name":"(anonymous_0)","decl":{"start":{"line":9,"column":55},"end":{"line":9,"column":56}},"loc":{"start":{"line":9,"column":82},"end":{"line":83,"column":1}},"line":9}},"branchMap":{"0":{"loc":{"start":{"line":39,"column":8},"end":{"line":42,"column":9}},"type":"if","locations":[{"start":{"line":39,"column":8},"end":{"line":42,"column":9}},{"start":{},"end":{}}],"line":39}},"s":{"0":1,"1":1,"2":1,"3":1,"4":1,"5":1,"6":1,"7":1,"8":1,"9":1,"10":1,"11":0,"12":0,"13":1,"14":1,"15":1,"16":1,"17":0,"18":0,"19":1,"20":1,"21":1,"22":1,"23":0},"f":{"0":1},"b":{"0":[0,1]},"inputSourceMap":null,"_coverageSchema":"1a1c01bbd47fc00a2c39e90264f33305004495a9","hash":"349236d622be7684ce7c4af61cfceeb21212a329"}
,"/Volumes/Almacenamiento/casaVitini/app/node/src/application/administracion/arquitectura/configuraciones/cambiarEstadoConfiguracionAlojamiento.mjs": {"path":"/Volumes/Almacenamiento/casaVitini/app/node/src/application/administracion/arquitectura/configuraciones/cambiarEstadoConfiguracionAlojamiento.mjs","statementMap":{"0":{"start":{"line":11,"column":53},"end":{"line":119,"column":1}},"1":{"start":{"line":12,"column":18},"end":{"line":12,"column":29}},"2":{"start":{"line":13,"column":4},"end":{"line":117,"column":5}},"3":{"start":{"line":15,"column":24},"end":{"line":15,"column":39}},"4":{"start":{"line":16,"column":20},"end":{"line":16,"column":42}},"5":{"start":{"line":17,"column":8},"end":{"line":17,"column":29}},"6":{"start":{"line":18,"column":8},"end":{"line":18,"column":21}},"7":{"start":{"line":22,"column":8},"end":{"line":25,"column":10}},"8":{"start":{"line":26,"column":8},"end":{"line":26,"column":23}},"9":{"start":{"line":28,"column":31},"end":{"line":34,"column":10}},"10":{"start":{"line":35,"column":28},"end":{"line":41,"column":10}},"11":{"start":{"line":44,"column":41},"end":{"line":47,"column":10}},"12":{"start":{"line":49,"column":8},"end":{"line":52,"column":9}},"13":{"start":{"line":50,"column":22},"end":{"line":50,"column":82}},"14":{"start":{"line":51,"column":12},"end":{"line":51,"column":30}},"15":{"start":{"line":53,"column":8},"end":{"line":100,"column":9}},"16":{"start":{"line":55,"column":28},"end":{"line":55,"column":60}},"17":{"start":{"line":56,"column":12},"end":{"line":59,"column":13}},"18":{"start":{"line":57,"column":30},"end":{"line":57,"column":196}},"19":{"start":{"line":58,"column":16},"end":{"line":58,"column":39}},"20":{"start":{"line":61,"column":46},"end":{"line":61,"column":118}},"21":{"start":{"line":62,"column":12},"end":{"line":65,"column":13}},"22":{"start":{"line":63,"column":30},"end":{"line":63,"column":188}},"23":{"start":{"line":64,"column":16},"end":{"line":64,"column":39}},"24":{"start":{"line":67,"column":12},"end":{"line":88,"column":13}},"25":{"start":{"line":68,"column":44},"end":{"line":68,"column":46}},"26":{"start":{"line":69,"column":52},"end":{"line":69,"column":77}},"27":{"start":{"line":70,"column":16},"end":{"line":82,"column":17}},"28":{"start":{"line":71,"column":42},"end":{"line":71,"column":73}},"29":{"start":{"line":72,"column":42},"end":{"line":72,"column":73}},"30":{"start":{"line":73,"column":39},"end":{"line":76,"column":22}},"31":{"start":{"line":77,"column":41},"end":{"line":77,"column":64}},"32":{"start":{"line":78,"column":50},"end":{"line":78,"column":113}},"33":{"start":{"line":79,"column":20},"end":{"line":81,"column":21}},"34":{"start":{"line":80,"column":24},"end":{"line":80,"column":63}},"35":{"start":{"line":83,"column":16},"end":{"line":87,"column":17}},"36":{"start":{"line":84,"column":41},"end":{"line":84,"column":101}},"37":{"start":{"line":85,"column":34},"end":{"line":85,"column":278}},"38":{"start":{"line":86,"column":20},"end":{"line":86,"column":43}},"39":{"start":{"line":90,"column":47},"end":{"line":90,"column":105}},"40":{"start":{"line":91,"column":12},"end":{"line":94,"column":13}},"41":{"start":{"line":92,"column":30},"end":{"line":92,"column":262}},"42":{"start":{"line":93,"column":16},"end":{"line":93,"column":39}},"43":{"start":{"line":95,"column":12},"end":{"line":98,"column":13}},"44":{"start":{"line":96,"column":30},"end":{"line":96,"column":204}},"45":{"start":{"line":97,"column":16},"end":{"line":97,"column":39}},"46":{"start":{"line":102,"column":54},"end":{"line":105,"column":9}},"47":{"start":{"line":106,"column":8},"end":{"line":106,"column":86}},"48":{"start":{"line":107,"column":19},"end":{"line":110,"column":9}},"49":{"start":{"line":111,"column":8},"end":{"line":111,"column":17}},"50":{"start":{"line":114,"column":8},"end":{"line":114,"column":28}},"51":{"start":{"line":116,"column":8},"end":{"line":116,"column":23}}},"fnMap":{"0":{"name":"(anonymous_0)","decl":{"start":{"line":11,"column":53},"end":{"line":11,"column":54}},"loc":{"start":{"line":11,"column":72},"end":{"line":119,"column":1}},"line":11}},"branchMap":{"0":{"loc":{"start":{"line":49,"column":8},"end":{"line":52,"column":9}},"type":"if","locations":[{"start":{"line":49,"column":8},"end":{"line":52,"column":9}},{"start":{},"end":{}}],"line":49},"1":{"loc":{"start":{"line":49,"column":12},"end":{"line":49,"column":71}},"type":"binary-expr","locations":[{"start":{"line":49,"column":12},"end":{"line":49,"column":38}},{"start":{"line":49,"column":42},"end":{"line":49,"column":71}}],"line":49},"2":{"loc":{"start":{"line":53,"column":8},"end":{"line":100,"column":9}},"type":"if","locations":[{"start":{"line":53,"column":8},"end":{"line":100,"column":9}},{"start":{},"end":{}}],"line":53},"3":{"loc":{"start":{"line":56,"column":12},"end":{"line":59,"column":13}},"type":"if","locations":[{"start":{"line":56,"column":12},"end":{"line":59,"column":13}},{"start":{},"end":{}}],"line":56},"4":{"loc":{"start":{"line":56,"column":16},"end":{"line":56,"column":86}},"type":"binary-expr","locations":[{"start":{"line":56,"column":16},"end":{"line":56,"column":37}},{"start":{"line":56,"column":41},"end":{"line":56,"column":61}},{"start":{"line":56,"column":65},"end":{"line":56,"column":86}}],"line":56},"5":{"loc":{"start":{"line":62,"column":12},"end":{"line":65,"column":13}},"type":"if","locations":[{"start":{"line":62,"column":12},"end":{"line":65,"column":13}},{"start":{},"end":{}}],"line":62},"6":{"loc":{"start":{"line":67,"column":12},"end":{"line":88,"column":13}},"type":"if","locations":[{"start":{"line":67,"column":12},"end":{"line":88,"column":13}},{"start":{},"end":{}}],"line":67},"7":{"loc":{"start":{"line":79,"column":20},"end":{"line":81,"column":21}},"type":"if","locations":[{"start":{"line":79,"column":20},"end":{"line":81,"column":21}},{"start":{},"end":{}}],"line":79},"8":{"loc":{"start":{"line":83,"column":16},"end":{"line":87,"column":17}},"type":"if","locations":[{"start":{"line":83,"column":16},"end":{"line":87,"column":17}},{"start":{},"end":{}}],"line":83},"9":{"loc":{"start":{"line":91,"column":12},"end":{"line":94,"column":13}},"type":"if","locations":[{"start":{"line":91,"column":12},"end":{"line":94,"column":13}},{"start":{},"end":{}}],"line":91},"10":{"loc":{"start":{"line":95,"column":12},"end":{"line":98,"column":13}},"type":"if","locations":[{"start":{"line":95,"column":12},"end":{"line":98,"column":13}},{"start":{},"end":{}}],"line":95}},"s":{"0":1,"1":1,"2":1,"3":1,"4":1,"5":1,"6":1,"7":1,"8":1,"9":1,"10":1,"11":1,"12":1,"13":0,"14":0,"15":1,"16":1,"17":1,"18":0,"19":0,"20":1,"21":1,"22":0,"23":0,"24":1,"25":1,"26":1,"27":1,"28":1,"29":1,"30":1,"31":1,"32":1,"33":1,"34":0,"35":1,"36":0,"37":0,"38":0,"39":1,"40":1,"41":0,"42":0,"43":1,"44":0,"45":0,"46":1,"47":1,"48":1,"49":1,"50":0,"51":1},"f":{"0":1},"b":{"0":[0,1],"1":[1,0],"2":[1,0],"3":[0,1],"4":[1,1,0],"5":[0,1],"6":[1,0],"7":[0,1],"8":[0,1],"9":[0,1],"10":[0,1]},"inputSourceMap":null,"_coverageSchema":"1a1c01bbd47fc00a2c39e90264f33305004495a9","hash":"8b190b5e9e2ed5a675a97c57dbfa4bc731b81566"}
,"/Volumes/Almacenamiento/casaVitini/app/node/src/application/administracion/arquitectura/configuraciones/crearConfiguracionAlojamiento.mjs": {"path":"/Volumes/Almacenamiento/casaVitini/app/node/src/application/administracion/arquitectura/configuraciones/crearConfiguracionAlojamiento.mjs","statementMap":{"0":{"start":{"line":10,"column":45},"end":{"line":69,"column":1}},"1":{"start":{"line":11,"column":18},"end":{"line":11,"column":29}},"2":{"start":{"line":12,"column":4},"end":{"line":68,"column":5}},"3":{"start":{"line":14,"column":24},"end":{"line":14,"column":39}},"4":{"start":{"line":15,"column":20},"end":{"line":15,"column":42}},"5":{"start":{"line":16,"column":8},"end":{"line":16,"column":29}},"6":{"start":{"line":17,"column":8},"end":{"line":17,"column":21}},"7":{"start":{"line":18,"column":8},"end":{"line":21,"column":10}},"8":{"start":{"line":22,"column":8},"end":{"line":22,"column":23}},"9":{"start":{"line":23,"column":31},"end":{"line":29,"column":10}},"10":{"start":{"line":31,"column":30},"end":{"line":34,"column":25}},"11":{"start":{"line":35,"column":8},"end":{"line":38,"column":9}},"12":{"start":{"line":36,"column":26},"end":{"line":36,"column":129}},"13":{"start":{"line":37,"column":12},"end":{"line":37,"column":35}},"14":{"start":{"line":40,"column":8},"end":{"line":40,"column":43}},"15":{"start":{"line":41,"column":8},"end":{"line":44,"column":10}},"16":{"start":{"line":45,"column":8},"end":{"line":49,"column":10}},"17":{"start":{"line":50,"column":8},"end":{"line":53,"column":10}},"18":{"start":{"line":54,"column":8},"end":{"line":54,"column":45}},"19":{"start":{"line":56,"column":19},"end":{"line":59,"column":9}},"20":{"start":{"line":60,"column":8},"end":{"line":60,"column":17}},"21":{"start":{"line":62,"column":8},"end":{"line":62,"column":44}},"22":{"start":{"line":63,"column":8},"end":{"line":63,"column":28}},"23":{"start":{"line":65,"column":8},"end":{"line":67,"column":9}},"24":{"start":{"line":66,"column":12},"end":{"line":66,"column":27}}},"fnMap":{"0":{"name":"(anonymous_0)","decl":{"start":{"line":10,"column":45},"end":{"line":10,"column":46}},"loc":{"start":{"line":10,"column":64},"end":{"line":69,"column":1}},"line":10}},"branchMap":{"0":{"loc":{"start":{"line":35,"column":8},"end":{"line":38,"column":9}},"type":"if","locations":[{"start":{"line":35,"column":8},"end":{"line":38,"column":9}},{"start":{},"end":{}}],"line":35},"1":{"loc":{"start":{"line":65,"column":8},"end":{"line":67,"column":9}},"type":"if","locations":[{"start":{"line":65,"column":8},"end":{"line":67,"column":9}},{"start":{},"end":{}}],"line":65}},"s":{"0":1,"1":1,"2":1,"3":1,"4":1,"5":1,"6":1,"7":1,"8":1,"9":1,"10":1,"11":1,"12":0,"13":0,"14":1,"15":1,"16":1,"17":1,"18":1,"19":1,"20":1,"21":0,"22":0,"23":1,"24":1},"f":{"0":1},"b":{"0":[0,1],"1":[1,0]},"inputSourceMap":null,"_coverageSchema":"1a1c01bbd47fc00a2c39e90264f33305004495a9","hash":"37f9ed4ded2e8d6674e300aa96f320369748566c"}
,"/Volumes/Almacenamiento/casaVitini/app/node/src/application/administracion/arquitectura/entidades/crearEntidadAlojamiento.mjs": {"path":"/Volumes/Almacenamiento/casaVitini/app/node/src/application/administracion/arquitectura/entidades/crearEntidadAlojamiento.mjs","statementMap":{"0":{"start":{"line":13,"column":39},"end":{"line":287,"column":1}},"1":{"start":{"line":14,"column":4},"end":{"line":286,"column":5}},"2":{"start":{"line":15,"column":24},"end":{"line":15,"column":39}},"3":{"start":{"line":16,"column":20},"end":{"line":16,"column":50}},"4":{"start":{"line":17,"column":8},"end":{"line":17,"column":29}},"5":{"start":{"line":18,"column":8},"end":{"line":18,"column":21}},"6":{"start":{"line":20,"column":28},"end":{"line":26,"column":10}},"7":{"start":{"line":28,"column":26},"end":{"line":28,"column":47}},"8":{"start":{"line":29,"column":8},"end":{"line":283,"column":9}},"9":{"start":{"line":30,"column":12},"end":{"line":33,"column":14}},"10":{"start":{"line":34,"column":34},"end":{"line":40,"column":14}},"11":{"start":{"line":42,"column":35},"end":{"line":48,"column":14}},"12":{"start":{"line":50,"column":41},"end":{"line":56,"column":14}},"13":{"start":{"line":57,"column":38},"end":{"line":63,"column":14}},"14":{"start":{"line":65,"column":34},"end":{"line":73,"column":13}},"15":{"start":{"line":66,"column":55},"end":{"line":69,"column":18}},"16":{"start":{"line":70,"column":16},"end":{"line":72,"column":17}},"17":{"start":{"line":71,"column":20},"end":{"line":71,"column":32}},"18":{"start":{"line":74,"column":42},"end":{"line":85,"column":13}},"19":{"start":{"line":75,"column":37},"end":{"line":75,"column":51}},"20":{"start":{"line":77,"column":16},"end":{"line":83,"column":39}},"21":{"start":{"line":78,"column":20},"end":{"line":78,"column":71}},"22":{"start":{"line":79,"column":20},"end":{"line":82,"column":21}},"23":{"start":{"line":81,"column":24},"end":{"line":81,"column":62}},"24":{"start":{"line":84,"column":16},"end":{"line":84,"column":38}},"25":{"start":{"line":86,"column":41},"end":{"line":86,"column":84}},"26":{"start":{"line":87,"column":12},"end":{"line":90,"column":14}},"27":{"start":{"line":91,"column":12},"end":{"line":94,"column":14}},"28":{"start":{"line":96,"column":55},"end":{"line":101,"column":13}},"29":{"start":{"line":102,"column":47},"end":{"line":102,"column":119}},"30":{"start":{"line":103,"column":23},"end":{"line":106,"column":13}},"31":{"start":{"line":107,"column":12},"end":{"line":107,"column":21}},"32":{"start":{"line":108,"column":15},"end":{"line":283,"column":9}},"33":{"start":{"line":109,"column":12},"end":{"line":112,"column":14}},"34":{"start":{"line":113,"column":33},"end":{"line":119,"column":14}},"35":{"start":{"line":121,"column":34},"end":{"line":128,"column":14}},"36":{"start":{"line":129,"column":34},"end":{"line":140,"column":13}},"37":{"start":{"line":131,"column":35},"end":{"line":134,"column":18}},"38":{"start":{"line":135,"column":16},"end":{"line":139,"column":17}},"39":{"start":{"line":136,"column":20},"end":{"line":136,"column":32}},"40":{"start":{"line":138,"column":20},"end":{"line":138,"column":32}},"41":{"start":{"line":141,"column":41},"end":{"line":152,"column":13}},"42":{"start":{"line":142,"column":37},"end":{"line":142,"column":50}},"43":{"start":{"line":144,"column":16},"end":{"line":150,"column":39}},"44":{"start":{"line":145,"column":20},"end":{"line":145,"column":71}},"45":{"start":{"line":146,"column":20},"end":{"line":149,"column":21}},"46":{"start":{"line":148,"column":24},"end":{"line":148,"column":63}},"47":{"start":{"line":151,"column":16},"end":{"line":151,"column":38}},"48":{"start":{"line":153,"column":40},"end":{"line":153,"column":81}},"49":{"start":{"line":155,"column":42},"end":{"line":158,"column":14}},"50":{"start":{"line":160,"column":12},"end":{"line":163,"column":13}},"51":{"start":{"line":161,"column":30},"end":{"line":161,"column":104}},"52":{"start":{"line":162,"column":16},"end":{"line":162,"column":39}},"53":{"start":{"line":165,"column":12},"end":{"line":168,"column":14}},"54":{"start":{"line":171,"column":54},"end":{"line":174,"column":13}},"55":{"start":{"line":176,"column":47},"end":{"line":176,"column":117}},"56":{"start":{"line":178,"column":23},"end":{"line":181,"column":13}},"57":{"start":{"line":182,"column":12},"end":{"line":182,"column":21}},"58":{"start":{"line":184,"column":15},"end":{"line":283,"column":9}},"59":{"start":{"line":185,"column":12},"end":{"line":188,"column":14}},"60":{"start":{"line":189,"column":27},"end":{"line":195,"column":14}},"61":{"start":{"line":197,"column":28},"end":{"line":204,"column":14}},"62":{"start":{"line":206,"column":30},"end":{"line":214,"column":14}},"63":{"start":{"line":217,"column":29},"end":{"line":223,"column":14}},"64":{"start":{"line":225,"column":34},"end":{"line":240,"column":13}},"65":{"start":{"line":226,"column":16},"end":{"line":238,"column":17}},"66":{"start":{"line":227,"column":40},"end":{"line":231,"column":22}},"67":{"start":{"line":233,"column":20},"end":{"line":235,"column":21}},"68":{"start":{"line":234,"column":24},"end":{"line":234,"column":36}},"69":{"start":{"line":237,"column":20},"end":{"line":237,"column":31}},"70":{"start":{"line":241,"column":35},"end":{"line":251,"column":13}},"71":{"start":{"line":242,"column":37},"end":{"line":242,"column":44}},"72":{"start":{"line":244,"column":16},"end":{"line":249,"column":39}},"73":{"start":{"line":245,"column":20},"end":{"line":245,"column":71}},"74":{"start":{"line":246,"column":20},"end":{"line":248,"column":21}},"75":{"start":{"line":247,"column":24},"end":{"line":247,"column":62}},"76":{"start":{"line":250,"column":16},"end":{"line":250,"column":38}},"77":{"start":{"line":252,"column":34},"end":{"line":252,"column":63}},"78":{"start":{"line":254,"column":12},"end":{"line":258,"column":14}},"79":{"start":{"line":260,"column":12},"end":{"line":263,"column":14}},"80":{"start":{"line":265,"column":48},"end":{"line":271,"column":13}},"81":{"start":{"line":273,"column":30},"end":{"line":273,"column":88}},"82":{"start":{"line":274,"column":23},"end":{"line":277,"column":13}},"83":{"start":{"line":278,"column":12},"end":{"line":278,"column":21}},"84":{"start":{"line":281,"column":26},"end":{"line":281,"column":61}},"85":{"start":{"line":282,"column":12},"end":{"line":282,"column":35}},"86":{"start":{"line":285,"column":8},"end":{"line":285,"column":28}}},"fnMap":{"0":{"name":"(anonymous_0)","decl":{"start":{"line":13,"column":39},"end":{"line":13,"column":40}},"loc":{"start":{"line":13,"column":66},"end":{"line":287,"column":1}},"line":13},"1":{"name":"(anonymous_1)","decl":{"start":{"line":65,"column":34},"end":{"line":65,"column":35}},"loc":{"start":{"line":65,"column":60},"end":{"line":73,"column":13}},"line":65},"2":{"name":"(anonymous_2)","decl":{"start":{"line":74,"column":42},"end":{"line":74,"column":43}},"loc":{"start":{"line":74,"column":68},"end":{"line":85,"column":13}},"line":74},"3":{"name":"(anonymous_3)","decl":{"start":{"line":129,"column":34},"end":{"line":129,"column":35}},"loc":{"start":{"line":129,"column":59},"end":{"line":140,"column":13}},"line":129},"4":{"name":"(anonymous_4)","decl":{"start":{"line":141,"column":41},"end":{"line":141,"column":42}},"loc":{"start":{"line":141,"column":66},"end":{"line":152,"column":13}},"line":141},"5":{"name":"(anonymous_5)","decl":{"start":{"line":225,"column":34},"end":{"line":225,"column":35}},"loc":{"start":{"line":225,"column":53},"end":{"line":240,"column":13}},"line":225},"6":{"name":"(anonymous_6)","decl":{"start":{"line":241,"column":35},"end":{"line":241,"column":36}},"loc":{"start":{"line":241,"column":54},"end":{"line":251,"column":13}},"line":241}},"branchMap":{"0":{"loc":{"start":{"line":29,"column":8},"end":{"line":283,"column":9}},"type":"if","locations":[{"start":{"line":29,"column":8},"end":{"line":283,"column":9}},{"start":{"line":108,"column":15},"end":{"line":283,"column":9}}],"line":29},"1":{"loc":{"start":{"line":43,"column":24},"end":{"line":43,"column":108}},"type":"binary-expr","locations":[{"start":{"line":43,"column":24},"end":{"line":43,"column":51}},{"start":{"line":43,"column":55},"end":{"line":43,"column":108}}],"line":43},"2":{"loc":{"start":{"line":70,"column":16},"end":{"line":72,"column":17}},"type":"if","locations":[{"start":{"line":70,"column":16},"end":{"line":72,"column":17}},{"start":{},"end":{}}],"line":70},"3":{"loc":{"start":{"line":79,"column":20},"end":{"line":82,"column":21}},"type":"if","locations":[{"start":{"line":79,"column":20},"end":{"line":82,"column":21}},{"start":{},"end":{}}],"line":79},"4":{"loc":{"start":{"line":108,"column":15},"end":{"line":283,"column":9}},"type":"if","locations":[{"start":{"line":108,"column":15},"end":{"line":283,"column":9}},{"start":{"line":184,"column":15},"end":{"line":283,"column":9}}],"line":108},"5":{"loc":{"start":{"line":122,"column":24},"end":{"line":122,"column":106}},"type":"binary-expr","locations":[{"start":{"line":122,"column":24},"end":{"line":122,"column":50}},{"start":{"line":122,"column":54},"end":{"line":122,"column":106}}],"line":122},"6":{"loc":{"start":{"line":135,"column":16},"end":{"line":139,"column":17}},"type":"if","locations":[{"start":{"line":135,"column":16},"end":{"line":139,"column":17}},{"start":{"line":137,"column":23},"end":{"line":139,"column":17}}],"line":135},"7":{"loc":{"start":{"line":146,"column":20},"end":{"line":149,"column":21}},"type":"if","locations":[{"start":{"line":146,"column":20},"end":{"line":149,"column":21}},{"start":{},"end":{}}],"line":146},"8":{"loc":{"start":{"line":160,"column":12},"end":{"line":163,"column":13}},"type":"if","locations":[{"start":{"line":160,"column":12},"end":{"line":163,"column":13}},{"start":{},"end":{}}],"line":160},"9":{"loc":{"start":{"line":184,"column":15},"end":{"line":283,"column":9}},"type":"if","locations":[{"start":{"line":184,"column":15},"end":{"line":283,"column":9}},{"start":{"line":280,"column":15},"end":{"line":283,"column":9}}],"line":184},"10":{"loc":{"start":{"line":198,"column":24},"end":{"line":198,"column":94}},"type":"binary-expr","locations":[{"start":{"line":198,"column":24},"end":{"line":198,"column":44}},{"start":{"line":198,"column":48},"end":{"line":198,"column":94}}],"line":198},"11":{"loc":{"start":{"line":233,"column":20},"end":{"line":235,"column":21}},"type":"if","locations":[{"start":{"line":233,"column":20},"end":{"line":235,"column":21}},{"start":{},"end":{}}],"line":233},"12":{"loc":{"start":{"line":246,"column":20},"end":{"line":248,"column":21}},"type":"if","locations":[{"start":{"line":246,"column":20},"end":{"line":248,"column":21}},{"start":{},"end":{}}],"line":246}},"s":{"0":1,"1":3,"2":3,"3":3,"4":3,"5":3,"6":3,"7":3,"8":3,"9":1,"10":1,"11":1,"12":1,"13":1,"14":1,"15":1,"16":1,"17":0,"18":1,"19":1,"20":1,"21":1,"22":1,"23":0,"24":1,"25":1,"26":1,"27":1,"28":1,"29":1,"30":1,"31":1,"32":2,"33":1,"34":1,"35":1,"36":1,"37":1,"38":1,"39":0,"40":1,"41":1,"42":1,"43":1,"44":1,"45":1,"46":0,"47":1,"48":1,"49":1,"50":1,"51":0,"52":0,"53":1,"54":1,"55":1,"56":1,"57":1,"58":1,"59":1,"60":1,"61":1,"62":1,"63":1,"64":1,"65":1,"66":1,"67":1,"68":0,"69":0,"70":1,"71":1,"72":1,"73":1,"74":1,"75":0,"76":1,"77":1,"78":1,"79":1,"80":1,"81":1,"82":1,"83":1,"84":0,"85":0,"86":0},"f":{"0":3,"1":1,"2":1,"3":1,"4":1,"5":1,"6":1},"b":{"0":[1,2],"1":[1,0],"2":[0,1],"3":[0,1],"4":[1,1],"5":[1,0],"6":[0,1],"7":[0,1],"8":[0,1],"9":[1,0],"10":[1,0],"11":[0,1],"12":[0,1]},"inputSourceMap":null,"_coverageSchema":"1a1c01bbd47fc00a2c39e90264f33305004495a9","hash":"342e79b4884dd19070ebe0a57cec439e2e945f5e"}
,"/Volumes/Almacenamiento/casaVitini/app/node/src/application/administracion/complementosDeAlojamiento/actualizarEstado.mjs": {"path":"/Volumes/Almacenamiento/casaVitini/app/node/src/application/administracion/complementosDeAlojamiento/actualizarEstado.mjs","statementMap":{"0":{"start":{"line":8,"column":32},"end":{"line":71,"column":1}},"1":{"start":{"line":9,"column":18},"end":{"line":9,"column":29}},"2":{"start":{"line":10,"column":4},"end":{"line":70,"column":5}},"3":{"start":{"line":11,"column":24},"end":{"line":11,"column":39}},"4":{"start":{"line":12,"column":20},"end":{"line":12,"column":50}},"5":{"start":{"line":13,"column":8},"end":{"line":13,"column":29}},"6":{"start":{"line":14,"column":8},"end":{"line":14,"column":21}},"7":{"start":{"line":16,"column":8},"end":{"line":16,"column":30}},"8":{"start":{"line":18,"column":8},"end":{"line":21,"column":10}},"9":{"start":{"line":23,"column":31},"end":{"line":31,"column":10}},"10":{"start":{"line":33,"column":26},"end":{"line":40,"column":10}},"11":{"start":{"line":41,"column":27},"end":{"line":44,"column":9}},"12":{"start":{"line":46,"column":8},"end":{"line":50,"column":9}},"13":{"start":{"line":47,"column":22},"end":{"line":47,"column":78}},"14":{"start":{"line":48,"column":12},"end":{"line":48,"column":30}},"15":{"start":{"line":51,"column":8},"end":{"line":51,"column":43}},"16":{"start":{"line":52,"column":8},"end":{"line":52,"column":65}},"17":{"start":{"line":53,"column":39},"end":{"line":56,"column":10}},"18":{"start":{"line":57,"column":8},"end":{"line":57,"column":45}},"19":{"start":{"line":58,"column":19},"end":{"line":61,"column":9}},"20":{"start":{"line":62,"column":8},"end":{"line":62,"column":17}},"21":{"start":{"line":64,"column":8},"end":{"line":64,"column":44}},"22":{"start":{"line":65,"column":8},"end":{"line":65,"column":28}},"23":{"start":{"line":67,"column":8},"end":{"line":69,"column":9}},"24":{"start":{"line":68,"column":12},"end":{"line":68,"column":28}}},"fnMap":{"0":{"name":"(anonymous_0)","decl":{"start":{"line":8,"column":32},"end":{"line":8,"column":33}},"loc":{"start":{"line":8,"column":59},"end":{"line":71,"column":1}},"line":8}},"branchMap":{"0":{"loc":{"start":{"line":46,"column":8},"end":{"line":50,"column":9}},"type":"if","locations":[{"start":{"line":46,"column":8},"end":{"line":50,"column":9}},{"start":{},"end":{}}],"line":46},"1":{"loc":{"start":{"line":67,"column":8},"end":{"line":69,"column":9}},"type":"if","locations":[{"start":{"line":67,"column":8},"end":{"line":69,"column":9}},{"start":{},"end":{}}],"line":67}},"s":{"0":1,"1":1,"2":1,"3":1,"4":1,"5":1,"6":1,"7":1,"8":1,"9":1,"10":1,"11":1,"12":1,"13":0,"14":0,"15":1,"16":1,"17":1,"18":1,"19":1,"20":1,"21":0,"22":0,"23":1,"24":1},"f":{"0":1},"b":{"0":[0,1],"1":[1,0]},"inputSourceMap":null,"_coverageSchema":"1a1c01bbd47fc00a2c39e90264f33305004495a9","hash":"95b2792e3f093e526613351a2cfa48af65fc3d80"}
,"/Volumes/Almacenamiento/casaVitini/app/node/src/application/administracion/complementosDeAlojamiento/crearComplementoDeAlojamiento.mjs": {"path":"/Volumes/Almacenamiento/casaVitini/app/node/src/application/administracion/complementosDeAlojamiento/crearComplementoDeAlojamiento.mjs","statementMap":{"0":{"start":{"line":6,"column":45},"end":{"line":47,"column":1}},"1":{"start":{"line":7,"column":18},"end":{"line":7,"column":29}},"2":{"start":{"line":8,"column":4},"end":{"line":46,"column":5}},"3":{"start":{"line":9,"column":24},"end":{"line":9,"column":39}},"4":{"start":{"line":10,"column":20},"end":{"line":10,"column":42}},"5":{"start":{"line":11,"column":8},"end":{"line":11,"column":29}},"6":{"start":{"line":12,"column":8},"end":{"line":12,"column":21}},"7":{"start":{"line":14,"column":8},"end":{"line":14,"column":30}},"8":{"start":{"line":15,"column":8},"end":{"line":15,"column":41}},"9":{"start":{"line":16,"column":33},"end":{"line":22,"column":9}},"10":{"start":{"line":23,"column":26},"end":{"line":23,"column":47}},"11":{"start":{"line":24,"column":8},"end":{"line":26,"column":9}},"12":{"start":{"line":25,"column":12},"end":{"line":25,"column":50}},"13":{"start":{"line":27,"column":8},"end":{"line":27,"column":50}},"14":{"start":{"line":28,"column":33},"end":{"line":28,"column":76}},"15":{"start":{"line":29,"column":8},"end":{"line":39,"column":9}},"16":{"start":{"line":30,"column":23},"end":{"line":34,"column":13}},"17":{"start":{"line":35,"column":12},"end":{"line":35,"column":21}},"18":{"start":{"line":37,"column":26},"end":{"line":37,"column":100}},"19":{"start":{"line":38,"column":12},"end":{"line":38,"column":35}},"20":{"start":{"line":41,"column":8},"end":{"line":41,"column":28}},"21":{"start":{"line":43,"column":8},"end":{"line":45,"column":9}},"22":{"start":{"line":44,"column":12},"end":{"line":44,"column":28}}},"fnMap":{"0":{"name":"(anonymous_0)","decl":{"start":{"line":6,"column":45},"end":{"line":6,"column":46}},"loc":{"start":{"line":6,"column":64},"end":{"line":47,"column":1}},"line":6}},"branchMap":{"0":{"loc":{"start":{"line":24,"column":8},"end":{"line":26,"column":9}},"type":"if","locations":[{"start":{"line":24,"column":8},"end":{"line":26,"column":9}},{"start":{},"end":{}}],"line":24},"1":{"loc":{"start":{"line":29,"column":8},"end":{"line":39,"column":9}},"type":"if","locations":[{"start":{"line":29,"column":8},"end":{"line":39,"column":9}},{"start":{"line":36,"column":15},"end":{"line":39,"column":9}}],"line":29},"2":{"loc":{"start":{"line":43,"column":8},"end":{"line":45,"column":9}},"type":"if","locations":[{"start":{"line":43,"column":8},"end":{"line":45,"column":9}},{"start":{},"end":{}}],"line":43}},"s":{"0":1,"1":1,"2":1,"3":1,"4":1,"5":1,"6":1,"7":1,"8":1,"9":1,"10":1,"11":1,"12":1,"13":1,"14":1,"15":1,"16":1,"17":1,"18":0,"19":0,"20":0,"21":1,"22":1},"f":{"0":1},"b":{"0":[1,0],"1":[1,0],"2":[1,0]},"inputSourceMap":null,"_coverageSchema":"1a1c01bbd47fc00a2c39e90264f33305004495a9","hash":"16bfebb3b26b75efdf345331d9867326823b3127"}
,"/Volumes/Almacenamiento/casaVitini/app/node/src/application/administracion/impuestos/crearNuevoImpuesto.mjs": {"path":"/Volumes/Almacenamiento/casaVitini/app/node/src/application/administracion/impuestos/crearNuevoImpuesto.mjs","statementMap":{"0":{"start":{"line":7,"column":34},"end":{"line":40,"column":1}},"1":{"start":{"line":8,"column":18},"end":{"line":8,"column":29}},"2":{"start":{"line":9,"column":4},"end":{"line":39,"column":5}},"3":{"start":{"line":10,"column":24},"end":{"line":10,"column":39}},"4":{"start":{"line":11,"column":20},"end":{"line":11,"column":50}},"5":{"start":{"line":12,"column":8},"end":{"line":12,"column":29}},"6":{"start":{"line":13,"column":8},"end":{"line":13,"column":21}},"7":{"start":{"line":15,"column":8},"end":{"line":15,"column":30}},"8":{"start":{"line":17,"column":25},"end":{"line":17,"column":37}},"9":{"start":{"line":18,"column":33},"end":{"line":18,"column":58}},"10":{"start":{"line":19,"column":31},"end":{"line":19,"column":54}},"11":{"start":{"line":21,"column":35},"end":{"line":21,"column":93}},"12":{"start":{"line":22,"column":8},"end":{"line":25,"column":9}},"13":{"start":{"line":23,"column":26},"end":{"line":23,"column":215}},"14":{"start":{"line":24,"column":12},"end":{"line":24,"column":35}},"15":{"start":{"line":26,"column":8},"end":{"line":26,"column":50}},"16":{"start":{"line":27,"column":30},"end":{"line":27,"column":70}},"17":{"start":{"line":28,"column":19},"end":{"line":31,"column":9}},"18":{"start":{"line":32,"column":8},"end":{"line":32,"column":17}},"19":{"start":{"line":34,"column":8},"end":{"line":34,"column":28}},"20":{"start":{"line":36,"column":8},"end":{"line":38,"column":9}},"21":{"start":{"line":37,"column":12},"end":{"line":37,"column":28}}},"fnMap":{"0":{"name":"(anonymous_0)","decl":{"start":{"line":7,"column":34},"end":{"line":7,"column":35}},"loc":{"start":{"line":7,"column":61},"end":{"line":40,"column":1}},"line":7}},"branchMap":{"0":{"loc":{"start":{"line":22,"column":8},"end":{"line":25,"column":9}},"type":"if","locations":[{"start":{"line":22,"column":8},"end":{"line":25,"column":9}},{"start":{},"end":{}}],"line":22},"1":{"loc":{"start":{"line":36,"column":8},"end":{"line":38,"column":9}},"type":"if","locations":[{"start":{"line":36,"column":8},"end":{"line":38,"column":9}},{"start":{},"end":{}}],"line":36}},"s":{"0":1,"1":0,"2":0,"3":0,"4":0,"5":0,"6":0,"7":0,"8":0,"9":0,"10":0,"11":0,"12":0,"13":0,"14":0,"15":0,"16":0,"17":0,"18":0,"19":0,"20":0,"21":0},"f":{"0":0},"b":{"0":[0,0],"1":[0,0]},"inputSourceMap":null,"_coverageSchema":"1a1c01bbd47fc00a2c39e90264f33305004495a9","hash":"825c50a6dad3f3dfad932edc373c1cfc86ce2568"}
,"/Volumes/Almacenamiento/casaVitini/app/node/src/application/administracion/precios/establecerNuevoPrecioApartamento.mjs": {"path":"/Volumes/Almacenamiento/casaVitini/app/node/src/application/administracion/precios/establecerNuevoPrecioApartamento.mjs","statementMap":{"0":{"start":{"line":10,"column":48},"end":{"line":118,"column":1}},"1":{"start":{"line":11,"column":18},"end":{"line":11,"column":27}},"2":{"start":{"line":12,"column":4},"end":{"line":117,"column":5}},"3":{"start":{"line":13,"column":24},"end":{"line":13,"column":39}},"4":{"start":{"line":14,"column":20},"end":{"line":14,"column":42}},"5":{"start":{"line":15,"column":8},"end":{"line":15,"column":29}},"6":{"start":{"line":16,"column":8},"end":{"line":16,"column":21}},"7":{"start":{"line":18,"column":8},"end":{"line":18,"column":30}},"8":{"start":{"line":19,"column":8},"end":{"line":22,"column":10}},"9":{"start":{"line":23,"column":31},"end":{"line":29,"column":10}},"10":{"start":{"line":30,"column":28},"end":{"line":37,"column":10}},"11":{"start":{"line":39,"column":41},"end":{"line":42,"column":10}},"12":{"start":{"line":43,"column":8},"end":{"line":46,"column":9}},"13":{"start":{"line":44,"column":26},"end":{"line":44,"column":266}},"14":{"start":{"line":45,"column":12},"end":{"line":45,"column":35}},"15":{"start":{"line":47,"column":36},"end":{"line":47,"column":38}},"16":{"start":{"line":48,"column":30},"end":{"line":51,"column":25}},"17":{"start":{"line":52,"column":8},"end":{"line":52,"column":58}},"18":{"start":{"line":53,"column":8},"end":{"line":53,"column":60}},"19":{"start":{"line":55,"column":43},"end":{"line":59,"column":9}},"20":{"start":{"line":60,"column":8},"end":{"line":60,"column":81}},"21":{"start":{"line":62,"column":31},"end":{"line":62,"column":89}},"22":{"start":{"line":63,"column":46},"end":{"line":63,"column":67}},"23":{"start":{"line":64,"column":8},"end":{"line":64,"column":79}},"24":{"start":{"line":65,"column":8},"end":{"line":65,"column":52}},"25":{"start":{"line":66,"column":8},"end":{"line":66,"column":79}},"26":{"start":{"line":67,"column":8},"end":{"line":67,"column":43}},"27":{"start":{"line":70,"column":31},"end":{"line":73,"column":10}},"28":{"start":{"line":76,"column":8},"end":{"line":106,"column":9}},"29":{"start":{"line":78,"column":37},"end":{"line":78,"column":38}},"30":{"start":{"line":79,"column":12},"end":{"line":101,"column":15}},"31":{"start":{"line":80,"column":39},"end":{"line":80,"column":69}},"32":{"start":{"line":81,"column":39},"end":{"line":81,"column":61}},"33":{"start":{"line":82,"column":37},"end":{"line":82,"column":65}},"34":{"start":{"line":83,"column":36},"end":{"line":83,"column":63}},"35":{"start":{"line":85,"column":39},"end":{"line":90,"column":17}},"36":{"start":{"line":91,"column":16},"end":{"line":95,"column":17}},"37":{"start":{"line":92,"column":47},"end":{"line":92,"column":114}},"38":{"start":{"line":93,"column":20},"end":{"line":93,"column":73}},"39":{"start":{"line":94,"column":20},"end":{"line":94,"column":70}},"40":{"start":{"line":96,"column":16},"end":{"line":99,"column":17}},"41":{"start":{"line":97,"column":20},"end":{"line":97,"column":69}},"42":{"start":{"line":98,"column":20},"end":{"line":98,"column":66}},"43":{"start":{"line":100,"column":16},"end":{"line":100,"column":69}},"44":{"start":{"line":102,"column":34},"end":{"line":102,"column":100}},"45":{"start":{"line":103,"column":12},"end":{"line":103,"column":57}},"46":{"start":{"line":104,"column":12},"end":{"line":104,"column":79}},"47":{"start":{"line":105,"column":12},"end":{"line":105,"column":69}},"48":{"start":{"line":107,"column":19},"end":{"line":109,"column":9}},"49":{"start":{"line":110,"column":8},"end":{"line":110,"column":17}},"50":{"start":{"line":112,"column":8},"end":{"line":112,"column":28}},"51":{"start":{"line":114,"column":8},"end":{"line":116,"column":9}},"52":{"start":{"line":115,"column":12},"end":{"line":115,"column":28}}},"fnMap":{"0":{"name":"(anonymous_0)","decl":{"start":{"line":10,"column":48},"end":{"line":10,"column":49}},"loc":{"start":{"line":10,"column":67},"end":{"line":118,"column":1}},"line":10},"1":{"name":"(anonymous_1)","decl":{"start":{"line":79,"column":35},"end":{"line":79,"column":36}},"loc":{"start":{"line":79,"column":56},"end":{"line":101,"column":13}},"line":79}},"branchMap":{"0":{"loc":{"start":{"line":43,"column":8},"end":{"line":46,"column":9}},"type":"if","locations":[{"start":{"line":43,"column":8},"end":{"line":46,"column":9}},{"start":{},"end":{}}],"line":43},"1":{"loc":{"start":{"line":76,"column":8},"end":{"line":106,"column":9}},"type":"if","locations":[{"start":{"line":76,"column":8},"end":{"line":106,"column":9}},{"start":{},"end":{}}],"line":76},"2":{"loc":{"start":{"line":91,"column":16},"end":{"line":95,"column":17}},"type":"if","locations":[{"start":{"line":91,"column":16},"end":{"line":95,"column":17}},{"start":{},"end":{}}],"line":91},"3":{"loc":{"start":{"line":96,"column":16},"end":{"line":99,"column":17}},"type":"if","locations":[{"start":{"line":96,"column":16},"end":{"line":99,"column":17}},{"start":{},"end":{}}],"line":96},"4":{"loc":{"start":{"line":114,"column":8},"end":{"line":116,"column":9}},"type":"if","locations":[{"start":{"line":114,"column":8},"end":{"line":116,"column":9}},{"start":{},"end":{}}],"line":114}},"s":{"0":1,"1":1,"2":1,"3":1,"4":1,"5":1,"6":1,"7":1,"8":1,"9":1,"10":1,"11":1,"12":1,"13":0,"14":0,"15":1,"16":1,"17":1,"18":1,"19":1,"20":1,"21":1,"22":1,"23":1,"24":1,"25":1,"26":1,"27":1,"28":1,"29":1,"30":1,"31":2,"32":2,"33":2,"34":2,"35":2,"36":2,"37":2,"38":2,"39":2,"40":2,"41":0,"42":0,"43":2,"44":1,"45":1,"46":1,"47":1,"48":1,"49":1,"50":0,"51":1,"52":1},"f":{"0":1,"1":2},"b":{"0":[0,1],"1":[1,0],"2":[2,0],"3":[0,2],"4":[1,0]},"inputSourceMap":null,"_coverageSchema":"1a1c01bbd47fc00a2c39e90264f33305004495a9","hash":"2be0919b566c374fa8abeda11a34aad88b55ec08"}
,"/Volumes/Almacenamiento/casaVitini/app/node/src/application/administracion/simuladorDePrecios/actualizarSimulacionPorDataGlobal.mjs": {"path":"/Volumes/Almacenamiento/casaVitini/app/node/src/application/administracion/simuladorDePrecios/actualizarSimulacionPorDataGlobal.mjs","statementMap":{"0":{"start":{"line":7,"column":49},"end":{"line":48,"column":1}},"1":{"start":{"line":8,"column":18},"end":{"line":8,"column":29}},"2":{"start":{"line":9,"column":4},"end":{"line":47,"column":5}},"3":{"start":{"line":10,"column":24},"end":{"line":10,"column":39}},"4":{"start":{"line":11,"column":20},"end":{"line":11,"column":42}},"5":{"start":{"line":12,"column":8},"end":{"line":12,"column":29}},"6":{"start":{"line":13,"column":8},"end":{"line":13,"column":23}},"7":{"start":{"line":14,"column":8},"end":{"line":14,"column":21}},"8":{"start":{"line":16,"column":8},"end":{"line":16,"column":23}},"9":{"start":{"line":17,"column":21},"end":{"line":17,"column":33}},"10":{"start":{"line":19,"column":8},"end":{"line":19,"column":47}},"11":{"start":{"line":20,"column":30},"end":{"line":20,"column":48}},"12":{"start":{"line":21,"column":29},"end":{"line":21,"column":46}},"13":{"start":{"line":22,"column":28},"end":{"line":22,"column":44}},"14":{"start":{"line":23,"column":30},"end":{"line":23,"column":48}},"15":{"start":{"line":24,"column":24},"end":{"line":24,"column":36}},"16":{"start":{"line":26,"column":8},"end":{"line":32,"column":10}},"17":{"start":{"line":34,"column":41},"end":{"line":34,"column":101}},"18":{"start":{"line":35,"column":19},"end":{"line":39,"column":9}},"19":{"start":{"line":40,"column":8},"end":{"line":40,"column":17}},"20":{"start":{"line":42,"column":8},"end":{"line":42,"column":28}},"21":{"start":{"line":44,"column":8},"end":{"line":46,"column":9}},"22":{"start":{"line":45,"column":12},"end":{"line":45,"column":27}}},"fnMap":{"0":{"name":"(anonymous_0)","decl":{"start":{"line":7,"column":49},"end":{"line":7,"column":50}},"loc":{"start":{"line":7,"column":68},"end":{"line":48,"column":1}},"line":7}},"branchMap":{"0":{"loc":{"start":{"line":44,"column":8},"end":{"line":46,"column":9}},"type":"if","locations":[{"start":{"line":44,"column":8},"end":{"line":46,"column":9}},{"start":{},"end":{}}],"line":44}},"s":{"0":1,"1":1,"2":1,"3":1,"4":1,"5":1,"6":1,"7":1,"8":1,"9":1,"10":1,"11":0,"12":0,"13":0,"14":0,"15":0,"16":0,"17":0,"18":0,"19":0,"20":1,"21":1,"22":1},"f":{"0":1},"b":{"0":[1,0]},"inputSourceMap":null,"_coverageSchema":"1a1c01bbd47fc00a2c39e90264f33305004495a9","hash":"53f6e961a04acb2f69a5bdd9b78bd0a6a45b6555"}
,"/Volumes/Almacenamiento/casaVitini/app/node/src/application/administracion/simuladorDePrecios/guardarSimulacion.mjs": {"path":"/Volumes/Almacenamiento/casaVitini/app/node/src/application/administracion/simuladorDePrecios/guardarSimulacion.mjs","statementMap":{"0":{"start":{"line":9,"column":33},"end":{"line":66,"column":1}},"1":{"start":{"line":10,"column":18},"end":{"line":10,"column":29}},"2":{"start":{"line":11,"column":4},"end":{"line":65,"column":5}},"3":{"start":{"line":12,"column":24},"end":{"line":12,"column":39}},"4":{"start":{"line":13,"column":20},"end":{"line":13,"column":42}},"5":{"start":{"line":14,"column":8},"end":{"line":14,"column":29}},"6":{"start":{"line":15,"column":8},"end":{"line":15,"column":23}},"7":{"start":{"line":16,"column":8},"end":{"line":16,"column":21}},"8":{"start":{"line":19,"column":8},"end":{"line":22,"column":10}},"9":{"start":{"line":24,"column":23},"end":{"line":30,"column":10}},"10":{"start":{"line":32,"column":26},"end":{"line":32,"column":47}},"11":{"start":{"line":33,"column":8},"end":{"line":41,"column":9}},"12":{"start":{"line":34,"column":12},"end":{"line":40,"column":14}},"13":{"start":{"line":42,"column":8},"end":{"line":42,"column":43}},"14":{"start":{"line":43,"column":8},"end":{"line":43,"column":23}},"15":{"start":{"line":44,"column":8},"end":{"line":44,"column":40}},"16":{"start":{"line":45,"column":27},"end":{"line":45,"column":54}},"17":{"start":{"line":46,"column":27},"end":{"line":50,"column":10}},"18":{"start":{"line":51,"column":8},"end":{"line":51,"column":45}},"19":{"start":{"line":53,"column":19},"end":{"line":56,"column":9}},"20":{"start":{"line":57,"column":8},"end":{"line":57,"column":17}},"21":{"start":{"line":59,"column":8},"end":{"line":59,"column":44}},"22":{"start":{"line":60,"column":8},"end":{"line":60,"column":28}},"23":{"start":{"line":62,"column":8},"end":{"line":64,"column":9}},"24":{"start":{"line":63,"column":12},"end":{"line":63,"column":27}}},"fnMap":{"0":{"name":"(anonymous_0)","decl":{"start":{"line":9,"column":33},"end":{"line":9,"column":34}},"loc":{"start":{"line":9,"column":52},"end":{"line":66,"column":1}},"line":9}},"branchMap":{"0":{"loc":{"start":{"line":33,"column":8},"end":{"line":41,"column":9}},"type":"if","locations":[{"start":{"line":33,"column":8},"end":{"line":41,"column":9}},{"start":{},"end":{}}],"line":33},"1":{"loc":{"start":{"line":62,"column":8},"end":{"line":64,"column":9}},"type":"if","locations":[{"start":{"line":62,"column":8},"end":{"line":64,"column":9}},{"start":{},"end":{}}],"line":62}},"s":{"0":1,"1":0,"2":0,"3":0,"4":0,"5":0,"6":0,"7":0,"8":0,"9":0,"10":0,"11":0,"12":0,"13":0,"14":0,"15":0,"16":0,"17":0,"18":0,"19":0,"20":0,"21":0,"22":0,"23":0,"24":0},"f":{"0":0},"b":{"0":[0,0],"1":[0,0]},"inputSourceMap":null,"_coverageSchema":"1a1c01bbd47fc00a2c39e90264f33305004495a9","hash":"a5a160b986e15ef68ce6c5b590183a7fd7fccb3b"}
,"/Volumes/Almacenamiento/casaVitini/app/node/src/application/administracion/simuladorDePrecios/alojamiento/insertarAlojamientoEnSimulacion.mjs": {"path":"/Volumes/Almacenamiento/casaVitini/app/node/src/application/administracion/simuladorDePrecios/alojamiento/insertarAlojamientoEnSimulacion.mjs","statementMap":{"0":{"start":{"line":12,"column":47},"end":{"line":76,"column":1}},"1":{"start":{"line":13,"column":4},"end":{"line":73,"column":5}},"2":{"start":{"line":14,"column":24},"end":{"line":14,"column":39}},"3":{"start":{"line":15,"column":20},"end":{"line":15,"column":42}},"4":{"start":{"line":16,"column":8},"end":{"line":16,"column":29}},"5":{"start":{"line":17,"column":8},"end":{"line":17,"column":23}},"6":{"start":{"line":18,"column":8},"end":{"line":18,"column":21}},"7":{"start":{"line":21,"column":30},"end":{"line":28,"column":10}},"8":{"start":{"line":29,"column":31},"end":{"line":35,"column":10}},"9":{"start":{"line":36,"column":8},"end":{"line":39,"column":10}},"10":{"start":{"line":40,"column":8},"end":{"line":40,"column":62}},"11":{"start":{"line":41,"column":40},"end":{"line":44,"column":10}},"12":{"start":{"line":45,"column":8},"end":{"line":48,"column":9}},"13":{"start":{"line":46,"column":22},"end":{"line":46,"column":65}},"14":{"start":{"line":47,"column":12},"end":{"line":47,"column":30}},"15":{"start":{"line":49,"column":8},"end":{"line":49,"column":43}},"16":{"start":{"line":51,"column":33},"end":{"line":54,"column":10}},"17":{"start":{"line":55,"column":8},"end":{"line":55,"column":45}},"18":{"start":{"line":56,"column":35},"end":{"line":59,"column":10}},"19":{"start":{"line":60,"column":30},"end":{"line":60,"column":62}},"20":{"start":{"line":61,"column":8},"end":{"line":61,"column":54}},"21":{"start":{"line":62,"column":41},"end":{"line":62,"column":101}},"22":{"start":{"line":64,"column":8},"end":{"line":69,"column":9}},"23":{"start":{"line":71,"column":8},"end":{"line":71,"column":44}},"24":{"start":{"line":72,"column":8},"end":{"line":72,"column":19}}},"fnMap":{"0":{"name":"(anonymous_0)","decl":{"start":{"line":12,"column":47},"end":{"line":12,"column":48}},"loc":{"start":{"line":12,"column":66},"end":{"line":76,"column":1}},"line":12}},"branchMap":{"0":{"loc":{"start":{"line":45,"column":8},"end":{"line":48,"column":9}},"type":"if","locations":[{"start":{"line":45,"column":8},"end":{"line":48,"column":9}},{"start":{},"end":{}}],"line":45}},"s":{"0":1,"1":0,"2":0,"3":0,"4":0,"5":0,"6":0,"7":0,"8":0,"9":0,"10":0,"11":0,"12":0,"13":0,"14":0,"15":0,"16":0,"17":0,"18":0,"19":0,"20":0,"21":0,"22":0,"23":0,"24":0},"f":{"0":0},"b":{"0":[0,0]},"inputSourceMap":null,"_coverageSchema":"1a1c01bbd47fc00a2c39e90264f33305004495a9","hash":"9404e0bbc485fd9d64c602f2339182f8cd1ad038"}
,"/Volumes/Almacenamiento/casaVitini/app/node/src/application/administracion/simuladorDePrecios/impuestos/eliminarImpuestoEnSimulacion.mjs": {"path":"/Volumes/Almacenamiento/casaVitini/app/node/src/application/administracion/simuladorDePrecios/impuestos/eliminarImpuestoEnSimulacion.mjs","statementMap":{"0":{"start":{"line":10,"column":44},"end":{"line":70,"column":1}},"1":{"start":{"line":11,"column":18},"end":{"line":11,"column":29}},"2":{"start":{"line":12,"column":4},"end":{"line":69,"column":5}},"3":{"start":{"line":13,"column":24},"end":{"line":13,"column":39}},"4":{"start":{"line":14,"column":20},"end":{"line":14,"column":42}},"5":{"start":{"line":15,"column":8},"end":{"line":15,"column":29}},"6":{"start":{"line":16,"column":8},"end":{"line":16,"column":23}},"7":{"start":{"line":17,"column":8},"end":{"line":17,"column":21}},"8":{"start":{"line":19,"column":8},"end":{"line":22,"column":10}},"9":{"start":{"line":24,"column":30},"end":{"line":31,"column":10}},"10":{"start":{"line":33,"column":28},"end":{"line":40,"column":10}},"11":{"start":{"line":42,"column":8},"end":{"line":42,"column":23}},"12":{"start":{"line":43,"column":8},"end":{"line":43,"column":62}},"13":{"start":{"line":44,"column":8},"end":{"line":48,"column":10}},"14":{"start":{"line":50,"column":8},"end":{"line":50,"column":43}},"15":{"start":{"line":52,"column":8},"end":{"line":55,"column":10}},"16":{"start":{"line":56,"column":41},"end":{"line":56,"column":101}},"17":{"start":{"line":57,"column":8},"end":{"line":57,"column":45}},"18":{"start":{"line":58,"column":19},"end":{"line":62,"column":9}},"19":{"start":{"line":63,"column":8},"end":{"line":63,"column":17}},"20":{"start":{"line":65,"column":8},"end":{"line":65,"column":44}},"21":{"start":{"line":66,"column":8},"end":{"line":66,"column":28}},"22":{"start":{"line":68,"column":8},"end":{"line":68,"column":23}}},"fnMap":{"0":{"name":"(anonymous_0)","decl":{"start":{"line":10,"column":44},"end":{"line":10,"column":45}},"loc":{"start":{"line":10,"column":63},"end":{"line":70,"column":1}},"line":10}},"branchMap":{},"s":{"0":1,"1":0,"2":0,"3":0,"4":0,"5":0,"6":0,"7":0,"8":0,"9":0,"10":0,"11":0,"12":0,"13":0,"14":0,"15":0,"16":0,"17":0,"18":0,"19":0,"20":0,"21":0,"22":0},"f":{"0":0},"b":{},"inputSourceMap":null,"_coverageSchema":"1a1c01bbd47fc00a2c39e90264f33305004495a9","hash":"45e68da60ce2fa26083f3ff325f2b7d04f4bfc7c"}
,"/Volumes/Almacenamiento/casaVitini/app/node/src/application/administracion/simuladorDePrecios/impuestos/insertarImpuestoDedicadoEnSimulacion.mjs": {"path":"/Volumes/Almacenamiento/casaVitini/app/node/src/application/administracion/simuladorDePrecios/impuestos/insertarImpuestoDedicadoEnSimulacion.mjs","statementMap":{"0":{"start":{"line":9,"column":52},"end":{"line":111,"column":1}},"1":{"start":{"line":10,"column":4},"end":{"line":110,"column":5}},"2":{"start":{"line":11,"column":24},"end":{"line":11,"column":39}},"3":{"start":{"line":12,"column":20},"end":{"line":12,"column":42}},"4":{"start":{"line":13,"column":8},"end":{"line":13,"column":29}},"5":{"start":{"line":14,"column":8},"end":{"line":14,"column":23}},"6":{"start":{"line":15,"column":8},"end":{"line":15,"column":21}},"7":{"start":{"line":17,"column":8},"end":{"line":20,"column":10}},"8":{"start":{"line":22,"column":30},"end":{"line":29,"column":10}},"9":{"start":{"line":31,"column":31},"end":{"line":38,"column":10}},"10":{"start":{"line":39,"column":29},"end":{"line":45,"column":10}},"11":{"start":{"line":46,"column":31},"end":{"line":52,"column":10}},"12":{"start":{"line":54,"column":39},"end":{"line":62,"column":9}},"13":{"start":{"line":55,"column":31},"end":{"line":55,"column":43}},"14":{"start":{"line":56,"column":34},"end":{"line":56,"column":36}},"15":{"start":{"line":57,"column":12},"end":{"line":60,"column":13}},"16":{"start":{"line":57,"column":25},"end":{"line":57,"column":26}},"17":{"start":{"line":58,"column":40},"end":{"line":58,"column":85}},"18":{"start":{"line":59,"column":16},"end":{"line":59,"column":70}},"19":{"start":{"line":61,"column":12},"end":{"line":61,"column":35}},"20":{"start":{"line":63,"column":8},"end":{"line":63,"column":62}},"21":{"start":{"line":65,"column":35},"end":{"line":78,"column":9}},"22":{"start":{"line":66,"column":35},"end":{"line":66,"column":37}},"23":{"start":{"line":69,"column":12},"end":{"line":76,"column":35}},"24":{"start":{"line":70,"column":48},"end":{"line":70,"column":98}},"25":{"start":{"line":71,"column":16},"end":{"line":71,"column":56}},"26":{"start":{"line":72,"column":16},"end":{"line":75,"column":19}},"27":{"start":{"line":77,"column":12},"end":{"line":77,"column":34}},"28":{"start":{"line":80,"column":31},"end":{"line":80,"column":57}},"29":{"start":{"line":81,"column":27},"end":{"line":89,"column":9}},"30":{"start":{"line":92,"column":8},"end":{"line":92,"column":43}},"31":{"start":{"line":93,"column":8},"end":{"line":96,"column":10}},"32":{"start":{"line":97,"column":41},"end":{"line":97,"column":101}},"33":{"start":{"line":99,"column":8},"end":{"line":99,"column":45}},"34":{"start":{"line":100,"column":19},"end":{"line":105,"column":9}},"35":{"start":{"line":106,"column":8},"end":{"line":106,"column":17}},"36":{"start":{"line":108,"column":8},"end":{"line":108,"column":44}},"37":{"start":{"line":109,"column":8},"end":{"line":109,"column":28}}},"fnMap":{"0":{"name":"(anonymous_0)","decl":{"start":{"line":9,"column":52},"end":{"line":9,"column":53}},"loc":{"start":{"line":9,"column":71},"end":{"line":111,"column":1}},"line":9},"1":{"name":"(anonymous_1)","decl":{"start":{"line":54,"column":39},"end":{"line":54,"column":40}},"loc":{"start":{"line":54,"column":53},"end":{"line":62,"column":9}},"line":54},"2":{"name":"(anonymous_2)","decl":{"start":{"line":65,"column":35},"end":{"line":65,"column":36}},"loc":{"start":{"line":65,"column":47},"end":{"line":78,"column":9}},"line":65}},"branchMap":{},"s":{"0":1,"1":0,"2":0,"3":0,"4":0,"5":0,"6":0,"7":0,"8":0,"9":0,"10":0,"11":0,"12":0,"13":0,"14":0,"15":0,"16":0,"17":0,"18":0,"19":0,"20":0,"21":0,"22":0,"23":0,"24":0,"25":0,"26":0,"27":0,"28":0,"29":0,"30":0,"31":0,"32":0,"33":0,"34":0,"35":0,"36":0,"37":0},"f":{"0":0,"1":0,"2":0},"b":{},"inputSourceMap":null,"_coverageSchema":"1a1c01bbd47fc00a2c39e90264f33305004495a9","hash":"1de84d14e60c9880603f9a9228c8ce457bd22c1e"}
,"/Volumes/Almacenamiento/casaVitini/app/node/src/application/administracion/simuladorDePrecios/impuestos/insertarImpuestoEnSimulacion.mjs": {"path":"/Volumes/Almacenamiento/casaVitini/app/node/src/application/administracion/simuladorDePrecios/impuestos/insertarImpuestoEnSimulacion.mjs","statementMap":{"0":{"start":{"line":10,"column":44},"end":{"line":65,"column":1}},"1":{"start":{"line":11,"column":4},"end":{"line":64,"column":5}},"2":{"start":{"line":12,"column":24},"end":{"line":12,"column":39}},"3":{"start":{"line":13,"column":20},"end":{"line":13,"column":42}},"4":{"start":{"line":14,"column":8},"end":{"line":14,"column":29}},"5":{"start":{"line":15,"column":8},"end":{"line":15,"column":23}},"6":{"start":{"line":16,"column":8},"end":{"line":16,"column":21}},"7":{"start":{"line":18,"column":8},"end":{"line":21,"column":10}},"8":{"start":{"line":23,"column":30},"end":{"line":30,"column":10}},"9":{"start":{"line":32,"column":28},"end":{"line":39,"column":10}},"10":{"start":{"line":40,"column":8},"end":{"line":40,"column":62}},"11":{"start":{"line":41,"column":8},"end":{"line":45,"column":10}},"12":{"start":{"line":47,"column":25},"end":{"line":47,"column":75}},"13":{"start":{"line":48,"column":8},"end":{"line":48,"column":43}},"14":{"start":{"line":49,"column":8},"end":{"line":52,"column":10}},"15":{"start":{"line":53,"column":41},"end":{"line":53,"column":101}},"16":{"start":{"line":54,"column":8},"end":{"line":54,"column":45}},"17":{"start":{"line":55,"column":19},"end":{"line":59,"column":9}},"18":{"start":{"line":60,"column":8},"end":{"line":60,"column":17}},"19":{"start":{"line":62,"column":8},"end":{"line":62,"column":44}},"20":{"start":{"line":63,"column":8},"end":{"line":63,"column":28}}},"fnMap":{"0":{"name":"(anonymous_0)","decl":{"start":{"line":10,"column":44},"end":{"line":10,"column":45}},"loc":{"start":{"line":10,"column":63},"end":{"line":65,"column":1}},"line":10}},"branchMap":{},"s":{"0":1,"1":0,"2":0,"3":0,"4":0,"5":0,"6":0,"7":0,"8":0,"9":0,"10":0,"11":0,"12":0,"13":0,"14":0,"15":0,"16":0,"17":0,"18":0,"19":0,"20":0},"f":{"0":0},"b":{},"inputSourceMap":null,"_coverageSchema":"1a1c01bbd47fc00a2c39e90264f33305004495a9","hash":"50aa227baa2a39ffe5d0b56aa2f2fa0072300092"}
,"/Volumes/Almacenamiento/casaVitini/app/node/src/infraestructure/repository/arquitectura/configuraciones/actualizarEstadoPorApartamentoIDV.mjs": {"path":"/Volumes/Almacenamiento/casaVitini/app/node/src/infraestructure/repository/arquitectura/configuraciones/actualizarEstadoPorApartamentoIDV.mjs","statementMap":{"0":{"start":{"line":3,"column":49},"end":{"line":25,"column":1}},"1":{"start":{"line":4,"column":4},"end":{"line":23,"column":5}},"2":{"start":{"line":5,"column":28},"end":{"line":5,"column":44}},"3":{"start":{"line":6,"column":31},"end":{"line":6,"column":50}},"4":{"start":{"line":8,"column":25},"end":{"line":14,"column":9}},"5":{"start":{"line":15,"column":25},"end":{"line":15,"column":86}},"6":{"start":{"line":16,"column":8},"end":{"line":19,"column":9}},"7":{"start":{"line":17,"column":26},"end":{"line":17,"column":133}},"8":{"start":{"line":18,"column":12},"end":{"line":18,"column":35}},"9":{"start":{"line":20,"column":8},"end":{"line":20,"column":31}},"10":{"start":{"line":22,"column":8},"end":{"line":22,"column":28}}},"fnMap":{"0":{"name":"(anonymous_0)","decl":{"start":{"line":3,"column":49},"end":{"line":3,"column":50}},"loc":{"start":{"line":3,"column":65},"end":{"line":25,"column":1}},"line":3}},"branchMap":{"0":{"loc":{"start":{"line":16,"column":8},"end":{"line":19,"column":9}},"type":"if","locations":[{"start":{"line":16,"column":8},"end":{"line":19,"column":9}},{"start":{},"end":{}}],"line":16}},"s":{"0":1,"1":1,"2":1,"3":1,"4":1,"5":1,"6":1,"7":0,"8":0,"9":1,"10":0},"f":{"0":1},"b":{"0":[0,1]},"inputSourceMap":null,"_coverageSchema":"1a1c01bbd47fc00a2c39e90264f33305004495a9","hash":"654b5efb6eb34c24bd29c22a6209950d3c9751d9"}
,"/Volumes/Almacenamiento/casaVitini/app/node/src/infraestructure/repository/arquitectura/configuraciones/actualizarZonaIDVDeLaConfiguracion.mjs": {"path":"/Volumes/Almacenamiento/casaVitini/app/node/src/infraestructure/repository/arquitectura/configuraciones/actualizarZonaIDVDeLaConfiguracion.mjs","statementMap":{"0":{"start":{"line":3,"column":50},"end":{"line":25,"column":1}},"1":{"start":{"line":4,"column":4},"end":{"line":23,"column":5}},"2":{"start":{"line":5,"column":26},"end":{"line":5,"column":40}},"3":{"start":{"line":6,"column":31},"end":{"line":6,"column":50}},"4":{"start":{"line":8,"column":25},"end":{"line":14,"column":9}},"5":{"start":{"line":15,"column":25},"end":{"line":15,"column":84}},"6":{"start":{"line":16,"column":8},"end":{"line":19,"column":9}},"7":{"start":{"line":17,"column":26},"end":{"line":17,"column":133}},"8":{"start":{"line":18,"column":12},"end":{"line":18,"column":35}},"9":{"start":{"line":20,"column":8},"end":{"line":20,"column":31}},"10":{"start":{"line":22,"column":8},"end":{"line":22,"column":28}}},"fnMap":{"0":{"name":"(anonymous_0)","decl":{"start":{"line":3,"column":50},"end":{"line":3,"column":51}},"loc":{"start":{"line":3,"column":66},"end":{"line":25,"column":1}},"line":3}},"branchMap":{"0":{"loc":{"start":{"line":16,"column":8},"end":{"line":19,"column":9}},"type":"if","locations":[{"start":{"line":16,"column":8},"end":{"line":19,"column":9}},{"start":{},"end":{}}],"line":16}},"s":{"0":1,"1":1,"2":1,"3":1,"4":1,"5":1,"6":1,"7":0,"8":0,"9":1,"10":0},"f":{"0":1},"b":{"0":[0,1]},"inputSourceMap":null,"_coverageSchema":"1a1c01bbd47fc00a2c39e90264f33305004495a9","hash":"bf3b3b00ce99b1ce61cf509fed5561ad76c97d1a"}
,"/Volumes/Almacenamiento/casaVitini/app/node/src/infraestructure/repository/arquitectura/configuraciones/insertarCamasEnHabitacion.mjs": {"path":"/Volumes/Almacenamiento/casaVitini/app/node/src/infraestructure/repository/arquitectura/configuraciones/insertarCamasEnHabitacion.mjs","statementMap":{"0":{"start":{"line":4,"column":40},"end":{"line":24,"column":1}},"1":{"start":{"line":6,"column":26},"end":{"line":6,"column":44}},"2":{"start":{"line":7,"column":20},"end":{"line":7,"column":32}},"3":{"start":{"line":9,"column":4},"end":{"line":23,"column":5}},"4":{"start":{"line":10,"column":25},"end":{"line":18,"column":9}},"5":{"start":{"line":19,"column":25},"end":{"line":19,"column":81}},"6":{"start":{"line":20,"column":8},"end":{"line":20,"column":31}},"7":{"start":{"line":22,"column":8},"end":{"line":22,"column":28}}},"fnMap":{"0":{"name":"(anonymous_0)","decl":{"start":{"line":4,"column":40},"end":{"line":4,"column":41}},"loc":{"start":{"line":4,"column":56},"end":{"line":24,"column":1}},"line":4}},"branchMap":{},"s":{"0":1,"1":1,"2":1,"3":1,"4":1,"5":1,"6":1,"7":0},"f":{"0":1},"b":{},"inputSourceMap":null,"_coverageSchema":"1a1c01bbd47fc00a2c39e90264f33305004495a9","hash":"6b33427c85c655aca86291f0826585febabe0064"}
,"/Volumes/Almacenamiento/casaVitini/app/node/src/infraestructure/repository/arquitectura/configuraciones/insertarConfiguracionApartamento.mjs": {"path":"/Volumes/Almacenamiento/casaVitini/app/node/src/infraestructure/repository/arquitectura/configuraciones/insertarConfiguracionApartamento.mjs","statementMap":{"0":{"start":{"line":3,"column":48},"end":{"line":40,"column":1}},"1":{"start":{"line":4,"column":4},"end":{"line":39,"column":5}},"2":{"start":{"line":6,"column":31},"end":{"line":6,"column":50}},"3":{"start":{"line":7,"column":30},"end":{"line":7,"column":48}},"4":{"start":{"line":8,"column":24},"end":{"line":8,"column":36}},"5":{"start":{"line":10,"column":25},"end":{"line":25,"column":9}},"6":{"start":{"line":26,"column":27},"end":{"line":30,"column":9}},"7":{"start":{"line":31,"column":25},"end":{"line":31,"column":67}},"8":{"start":{"line":32,"column":8},"end":{"line":35,"column":9}},"9":{"start":{"line":33,"column":26},"end":{"line":33,"column":84}},"10":{"start":{"line":34,"column":12},"end":{"line":34,"column":34}},"11":{"start":{"line":36,"column":8},"end":{"line":36,"column":31}},"12":{"start":{"line":38,"column":8},"end":{"line":38,"column":28}}},"fnMap":{"0":{"name":"(anonymous_0)","decl":{"start":{"line":3,"column":48},"end":{"line":3,"column":49}},"loc":{"start":{"line":3,"column":64},"end":{"line":40,"column":1}},"line":3}},"branchMap":{"0":{"loc":{"start":{"line":32,"column":8},"end":{"line":35,"column":9}},"type":"if","locations":[{"start":{"line":32,"column":8},"end":{"line":35,"column":9}},{"start":{},"end":{}}],"line":32}},"s":{"0":1,"1":1,"2":1,"3":1,"4":1,"5":1,"6":1,"7":1,"8":1,"9":0,"10":0,"11":1,"12":0},"f":{"0":1},"b":{"0":[0,1]},"inputSourceMap":null,"_coverageSchema":"1a1c01bbd47fc00a2c39e90264f33305004495a9","hash":"9dad5c1f30a73363975ba9a3b02da6da83600f13"}
,"/Volumes/Almacenamiento/casaVitini/app/node/src/infraestructure/repository/arquitectura/configuraciones/insertarHabitacionEnApartamento.mjs": {"path":"/Volumes/Almacenamiento/casaVitini/app/node/src/infraestructure/repository/arquitectura/configuraciones/insertarHabitacionEnApartamento.mjs","statementMap":{"0":{"start":{"line":3,"column":47},"end":{"line":29,"column":1}},"1":{"start":{"line":4,"column":4},"end":{"line":28,"column":5}},"2":{"start":{"line":6,"column":31},"end":{"line":6,"column":50}},"3":{"start":{"line":7,"column":30},"end":{"line":7,"column":48}},"4":{"start":{"line":9,"column":25},"end":{"line":18,"column":9}},"5":{"start":{"line":20,"column":25},"end":{"line":20,"column":88}},"6":{"start":{"line":21,"column":8},"end":{"line":24,"column":9}},"7":{"start":{"line":22,"column":26},"end":{"line":22,"column":110}},"8":{"start":{"line":23,"column":12},"end":{"line":23,"column":35}},"9":{"start":{"line":25,"column":8},"end":{"line":25,"column":31}},"10":{"start":{"line":27,"column":8},"end":{"line":27,"column":28}}},"fnMap":{"0":{"name":"(anonymous_0)","decl":{"start":{"line":3,"column":47},"end":{"line":3,"column":48}},"loc":{"start":{"line":3,"column":63},"end":{"line":29,"column":1}},"line":3}},"branchMap":{"0":{"loc":{"start":{"line":21,"column":8},"end":{"line":24,"column":9}},"type":"if","locations":[{"start":{"line":21,"column":8},"end":{"line":24,"column":9}},{"start":{},"end":{}}],"line":21}},"s":{"0":1,"1":1,"2":1,"3":1,"4":1,"5":1,"6":1,"7":0,"8":0,"9":1,"10":0},"f":{"0":1},"b":{"0":[0,1]},"inputSourceMap":null,"_coverageSchema":"1a1c01bbd47fc00a2c39e90264f33305004495a9","hash":"bbf62ee94dd5a7377d14ef8ad5cd32c4ed2f98d3"}
,"/Volumes/Almacenamiento/casaVitini/app/node/src/infraestructure/repository/arquitectura/configuraciones/obtenerCamaDeLaHabitacionPorHabitacionUID.mjs": {"path":"/Volumes/Almacenamiento/casaVitini/app/node/src/infraestructure/repository/arquitectura/configuraciones/obtenerCamaDeLaHabitacionPorHabitacionUID.mjs","statementMap":{"0":{"start":{"line":2,"column":57},"end":{"line":19,"column":1}},"1":{"start":{"line":3,"column":4},"end":{"line":18,"column":5}},"2":{"start":{"line":4,"column":30},"end":{"line":4,"column":48}},"3":{"start":{"line":5,"column":24},"end":{"line":5,"column":36}},"4":{"start":{"line":6,"column":25},"end":{"line":13,"column":13}},"5":{"start":{"line":14,"column":25},"end":{"line":14,"column":81}},"6":{"start":{"line":15,"column":8},"end":{"line":15,"column":31}},"7":{"start":{"line":17,"column":8},"end":{"line":17,"column":28}}},"fnMap":{"0":{"name":"(anonymous_0)","decl":{"start":{"line":2,"column":57},"end":{"line":2,"column":58}},"loc":{"start":{"line":2,"column":73},"end":{"line":19,"column":1}},"line":2}},"branchMap":{},"s":{"0":1,"1":1,"2":1,"3":1,"4":1,"5":1,"6":1,"7":0},"f":{"0":1},"b":{},"inputSourceMap":null,"_coverageSchema":"1a1c01bbd47fc00a2c39e90264f33305004495a9","hash":"83e3bcb1a60b204afd3e0e82bcfe385f4b4a5927"}
,"/Volumes/Almacenamiento/casaVitini/app/node/src/infraestructure/repository/arquitectura/configuraciones/obtenerCamasDeLaHabitacionPorHabitacionUID.mjs": {"path":"/Volumes/Almacenamiento/casaVitini/app/node/src/infraestructure/repository/arquitectura/configuraciones/obtenerCamasDeLaHabitacionPorHabitacionUID.mjs","statementMap":{"0":{"start":{"line":3,"column":58},"end":{"line":19,"column":1}},"1":{"start":{"line":4,"column":4},"end":{"line":17,"column":5}},"2":{"start":{"line":5,"column":25},"end":{"line":12,"column":13}},"3":{"start":{"line":13,"column":25},"end":{"line":13,"column":72}},"4":{"start":{"line":14,"column":8},"end":{"line":14,"column":28}},"5":{"start":{"line":16,"column":8},"end":{"line":16,"column":28}}},"fnMap":{"0":{"name":"(anonymous_0)","decl":{"start":{"line":3,"column":58},"end":{"line":3,"column":59}},"loc":{"start":{"line":3,"column":83},"end":{"line":19,"column":1}},"line":3}},"branchMap":{},"s":{"0":1,"1":1,"2":1,"3":1,"4":1,"5":0},"f":{"0":1},"b":{},"inputSourceMap":null,"_coverageSchema":"1a1c01bbd47fc00a2c39e90264f33305004495a9","hash":"179d34ebcffd5d68016ebbf16085c6117396312c"}
,"/Volumes/Almacenamiento/casaVitini/app/node/src/infraestructure/repository/arquitectura/configuraciones/obtenerConfiguracionPorApartamentoIDV.mjs": {"path":"/Volumes/Almacenamiento/casaVitini/app/node/src/infraestructure/repository/arquitectura/configuraciones/obtenerConfiguracionPorApartamentoIDV.mjs","statementMap":{"0":{"start":{"line":3,"column":53},"end":{"line":44,"column":1}},"1":{"start":{"line":4,"column":4},"end":{"line":43,"column":5}},"2":{"start":{"line":7,"column":31},"end":{"line":7,"column":50}},"3":{"start":{"line":8,"column":24},"end":{"line":8,"column":36}},"4":{"start":{"line":9,"column":25},"end":{"line":17,"column":9}},"5":{"start":{"line":18,"column":25},"end":{"line":18,"column":73}},"6":{"start":{"line":19,"column":8},"end":{"line":40,"column":9}},"7":{"start":{"line":22,"column":12},"end":{"line":25,"column":13}},"8":{"start":{"line":23,"column":30},"end":{"line":23,"column":154}},"9":{"start":{"line":24,"column":16},"end":{"line":24,"column":38}},"10":{"start":{"line":26,"column":12},"end":{"line":26,"column":35}},"11":{"start":{"line":28,"column":15},"end":{"line":40,"column":9}},"12":{"start":{"line":29,"column":12},"end":{"line":32,"column":13}},"13":{"start":{"line":30,"column":30},"end":{"line":30,"column":132}},"14":{"start":{"line":31,"column":16},"end":{"line":31,"column":38}},"15":{"start":{"line":33,"column":12},"end":{"line":33,"column":35}},"16":{"start":{"line":35,"column":15},"end":{"line":40,"column":9}},"17":{"start":{"line":36,"column":12},"end":{"line":36,"column":35}},"18":{"start":{"line":38,"column":26},"end":{"line":38,"column":136}},"19":{"start":{"line":39,"column":12},"end":{"line":39,"column":34}},"20":{"start":{"line":42,"column":8},"end":{"line":42,"column":28}}},"fnMap":{"0":{"name":"(anonymous_0)","decl":{"start":{"line":3,"column":53},"end":{"line":3,"column":54}},"loc":{"start":{"line":3,"column":69},"end":{"line":44,"column":1}},"line":3}},"branchMap":{"0":{"loc":{"start":{"line":19,"column":8},"end":{"line":40,"column":9}},"type":"if","locations":[{"start":{"line":19,"column":8},"end":{"line":40,"column":9}},{"start":{"line":28,"column":15},"end":{"line":40,"column":9}}],"line":19},"1":{"loc":{"start":{"line":22,"column":12},"end":{"line":25,"column":13}},"type":"if","locations":[{"start":{"line":22,"column":12},"end":{"line":25,"column":13}},{"start":{},"end":{}}],"line":22},"2":{"loc":{"start":{"line":28,"column":15},"end":{"line":40,"column":9}},"type":"if","locations":[{"start":{"line":28,"column":15},"end":{"line":40,"column":9}},{"start":{"line":35,"column":15},"end":{"line":40,"column":9}}],"line":28},"3":{"loc":{"start":{"line":29,"column":12},"end":{"line":32,"column":13}},"type":"if","locations":[{"start":{"line":29,"column":12},"end":{"line":32,"column":13}},{"start":{},"end":{}}],"line":29},"4":{"loc":{"start":{"line":35,"column":15},"end":{"line":40,"column":9}},"type":"if","locations":[{"start":{"line":35,"column":15},"end":{"line":40,"column":9}},{"start":{"line":37,"column":15},"end":{"line":40,"column":9}}],"line":35}},"s":{"0":1,"1":6,"2":6,"3":6,"4":6,"5":6,"6":6,"7":5,"8":0,"9":0,"10":5,"11":1,"12":1,"13":0,"14":0,"15":1,"16":0,"17":0,"18":0,"19":0,"20":0},"f":{"0":6},"b":{"0":[5,1],"1":[0,5],"2":[1,0],"3":[0,1],"4":[0,0]},"inputSourceMap":null,"_coverageSchema":"1a1c01bbd47fc00a2c39e90264f33305004495a9","hash":"644668f6083e60d84cf02a7986a9a141082278ab"}
,"/Volumes/Almacenamiento/casaVitini/app/node/src/infraestructure/repository/arquitectura/configuraciones/obtenerHabitacionDelApartamentoPorHabitacionIDV.mjs": {"path":"/Volumes/Almacenamiento/casaVitini/app/node/src/infraestructure/repository/arquitectura/configuraciones/obtenerHabitacionDelApartamentoPorHabitacionIDV.mjs","statementMap":{"0":{"start":{"line":3,"column":63},"end":{"line":47,"column":1}},"1":{"start":{"line":4,"column":4},"end":{"line":46,"column":5}},"2":{"start":{"line":5,"column":31},"end":{"line":5,"column":50}},"3":{"start":{"line":6,"column":30},"end":{"line":6,"column":48}},"4":{"start":{"line":7,"column":24},"end":{"line":7,"column":36}},"5":{"start":{"line":8,"column":25},"end":{"line":16,"column":31}},"6":{"start":{"line":18,"column":27},"end":{"line":21,"column":9}},"7":{"start":{"line":23,"column":25},"end":{"line":23,"column":67}},"8":{"start":{"line":24,"column":8},"end":{"line":43,"column":9}},"9":{"start":{"line":25,"column":12},"end":{"line":28,"column":13}},"10":{"start":{"line":26,"column":30},"end":{"line":26,"column":56}},"11":{"start":{"line":27,"column":16},"end":{"line":27,"column":38}},"12":{"start":{"line":29,"column":12},"end":{"line":29,"column":35}},"13":{"start":{"line":31,"column":15},"end":{"line":43,"column":9}},"14":{"start":{"line":32,"column":12},"end":{"line":35,"column":13}},"15":{"start":{"line":33,"column":30},"end":{"line":33,"column":74}},"16":{"start":{"line":34,"column":16},"end":{"line":34,"column":38}},"17":{"start":{"line":36,"column":12},"end":{"line":36,"column":35}},"18":{"start":{"line":38,"column":15},"end":{"line":43,"column":9}},"19":{"start":{"line":39,"column":12},"end":{"line":39,"column":35}},"20":{"start":{"line":41,"column":26},"end":{"line":41,"column":140}},"21":{"start":{"line":42,"column":12},"end":{"line":42,"column":34}},"22":{"start":{"line":45,"column":8},"end":{"line":45,"column":28}}},"fnMap":{"0":{"name":"(anonymous_0)","decl":{"start":{"line":3,"column":63},"end":{"line":3,"column":64}},"loc":{"start":{"line":3,"column":79},"end":{"line":47,"column":1}},"line":3}},"branchMap":{"0":{"loc":{"start":{"line":24,"column":8},"end":{"line":43,"column":9}},"type":"if","locations":[{"start":{"line":24,"column":8},"end":{"line":43,"column":9}},{"start":{"line":31,"column":15},"end":{"line":43,"column":9}}],"line":24},"1":{"loc":{"start":{"line":25,"column":12},"end":{"line":28,"column":13}},"type":"if","locations":[{"start":{"line":25,"column":12},"end":{"line":28,"column":13}},{"start":{},"end":{}}],"line":25},"2":{"loc":{"start":{"line":31,"column":15},"end":{"line":43,"column":9}},"type":"if","locations":[{"start":{"line":31,"column":15},"end":{"line":43,"column":9}},{"start":{"line":38,"column":15},"end":{"line":43,"column":9}}],"line":31},"3":{"loc":{"start":{"line":32,"column":12},"end":{"line":35,"column":13}},"type":"if","locations":[{"start":{"line":32,"column":12},"end":{"line":35,"column":13}},{"start":{},"end":{}}],"line":32},"4":{"loc":{"start":{"line":38,"column":15},"end":{"line":43,"column":9}},"type":"if","locations":[{"start":{"line":38,"column":15},"end":{"line":43,"column":9}},{"start":{"line":40,"column":15},"end":{"line":43,"column":9}}],"line":38}},"s":{"0":1,"1":1,"2":1,"3":1,"4":1,"5":1,"6":1,"7":1,"8":1,"9":0,"10":0,"11":0,"12":0,"13":1,"14":1,"15":0,"16":0,"17":1,"18":0,"19":0,"20":0,"21":0,"22":0},"f":{"0":1},"b":{"0":[0,1],"1":[0,0],"2":[1,0],"3":[0,1],"4":[0,0]},"inputSourceMap":null,"_coverageSchema":"1a1c01bbd47fc00a2c39e90264f33305004495a9","hash":"edee64cd25c6c7e62ea5c14047a71ad41eec7fe5"}
[...]
24},"end":{"line":955,"column":25}},"type":"if","locations":[{"start":{"line":952,"column":24},"end":{"line":955,"column":25}},{"start":{},"end":{}}],"line":952},"164":{"loc":{"start":{"line":971,"column":16},"end":{"line":974,"column":17}},"type":"if","locations":[{"start":{"line":971,"column":16},"end":{"line":974,"column":17}},{"start":{},"end":{}}],"line":971},"165":{"loc":{"start":{"line":975,"column":32},"end":{"line":975,"column":131}},"type":"binary-expr","locations":[{"start":{"line":975,"column":32},"end":{"line":975,"column":54}},{"start":{"line":975,"column":58},"end":{"line":975,"column":91}},{"start":{"line":975,"column":95},"end":{"line":975,"column":131}}],"line":975},"166":{"loc":{"start":{"line":976,"column":16},"end":{"line":979,"column":17}},"type":"if","locations":[{"start":{"line":976,"column":16},"end":{"line":979,"column":17}},{"start":{},"end":{}}],"line":976},"167":{"loc":{"start":{"line":992,"column":12},"end":{"line":995,"column":13}},"type":"if","locations":[{"start":{"line":992,"column":12},"end":{"line":995,"column":13}},{"start":{},"end":{}}],"line":992},"168":{"loc":{"start":{"line":997,"column":12},"end":{"line":1000,"column":13}},"type":"if","locations":[{"start":{"line":997,"column":12},"end":{"line":1000,"column":13}},{"start":{},"end":{}}],"line":997},"169":{"loc":{"start":{"line":1001,"column":12},"end":{"line":1004,"column":13}},"type":"if","locations":[{"start":{"line":1001,"column":12},"end":{"line":1004,"column":13}},{"start":{},"end":{}}],"line":1001},"170":{"loc":{"start":{"line":1013,"column":12},"end":{"line":1029,"column":13}},"type":"if","locations":[{"start":{"line":1013,"column":12},"end":{"line":1029,"column":13}},{"start":{},"end":{}}],"line":1013},"171":{"loc":{"start":{"line":1016,"column":20},"end":{"line":1019,"column":21}},"type":"if","locations":[{"start":{"line":1016,"column":20},"end":{"line":1019,"column":21}},{"start":{},"end":{}}],"line":1016},"172":{"loc":{"start":{"line":1025,"column":16},"end":{"line":1028,"column":17}},"type":"if","locations":[{"start":{"line":1025,"column":16},"end":{"line":1028,"column":17}},{"start":{},"end":{}}],"line":1025},"173":{"loc":{"start":{"line":1038,"column":12},"end":{"line":1041,"column":13}},"type":"if","locations":[{"start":{"line":1038,"column":12},"end":{"line":1041,"column":13}},{"start":{},"end":{}}],"line":1038},"174":{"loc":{"start":{"line":1042,"column":12},"end":{"line":1045,"column":13}},"type":"if","locations":[{"start":{"line":1042,"column":12},"end":{"line":1045,"column":13}},{"start":{},"end":{}}],"line":1042},"175":{"loc":{"start":{"line":1053,"column":12},"end":{"line":1056,"column":13}},"type":"if","locations":[{"start":{"line":1053,"column":12},"end":{"line":1056,"column":13}},{"start":{},"end":{}}],"line":1053},"176":{"loc":{"start":{"line":1058,"column":12},"end":{"line":1061,"column":13}},"type":"if","locations":[{"start":{"line":1058,"column":12},"end":{"line":1061,"column":13}},{"start":{},"end":{}}],"line":1058},"177":{"loc":{"start":{"line":1066,"column":12},"end":{"line":1073,"column":13}},"type":"if","locations":[{"start":{"line":1066,"column":12},"end":{"line":1073,"column":13}},{"start":{"line":1068,"column":19},"end":{"line":1073,"column":13}}],"line":1066},"178":{"loc":{"start":{"line":1068,"column":19},"end":{"line":1073,"column":13}},"type":"if","locations":[{"start":{"line":1068,"column":19},"end":{"line":1073,"column":13}},{"start":{},"end":{}}],"line":1068},"179":{"loc":{"start":{"line":1068,"column":23},"end":{"line":1068,"column":64}},"type":"binary-expr","locations":[{"start":{"line":1068,"column":23},"end":{"line":1068,"column":36}},{"start":{"line":1068,"column":40},"end":{"line":1068,"column":64}}],"line":1068},"180":{"loc":{"start":{"line":1083,"column":16},"end":{"line":1085,"column":17}},"type":"if","locations":[{"start":{"line":1083,"column":16},"end":{"line":1085,"column":17}},{"start":{},"end":{}}],"line":1083},"181":{"loc":{"start":{"line":1087,"column":16},"end":{"line":1089,"column":17}},"type":"if","locations":[{"start":{"line":1087,"column":16},"end":{"line":1089,"column":17}},{"start":{},"end":{}}],"line":1087},"182":{"loc":{"start":{"line":1090,"column":16},"end":{"line":1095,"column":17}},"type":"if","locations":[{"start":{"line":1090,"column":16},"end":{"line":1095,"column":17}},{"start":{"line":1092,"column":23},"end":{"line":1095,"column":17}}],"line":1090},"183":{"loc":{"start":{"line":1090,"column":20},"end":{"line":1090,"column":60}},"type":"binary-expr","locations":[{"start":{"line":1090,"column":20},"end":{"line":1090,"column":43}},{"start":{"line":1090,"column":47},"end":{"line":1090,"column":60}}],"line":1090},"184":{"loc":{"start":{"line":1092,"column":23},"end":{"line":1095,"column":17}},"type":"if","locations":[{"start":{"line":1092,"column":23},"end":{"line":1095,"column":17}},{"start":{},"end":{}}],"line":1092},"185":{"loc":{"start":{"line":1092,"column":27},"end":{"line":1092,"column":63}},"type":"binary-expr","locations":[{"start":{"line":1092,"column":27},"end":{"line":1092,"column":46}},{"start":{"line":1092,"column":50},"end":{"line":1092,"column":63}}],"line":1092},"186":{"loc":{"start":{"line":1097,"column":16},"end":{"line":1100,"column":17}},"type":"if","locations":[{"start":{"line":1097,"column":16},"end":{"line":1100,"column":17}},{"start":{},"end":{}}],"line":1097},"187":{"loc":{"start":{"line":1101,"column":16},"end":{"line":1104,"column":17}},"type":"if","locations":[{"start":{"line":1101,"column":16},"end":{"line":1104,"column":17}},{"start":{},"end":{}}],"line":1101},"188":{"loc":{"start":{"line":1274,"column":16},"end":{"line":1277,"column":17}},"type":"if","locations":[{"start":{"line":1274,"column":16},"end":{"line":1277,"column":17}},{"start":{},"end":{}}],"line":1274},"189":{"loc":{"start":{"line":1308,"column":16},"end":{"line":1311,"column":17}},"type":"if","locations":[{"start":{"line":1308,"column":16},"end":{"line":1311,"column":17}},{"start":{},"end":{}}],"line":1308},"190":{"loc":{"start":{"line":1320,"column":16},"end":{"line":1323,"column":17}},"type":"if","locations":[{"start":{"line":1320,"column":16},"end":{"line":1323,"column":17}},{"start":{},"end":{}}],"line":1320},"191":{"loc":{"start":{"line":1320,"column":20},"end":{"line":1320,"column":87}},"type":"binary-expr","locations":[{"start":{"line":1320,"column":20},"end":{"line":1320,"column":51}},{"start":{"line":1320,"column":55},"end":{"line":1320,"column":87}}],"line":1320},"192":{"loc":{"start":{"line":1330,"column":16},"end":{"line":1333,"column":17}},"type":"if","locations":[{"start":{"line":1330,"column":16},"end":{"line":1333,"column":17}},{"start":{},"end":{}}],"line":1330},"193":{"loc":{"start":{"line":1330,"column":20},"end":{"line":1330,"column":69}},"type":"binary-expr","locations":[{"start":{"line":1330,"column":20},"end":{"line":1330,"column":41}},{"start":{"line":1330,"column":45},"end":{"line":1330,"column":69}}],"line":1330},"194":{"loc":{"start":{"line":1340,"column":16},"end":{"line":1343,"column":17}},"type":"if","locations":[{"start":{"line":1340,"column":16},"end":{"line":1343,"column":17}},{"start":{},"end":{}}],"line":1340},"195":{"loc":{"start":{"line":1356,"column":12},"end":{"line":1358,"column":13}},"type":"if","locations":[{"start":{"line":1356,"column":12},"end":{"line":1358,"column":13}},{"start":{},"end":{}}],"line":1356},"196":{"loc":{"start":{"line":1360,"column":16},"end":{"line":1362,"column":17}},"type":"if","locations":[{"start":{"line":1360,"column":16},"end":{"line":1362,"column":17}},{"start":{},"end":{}}],"line":1360},"197":{"loc":{"start":{"line":1373,"column":20},"end":{"line":1379,"column":21}},"type":"if","locations":[{"start":{"line":1373,"column":20},"end":{"line":1379,"column":21}},{"start":{"line":1375,"column":27},"end":{"line":1379,"column":21}}],"line":1373},"198":{"loc":{"start":{"line":1375,"column":27},"end":{"line":1379,"column":21}},"type":"if","locations":[{"start":{"line":1375,"column":27},"end":{"line":1379,"column":21}},{"start":{"line":1377,"column":27},"end":{"line":1379,"column":21}}],"line":1375},"199":{"loc":{"start":{"line":1377,"column":27},"end":{"line":1379,"column":21}},"type":"if","locations":[{"start":{"line":1377,"column":27},"end":{"line":1379,"column":21}},{"start":{},"end":{}}],"line":1377},"200":{"loc":{"start":{"line":1381,"column":16},"end":{"line":1384,"column":17}},"type":"if","locations":[{"start":{"line":1381,"column":16},"end":{"line":1384,"column":17}},{"start":{},"end":{}}],"line":1381}},"s":{"0":1,"1":0,"2":0,"3":0,"4":0,"5":0,"6":0,"7":0,"8":0,"9":0,"10":0,"11":0,"12":0,"13":0,"14":0,"15":0,"16":0,"17":0,"18":0,"19":0,"20":0,"21":0,"22":0,"23":0,"24":0,"25":0,"26":0,"27":0,"28":0,"29":0,"30":0,"31":0,"32":0,"33":0,"34":0,"35":0,"36":0,"37":0,"38":0,"39":0,"40":0,"41":0,"42":0,"43":0,"44":0,"45":0,"46":0,"47":0,"48":0,"49":0,"50":0,"51":0,"52":0,"53":0,"54":0,"55":0,"56":0,"57":0,"58":0,"59":0,"60":0,"61":0,"62":0,"63":0,"64":0,"65":0,"66":0,"67":0,"68":0,"69":0,"70":0,"71":0,"72":0,"73":0,"74":0,"75":0,"76":0,"77":0,"78":0,"79":0,"80":0,"81":0,"82":0,"83":0,"84":0,"85":0,"86":0,"87":0,"88":0,"89":0,"90":0,"91":0,"92":0,"93":0,"94":0,"95":0,"96":0,"97":0,"98":0,"99":0,"100":0,"101":0,"102":0,"103":0,"104":0,"105":0,"106":0,"107":0,"108":0,"109":0,"110":0,"111":0,"112":0,"113":0,"114":0,"115":0,"116":0,"117":0,"118":0,"119":0,"120":0,"121":0,"122":0,"123":0,"124":0,"125":0,"126":0,"127":0,"128":0,"129":0,"130":0,"131":0,"132":0,"133":0,"134":0,"135":0,"136":0,"137":0,"138":0,"139":0,"140":0,"141":0,"142":0,"143":0,"144":0,"145":0,"146":0,"147":0,"148":0,"149":0,"150":0,"151":0,"152":0,"153":0,"154":0,"155":0,"156":0,"157":0,"158":0,"159":0,"160":0,"161":0,"162":0,"163":0,"164":0,"165":0,"166":0,"167":0,"168":0,"169":0,"170":0,"171":0,"172":0,"173":0,"174":0,"175":0,"176":29,"177":29,"178":29,"179":29,"180":29,"181":29,"182":29,"183":29,"184":29,"185":29,"186":0,"187":29,"188":0,"189":0,"190":29,"191":0,"192":0,"193":29,"194":0,"195":0,"196":29,"197":0,"198":0,"199":29,"200":0,"201":0,"202":29,"203":1,"204":29,"205":0,"206":0,"207":29,"208":0,"209":29,"210":0,"211":0,"212":29,"213":0,"214":0,"215":29,"216":26,"217":29,"218":0,"219":29,"220":0,"221":0,"222":29,"223":3,"224":29,"225":0,"226":29,"227":0,"228":0,"229":0,"230":0,"231":0,"232":0,"233":29,"234":18,"235":18,"236":18,"237":0,"238":0,"239":0,"240":11,"241":0,"242":0,"243":0,"244":0,"245":0,"246":0,"247":11,"248":6,"249":6,"250":6,"251":0,"252":0,"253":0,"254":5,"255":0,"256":0,"257":0,"258":0,"259":0,"260":0,"261":5,"262":0,"263":0,"264":5,"265":0,"266":0,"267":0,"268":5,"269":0,"270":0,"271":5,"272":2,"273":2,"274":2,"275":0,"276":0,"277":2,"278":2,"279":0,"280":0,"281":2,"282":2,"283":0,"284":0,"285":2,"286":1,"287":1,"288":0,"289":0,"290":2,"291":2,"292":0,"293":0,"294":2,"295":1,"296":0,"297":3,"298":3,"299":3,"300":3,"301":0,"302":0,"303":3,"304":3,"305":0,"306":0,"307":3,"308":0,"309":0,"310":0,"311":3,"312":3,"313":0,"314":0,"315":3,"316":3,"317":3,"318":0,"319":0,"320":3,"321":3,"322":0,"323":0,"324":3,"325":3,"326":0,"327":0,"328":0,"329":0,"330":0,"331":0,"332":0,"333":0,"334":0,"335":0,"336":0,"337":0,"338":0,"339":0,"340":0,"341":0,"342":0,"343":29,"344":0,"345":0,"346":0,"347":0,"348":0,"349":0,"350":0,"351":0,"352":0,"353":0,"354":0,"355":0,"356":0,"357":0,"358":0,"359":0,"360":0,"361":0,"362":0,"363":0,"364":0,"365":0,"366":0,"367":0,"368":0,"369":0,"370":0,"371":0,"372":0,"373":0,"374":0,"375":0,"376":0,"377":0,"378":0,"379":0,"380":0,"381":0,"382":0,"383":0,"384":0,"385":0,"386":0,"387":0,"388":0,"389":0,"390":0,"391":0,"392":0,"393":0,"394":0,"395":0,"396":0,"397":0,"398":0,"399":0,"400":0,"401":0,"402":0,"403":0,"404":0,"405":0,"406":0,"407":0,"408":0,"409":0,"410":0,"411":0,"412":0,"413":0,"414":0,"415":0,"416":0,"417":0,"418":0,"419":0,"420":0,"421":0,"422":0,"423":0,"424":0,"425":0,"426":0,"427":0,"428":0,"429":0,"430":0,"431":0,"432":0,"433":0,"434":0,"435":0,"436":0,"437":0,"438":0,"439":0,"440":0,"441":0,"442":0,"443":0,"444":0,"445":0,"446":0,"447":0,"448":0,"449":0,"450":0,"451":0,"452":0,"453":0,"454":0,"455":0,"456":0,"457":0,"458":0,"459":0,"460":0,"461":0,"462":0,"463":0,"464":0,"465":0,"466":0,"467":0,"468":0,"469":0,"470":0,"471":0,"472":0,"473":0,"474":0,"475":0,"476":0,"477":0,"478":0,"479":0,"480":0,"481":0,"482":0,"483":0,"484":0,"485":0,"486":0,"487":0,"488":0,"489":0,"490":0,"491":0,"492":0,"493":0,"494":0,"495":0,"496":0,"497":0,"498":0,"499":0,"500":0,"501":0,"502":0,"503":0,"504":0,"505":0,"506":0,"507":0,"508":0,"509":0,"510":0,"511":0,"512":0,"513":0,"514":0,"515":0,"516":0,"517":0,"518":0,"519":0,"520":0,"521":0,"522":0,"523":0,"524":0,"525":0,"526":0,"527":0,"528":0,"529":0,"530":0,"531":0,"532":0,"533":0,"534":0,"535":0,"536":0,"537":0,"538":0,"539":0,"540":0,"541":0,"542":0,"543":0,"544":0,"545":0,"546":0,"547":0,"548":0,"549":0,"550":0,"551":0,"552":0,"553":0,"554":0,"555":0,"556":0,"557":0,"558":0,"559":0,"560":0,"561":0,"562":0,"563":0,"564":0,"565":0,"566":0,"567":0,"568":0,"569":0,"570":0,"571":0,"572":0,"573":0,"574":0,"575":0,"576":0,"577":0,"578":0,"579":0,"580":0,"581":0,"582":0,"583":0,"584":0,"585":0,"586":0,"587":0,"588":0,"589":0,"590":0,"591":0,"592":0,"593":0,"594":0,"595":0,"596":0,"597":0,"598":0,"599":0,"600":0,"601":0,"602":0,"603":0,"604":0,"605":0,"606":0,"607":0,"608":0,"609":0,"610":0,"611":0,"612":0,"613":0,"614":0,"615":0,"616":0,"617":10,"618":10,"619":10,"620":10,"621":10,"622":0,"623":0,"624":0,"625":0,"626":0,"627":0,"628":10,"629":0,"630":0,"631":0},"f":{"0":0,"1":0,"2":0,"3":0,"4":0,"5":0,"6":0,"7":0,"8":0,"9":0,"10":0,"11":29,"12":0,"13":0,"14":0,"15":0,"16":0,"17":0,"18":0,"19":0,"20":0,"21":0,"22":0,"23":0,"24":0,"25":0,"26":0,"27":0,"28":0,"29":0,"30":0,"31":0,"32":0,"33":0,"34":0,"35":10,"36":0},"b":{"0":[0,0],"1":[0,0],"2":[0,0],"3":[0,0],"4":[0,0],"5":[0,0],"6":[0,0],"7":[0,0],"8":[0,0],"9":[0,0],"10":[0,0],"11":[0,0],"12":[0,0],"13":[0,0],"14":[0,0],"15":[0,0],"16":[0,0],"17":[0,0],"18":[0,0],"19":[0,0],"20":[0,0],"21":[0,0],"22":[0,0],"23":[0,0],"24":[0,0],"25":[0,0],"26":[0,0],"27":[0,0],"28":[0,0],"29":[0,0,0],"30":[0,0],"31":[0,0],"32":[0,0],"33":[0,0],"34":[0,0],"35":[0,0],"36":[0,0],"37":[0,0],"38":[0,0],"39":[29,28],"40":[29,29],"41":[29,26],"42":[29,29],"43":[0,29],"44":[0,29],"45":[0,29],"46":[0,29],"47":[29,0,0],"48":[0,29],"49":[29,0,0],"50":[0,29],"51":[29,29,0,0],"52":[1,28],"53":[0,29],"54":[29,29,0,0],"55":[0,29],"56":[0,29],"57":[29,29,0,0],"58":[0,29],"59":[29,29],"60":[26,3],"61":[0,29],"62":[29,1],"63":[0,29],"64":[29,29],"65":[3,26],"66":[0,29],"67":[0,29],"68":[0,0],"69":[18,11],"70":[0,18],"71":[0,11],"72":[0,0],"73":[6,5],"74":[0,6],"75":[0,5],"76":[0,0],"77":[0,5],"78":[0,5],"79":[0,5],"80":[2,3],"81":[0,2],"82":[0,2],"83":[2,1],"84":[0,2],"85":[2,1],"86":[1,1],"87":[0,1],"88":[0,2],"89":[2,0,0],"90":[1,1],"91":[3,0],"92":[0,3],"93":[0,3],"94":[3,0],"95":[0,3],"96":[0,0],"97":[3,3],"98":[0,3],"99":[3,0],"100":[3,0],"101":[0,3],"102":[0,3],"103":[3,0,0],"104":[3,0],"105":[0,0],"106":[0,0],"107":[0,0],"108":[0,0],"109":[0,0],"110":[0,0],"111":[0,0],"112":[0,0],"113":[0,0],"114":[0,0],"115":[0,0,0],"116":[0,0],"117":[0,0,0],"118":[0,0],"119":[0,0,0,0],"120":[0,0],"121":[0,0],"122":[0,0],"123":[0,0],"124":[0,0],"125":[0,0],"126":[0,0],"127":[0,0],"128":[0,0],"129":[0,0,0],"130":[0,0],"131":[0,0],"132":[0,0],"133":[0,0],"134":[0,0],"135":[0,0],"136":[0,0],"137":[0,0],"138":[0,0],"139":[0,0],"140":[0,0],"141":[0,0],"142":[0,0],"143":[0,0],"144":[0,0],"145":[0,0],"146":[0,0],"147":[0,0],"148":[0,0,0],"149":[0,0],"150":[0,0],"151":[0,0],"152":[0,0],"153":[0,0],"154":[0,0],"155":[0,0],"156":[0,0],"157":[0,0],"158":[0,0],"159":[0,0],"160":[0,0],"161":[0,0],"162":[0,0],"163":[0,0],"164":[0,0],"165":[0,0,0],"166":[0,0],"167":[0,0],"168":[0,0],"169":[0,0],"170":[0,0],"171":[0,0],"172":[0,0],"173":[0,0],"174":[0,0],"175":[0,0],"176":[0,0],"177":[0,0],"178":[0,0],"179":[0,0],"180":[0,0],"181":[0,0],"182":[0,0],"183":[0,0],"184":[0,0],"185":[0,0],"186":[0,0],"187":[0,0],"188":[0,0],"189":[0,0],"190":[0,0],"191":[0,0],"192":[0,0],"193":[0,0],"194":[0,0],"195":[0,0],"196":[0,0],"197":[0,0],"198":[0,0],"199":[0,0],"200":[0,10]},"inputSourceMap":null,"_coverageSchema":"1a1c01bbd47fc00a2c39e90264f33305004495a9","hash":"e09682b15d6f1203210bffa5634b8532aac89263"}
,"/Volumes/Almacenamiento/casaVitini/app/node/testing/sharedUsesCases/makeHostArquitecture.mjs": {"path":"/Volumes/Almacenamiento/casaVitini/app/node/testing/sharedUsesCases/makeHostArquitecture.mjs","statementMap":{"0":{"start":{"line":14,"column":36},"end":{"line":146,"column":1}},"1":{"start":{"line":15,"column":4},"end":{"line":145,"column":5}},"2":{"start":{"line":16,"column":31},"end":{"line":16,"column":50}},"3":{"start":{"line":17,"column":30},"end":{"line":17,"column":48}},"4":{"start":{"line":18,"column":30},"end":{"line":18,"column":48}},"5":{"start":{"line":19,"column":29},"end":{"line":19,"column":46}},"6":{"start":{"line":20,"column":24},"end":{"line":20,"column":36}},"7":{"start":{"line":21,"column":23},"end":{"line":21,"column":34}},"8":{"start":{"line":22,"column":26},"end":{"line":22,"column":40}},"9":{"start":{"line":24,"column":33},"end":{"line":27,"column":9}},"10":{"start":{"line":28,"column":8},"end":{"line":28,"column":60}},"11":{"start":{"line":29,"column":8},"end":{"line":29,"column":46}},"12":{"start":{"line":30,"column":8},"end":{"line":30,"column":58}},"13":{"start":{"line":31,"column":8},"end":{"line":141,"column":9}},"14":{"start":{"line":34,"column":12},"end":{"line":43,"column":14}},"15":{"start":{"line":45,"column":12},"end":{"line":52,"column":14}},"16":{"start":{"line":54,"column":12},"end":{"line":63,"column":14}},"17":{"start":{"line":65,"column":12},"end":{"line":71,"column":14}},"18":{"start":{"line":73,"column":31},"end":{"line":79,"column":13}},"19":{"start":{"line":80,"column":12},"end":{"line":80,"column":72}},"20":{"start":{"line":82,"column":36},"end":{"line":88,"column":14}},"21":{"start":{"line":89,"column":12},"end":{"line":89,"column":57}},"22":{"start":{"line":92,"column":12},"end":{"line":98,"column":14}},"23":{"start":{"line":101,"column":12},"end":{"line":107,"column":14}},"24":{"start":{"line":109,"column":12},"end":{"line":115,"column":14}},"25":{"start":{"line":116,"column":45},"end":{"line":125,"column":14}},"26":{"start":{"line":126,"column":35},"end":{"line":126,"column":79}},"27":{"start":{"line":127,"column":12},"end":{"line":133,"column":14}},"28":{"start":{"line":134,"column":15},"end":{"line":141,"column":9}},"29":{"start":{"line":135,"column":12},"end":{"line":135,"column":64}},"30":{"start":{"line":136,"column":12},"end":{"line":136,"column":50}},"31":{"start":{"line":137,"column":12},"end":{"line":137,"column":62}},"32":{"start":{"line":139,"column":22},"end":{"line":139,"column":51}},"33":{"start":{"line":140,"column":12},"end":{"line":140,"column":30}},"34":{"start":{"line":144,"column":8},"end":{"line":144,"column":19}}},"fnMap":{"0":{"name":"(anonymous_0)","decl":{"start":{"line":14,"column":36},"end":{"line":14,"column":37}},"loc":{"start":{"line":14,"column":52},"end":{"line":146,"column":1}},"line":14}},"branchMap":{"0":{"loc":{"start":{"line":31,"column":8},"end":{"line":141,"column":9}},"type":"if","locations":[{"start":{"line":31,"column":8},"end":{"line":141,"column":9}},{"start":{"line":134,"column":15},"end":{"line":141,"column":9}}],"line":31},"1":{"loc":{"start":{"line":134,"column":15},"end":{"line":141,"column":9}},"type":"if","locations":[{"start":{"line":134,"column":15},"end":{"line":141,"column":9}},{"start":{"line":138,"column":15},"end":{"line":141,"column":9}}],"line":134}},"s":{"0":1,"1":3,"2":3,"3":3,"4":3,"5":3,"6":3,"7":3,"8":3,"9":3,"10":3,"11":3,"12":3,"13":3,"14":1,"15":1,"16":1,"17":1,"18":1,"19":1,"20":1,"21":1,"22":1,"23":1,"24":1,"25":1,"26":1,"27":1,"28":2,"29":2,"30":2,"31":2,"32":0,"33":0,"34":0},"f":{"0":3},"b":{"0":[1,2],"1":[2,0]},"inputSourceMap":null,"_coverageSchema":"1a1c01bbd47fc00a2c39e90264f33305004495a9","hash":"2ec5d2b207be8a21bc7bef3558b20a6ba1ed55db"}
}
