TN:
SF:src/application/administracion/arquitectura/configuraciones/actualizarZonaDeLaConfiguracionApartamento.mjs
FN:7,(anonymous_0)
FNF:1
FNH:1
FNDA:1,(anonymous_0)
DA:7,1
DA:8,1
DA:9,1
DA:11,1
DA:12,1
DA:13,1
DA:14,1
DA:15,1
DA:19,1
DA:21,1
DA:28,1
DA:36,1
DA:37,0
DA:38,0
DA:40,1
DA:44,1
DA:48,1
DA:53,1
DA:56,0
DA:58,1
DA:59,1
LF:21
LH:18
BRDA:36,0,0,0
BRDA:36,0,1,1
BRDA:36,1,0,1
BRDA:36,1,1,1
BRDA:36,1,2,1
BRDA:58,2,0,1
BRDA:58,2,1,0
BRF:7
BRH:5
end_of_record
TN:
SF:src/application/administracion/arquitectura/configuraciones/addCamaToConfiguracionApartamentoHabitacion.mjs
FN:9,(anonymous_0)
FNF:1
FNH:1
FNDA:1,(anonymous_0)
DA:9,1
DA:10,1
DA:11,1
DA:12,1
DA:13,1
DA:14,1
DA:15,1
DA:19,1
DA:28,1
DA:38,1
DA:43,1
DA:44,0
DA:45,0
DA:47,1
DA:48,1
DA:49,1
DA:50,1
DA:51,0
DA:52,0
DA:54,1
DA:55,1
DA:59,1
DA:60,0
DA:61,0
DA:63,1
DA:67,1
DA:68,1
DA:69,0
DA:70,0
DA:72,1
DA:76,1
DA:78,1
DA:79,1
DA:86,1
DA:91,0
LF:35
LH:26
BRDA:43,0,0,0
BRDA:43,0,1,1
BRDA:50,1,0,0
BRDA:50,1,1,1
BRDA:59,2,0,0
BRDA:59,2,1,1
BRDA:68,3,0,0
BRDA:68,3,1,1
BRF:8
BRH:4
end_of_record
TN:
SF:src/application/administracion/arquitectura/configuraciones/addHabitacionToConfiguracionApartamento.mjs
FN:9,(anonymous_0)
FNF:1
FNH:1
FNDA:1,(anonymous_0)
DA:9,1
DA:10,1
DA:11,1
DA:12,1
DA:13,1
DA:14,1
DA:16,1
DA:20,1
DA:27,1
DA:35,1
DA:39,1
DA:40,0
DA:41,0
DA:43,1
DA:47,1
DA:52,1
DA:53,1
DA:59,0
DA:60,0
DA:64,1
DA:68,1
DA:70,1
DA:76,1
DA:80,0
LF:24
LH:19
BRDA:39,0,0,0
BRDA:39,0,1,1
BRF:2
BRH:1
end_of_record
TN:
SF:src/application/administracion/arquitectura/configuraciones/cambiarEstadoConfiguracionAlojamiento.mjs
FN:11,(anonymous_0)
FNF:1
FNH:1
FNDA:1,(anonymous_0)
DA:11,1
DA:12,1
DA:13,1
DA:15,1
DA:16,1
DA:17,1
DA:18,1
DA:22,1
DA:26,1
DA:28,1
DA:35,1
DA:44,1
DA:49,1
DA:50,0
DA:51,0
DA:53,1
DA:55,1
DA:56,1
DA:57,0
DA:58,0
DA:61,1
DA:62,1
DA:63,0
DA:64,0
DA:67,1
DA:68,1
DA:69,1
DA:70,1
DA:71,1
DA:72,1
DA:73,1
DA:77,1
DA:78,1
DA:79,1
DA:80,0
DA:83,1
DA:84,0
DA:85,0
DA:86,0
DA:90,1
DA:91,1
DA:92,0
DA:93,0
DA:95,1
DA:96,0
DA:97,0
DA:102,1
DA:106,1
DA:107,1
DA:111,1
DA:114,0
DA:116,1
LF:52
LH:37
BRDA:49,0,0,0
BRDA:49,0,1,1
BRDA:49,1,0,1
BRDA:49,1,1,0
BRDA:53,2,0,1
BRDA:53,2,1,0
BRDA:56,3,0,0
BRDA:56,3,1,1
BRDA:56,4,0,1
BRDA:56,4,1,1
BRDA:56,4,2,0
BRDA:62,5,0,0
BRDA:62,5,1,1
BRDA:67,6,0,1
BRDA:67,6,1,0
BRDA:79,7,0,0
BRDA:79,7,1,1
BRDA:83,8,0,0
BRDA:83,8,1,1
BRDA:91,9,0,0
BRDA:91,9,1,1
BRDA:95,10,0,0
BRDA:95,10,1,1
BRF:23
BRH:12
end_of_record
TN:
SF:src/application/administracion/arquitectura/configuraciones/crearConfiguracionAlojamiento.mjs
FN:10,(anonymous_0)
FNF:1
FNH:1
FNDA:1,(anonymous_0)
DA:10,1
DA:11,1
DA:12,1
DA:14,1
DA:15,1
DA:16,1
DA:17,1
DA:18,1
DA:22,1
DA:23,1
DA:31,1
DA:35,1
DA:36,0
DA:37,0
DA:40,1
DA:41,1
DA:45,1
DA:50,1
DA:54,1
DA:56,1
DA:60,1
DA:62,0
DA:63,0
DA:65,1
DA:66,1
LF:25
LH:21
BRDA:35,0,0,0
BRDA:35,0,1,1
BRDA:65,1,0,1
BRDA:65,1,1,0
BRF:4
BRH:2
end_of_record
TN:
SF:src/application/administracion/arquitectura/entidades/crearEntidadAlojamiento.mjs
FN:13,(anonymous_0)
FN:65,(anonymous_1)
FN:74,(anonymous_2)
FN:129,(anonymous_3)
FN:141,(anonymous_4)
FN:225,(anonymous_5)
FN:241,(anonymous_6)
FNF:7
FNH:7
FNDA:3,(anonymous_0)
FNDA:1,(anonymous_1)
FNDA:1,(anonymous_2)
FNDA:1,(anonymous_3)
FNDA:1,(anonymous_4)
FNDA:1,(anonymous_5)
FNDA:1,(anonymous_6)
DA:13,1
DA:14,3
DA:15,3
DA:16,3
DA:17,3
DA:18,3
DA:20,3
DA:28,3
DA:29,3
DA:30,1
DA:34,1
DA:42,1
DA:50,1
DA:57,1
DA:65,1
DA:66,1
DA:70,1
DA:71,0
DA:74,1
DA:75,1
DA:77,1
DA:78,1
DA:79,1
DA:81,0
DA:84,1
DA:86,1
DA:87,1
DA:91,1
DA:96,1
DA:102,1
DA:103,1
DA:107,1
DA:108,2
DA:109,1
DA:113,1
DA:121,1
DA:129,1
DA:131,1
DA:135,1
DA:136,0
DA:138,1
DA:141,1
DA:142,1
DA:144,1
DA:145,1
DA:146,1
DA:148,0
DA:151,1
DA:153,1
DA:155,1
DA:160,1
DA:161,0
DA:162,0
DA:165,1
DA:171,1
DA:176,1
DA:178,1
DA:182,1
DA:184,1
DA:185,1
DA:189,1
DA:197,1
DA:206,1
DA:217,1
DA:225,1
DA:226,1
DA:227,1
DA:233,1
DA:234,0
DA:237,0
DA:241,1
DA:242,1
DA:244,1
DA:245,1
DA:246,1
DA:247,0
DA:250,1
DA:252,1
DA:254,1
DA:260,1
DA:265,1
DA:273,1
DA:274,1
DA:278,1
DA:281,0
DA:282,0
DA:285,0
LF:87
LH:75
BRDA:29,0,0,1
BRDA:29,0,1,2
BRDA:43,1,0,1
BRDA:43,1,1,0
BRDA:70,2,0,0
BRDA:70,2,1,1
BRDA:79,3,0,0
BRDA:79,3,1,1
BRDA:108,4,0,1
BRDA:108,4,1,1
BRDA:122,5,0,1
BRDA:122,5,1,0
BRDA:135,6,0,0
BRDA:135,6,1,1
BRDA:146,7,0,0
BRDA:146,7,1,1
BRDA:160,8,0,0
BRDA:160,8,1,1
BRDA:184,9,0,1
BRDA:184,9,1,0
BRDA:198,10,0,1
BRDA:198,10,1,0
BRDA:233,11,0,0
BRDA:233,11,1,1
BRDA:246,12,0,0
BRDA:246,12,1,1
BRF:26
BRH:15
end_of_record
TN:
SF:src/application/administracion/complementosDeAlojamiento/actualizarEstado.mjs
FN:8,(anonymous_0)
FNF:1
FNH:1
FNDA:1,(anonymous_0)
DA:8,1
DA:9,1
DA:10,1
DA:11,1
DA:12,1
DA:13,1
DA:14,1
DA:16,1
DA:18,1
DA:23,1
DA:33,1
DA:41,1
DA:46,1
DA:47,0
DA:48,0
DA:51,1
DA:52,1
DA:53,1
DA:57,1
DA:58,1
DA:62,1
DA:64,0
DA:65,0
DA:67,1
DA:68,1
LF:25
LH:21
BRDA:46,0,0,0
BRDA:46,0,1,1
BRDA:67,1,0,1
BRDA:67,1,1,0
BRF:4
BRH:2
end_of_record
TN:
SF:src/application/administracion/complementosDeAlojamiento/crearComplementoDeAlojamiento.mjs
FN:6,(anonymous_0)
FNF:1
FNH:1
FNDA:1,(anonymous_0)
DA:6,1
DA:7,1
DA:8,1
DA:9,1
DA:10,1
DA:11,1
DA:12,1
DA:14,1
DA:15,1
DA:16,1
DA:23,1
DA:24,1
DA:25,1
DA:27,1
DA:28,1
DA:29,1
DA:30,1
DA:35,1
DA:37,0
DA:38,0
DA:41,0
DA:43,1
DA:44,1
LF:23
LH:20
BRDA:24,0,0,1
BRDA:24,0,1,0
BRDA:29,1,0,1
BRDA:29,1,1,0
BRDA:43,2,0,1
BRDA:43,2,1,0
BRF:6
BRH:3
end_of_record
TN:
SF:src/application/administracion/impuestos/crearNuevoImpuesto.mjs
FN:7,(anonymous_0)
FNF:1
FNH:0
FNDA:0,(anonymous_0)
DA:7,1
DA:8,0
DA:9,0
DA:10,0
DA:11,0
DA:12,0
DA:13,0
DA:15,0
DA:17,0
DA:18,0
DA:19,0
DA:21,0
DA:22,0
DA:23,0
DA:24,0
DA:26,0
DA:27,0
DA:28,0
DA:32,0
DA:34,0
DA:36,0
DA:37,0
LF:22
LH:1
BRDA:22,0,0,0
BRDA:22,0,1,0
BRDA:36,1,0,0
BRDA:36,1,1,0
BRF:4
BRH:0
end_of_record
TN:
SF:src/application/administracion/precios/establecerNuevoPrecioApartamento.mjs
FN:10,(anonymous_0)
FN:79,(anonymous_1)
FNF:2
FNH:2
FNDA:1,(anonymous_0)
FNDA:2,(anonymous_1)
DA:10,1
DA:11,1
DA:12,1
DA:13,1
DA:14,1
DA:15,1
DA:16,1
DA:18,1
DA:19,1
DA:23,1
DA:30,1
DA:39,1
DA:43,1
DA:44,0
DA:45,0
DA:47,1
DA:48,1
DA:52,1
DA:53,1
DA:55,1
DA:60,1
DA:62,1
DA:63,1
DA:64,1
DA:65,1
DA:66,1
DA:67,1
DA:70,1
DA:76,1
DA:78,1
DA:79,1
DA:80,2
DA:81,2
DA:82,2
DA:83,2
DA:85,2
DA:91,2
DA:92,2
DA:93,2
DA:94,2
DA:96,2
DA:97,0
DA:98,0
DA:100,2
DA:102,1
DA:103,1
DA:104,1
DA:105,1
DA:107,1
DA:110,1
DA:112,0
DA:114,1
DA:115,1
LF:53
LH:48
BRDA:43,0,0,0
BRDA:43,0,1,1
BRDA:76,1,0,1
BRDA:76,1,1,0
BRDA:91,2,0,2
BRDA:91,2,1,0
BRDA:96,3,0,0
BRDA:96,3,1,2
BRDA:114,4,0,1
BRDA:114,4,1,0
BRF:10
BRH:5
end_of_record
TN:
SF:src/application/administracion/simuladorDePrecios/actualizarSimulacionPorDataGlobal.mjs
FN:7,(anonymous_0)
FNF:1
FNH:1
FNDA:1,(anonymous_0)
DA:7,1
DA:8,1
DA:9,1
DA:10,1
DA:11,1
DA:12,1
DA:13,1
DA:14,1
DA:16,1
DA:17,1
DA:19,1
DA:20,0
DA:21,0
DA:22,0
DA:23,0
DA:24,0
DA:26,0
DA:34,0
DA:35,0
DA:40,0
DA:42,1
DA:44,1
DA:45,1
LF:23
LH:14
BRDA:44,0,0,1
BRDA:44,0,1,0
BRF:2
BRH:1
end_of_record
TN:
SF:src/application/administracion/simuladorDePrecios/guardarSimulacion.mjs
FN:9,(anonymous_0)
FNF:1
FNH:0
FNDA:0,(anonymous_0)
DA:9,1
DA:10,0
DA:11,0
DA:12,0
DA:13,0
DA:14,0
DA:15,0
DA:16,0
DA:19,0
DA:24,0
DA:32,0
DA:33,0
DA:34,0
DA:42,0
DA:43,0
DA:44,0
DA:45,0
DA:46,0
DA:51,0
DA:53,0
DA:57,0
DA:59,0
DA:60,0
DA:62,0
DA:63,0
LF:25
LH:1
BRDA:33,0,0,0
BRDA:33,0,1,0
BRDA:62,1,0,0
BRDA:62,1,1,0
BRF:4
BRH:0
end_of_record
TN:
SF:src/application/administracion/simuladorDePrecios/alojamiento/insertarAlojamientoEnSimulacion.mjs
FN:12,(anonymous_0)
FNF:1
FNH:0
FNDA:0,(anonymous_0)
DA:12,1
DA:13,0
DA:14,0
DA:15,0
DA:16,0
DA:17,0
DA:18,0
DA:21,0
DA:29,0
DA:36,0
DA:40,0
DA:41,0
DA:45,0
DA:46,0
DA:47,0
DA:49,0
DA:51,0
DA:55,0
DA:56,0
DA:60,0
DA:61,0
DA:62,0
DA:64,0
DA:71,0
DA:72,0
LF:25
LH:1
BRDA:45,0,0,0
BRDA:45,0,1,0
BRF:2
BRH:0
end_of_record
TN:
SF:src/application/administracion/simuladorDePrecios/impuestos/eliminarImpuestoEnSimulacion.mjs
FN:10,(anonymous_0)
FNF:1
FNH:0
FNDA:0,(anonymous_0)
DA:10,1
DA:11,0
DA:12,0
DA:13,0
DA:14,0
DA:15,0
DA:16,0
DA:17,0
DA:19,0
DA:24,0
DA:33,0
DA:42,0
DA:43,0
DA:44,0
DA:50,0
DA:52,0
DA:56,0
DA:57,0
DA:58,0
DA:63,0
DA:65,0
DA:66,0
DA:68,0
LF:23
LH:1
BRF:0
BRH:0
end_of_record
TN:
SF:src/application/administracion/simuladorDePrecios/impuestos/insertarImpuestoDedicadoEnSimulacion.mjs
FN:9,(anonymous_0)
FN:54,(anonymous_1)
FN:65,(anonymous_2)
FNF:3
FNH:0
FNDA:0,(anonymous_0)
FNDA:0,(anonymous_1)
FNDA:0,(anonymous_2)
DA:9,1
DA:10,0
DA:11,0
DA:12,0
DA:13,0
DA:14,0
DA:15,0
DA:17,0
DA:22,0
DA:31,0
DA:39,0
DA:46,0
DA:54,0
DA:55,0
DA:56,0
DA:57,0
DA:58,0
DA:59,0
DA:61,0
DA:63,0
DA:65,0
DA:66,0
DA:69,0
DA:70,0
DA:71,0
DA:72,0
DA:77,0
DA:80,0
DA:81,0
DA:92,0
DA:93,0
DA:97,0
DA:99,0
DA:100,0
DA:106,0
DA:108,0
DA:109,0
LF:37
LH:1
BRF:0
BRH:0
end_of_record
TN:
SF:src/application/administracion/simuladorDePrecios/impuestos/insertarImpuestoEnSimulacion.mjs
FN:10,(anonymous_0)
FNF:1
FNH:0
FNDA:0,(anonymous_0)
DA:10,1
DA:11,0
DA:12,0
DA:13,0
DA:14,0
DA:15,0
DA:16,0
DA:18,0
DA:23,0
DA:32,0
DA:40,0
DA:41,0
DA:47,0
DA:48,0
DA:49,0
DA:53,0
DA:54,0
DA:55,0
DA:60,0
DA:62,0
DA:63,0
LF:21
LH:1
BRF:0
BRH:0
end_of_record
TN:
SF:src/infraestructure/repository/arquitectura/configuraciones/actualizarEstadoPorApartamentoIDV.mjs
FN:3,(anonymous_0)
FNF:1
FNH:1
FNDA:1,(anonymous_0)
DA:3,1
DA:4,1
DA:5,1
DA:6,1
DA:8,1
DA:15,1
DA:16,1
DA:17,0
DA:18,0
DA:20,1
DA:22,0
LF:11
LH:8
BRDA:16,0,0,0
BRDA:16,0,1,1
BRF:2
BRH:1
end_of_record
TN:
SF:src/infraestructure/repository/arquitectura/configuraciones/actualizarZonaIDVDeLaConfiguracion.mjs
FN:3,(anonymous_0)
FNF:1
FNH:1
FNDA:1,(anonymous_0)
DA:3,1
DA:4,1
DA:5,1
DA:6,1
DA:8,1
DA:15,1
DA:16,1
DA:17,0
DA:18,0
DA:20,1
DA:22,0
LF:11
LH:8
BRDA:16,0,0,0
BRDA:16,0,1,1
BRF:2
BRH:1
end_of_record
TN:
SF:src/infraestructure/repository/arquitectura/configuraciones/insertarCamasEnHabitacion.mjs
FN:4,(anonymous_0)
FNF:1
FNH:1
FNDA:1,(anonymous_0)
DA:4,1
DA:6,1
DA:7,1
DA:9,1
DA:10,1
DA:19,1
DA:20,1
DA:22,0
LF:8
LH:7
BRF:0
BRH:0
end_of_record
TN:
SF:src/infraestructure/repository/arquitectura/configuraciones/insertarConfiguracionApartamento.mjs
FN:3,(anonymous_0)
FNF:1
FNH:1
FNDA:1,(anonymous_0)
DA:3,1
DA:4,1
DA:6,1
DA:7,1
DA:8,1
DA:10,1
DA:26,1
DA:31,1
DA:32,1
DA:33,0
DA:34,0
DA:36,1
DA:38,0
LF:13
LH:10
BRDA:32,0,0,0
BRDA:32,0,1,1
BRF:2
BRH:1
end_of_record
TN:
SF:src/infraestructure/repository/arquitectura/configuraciones/insertarHabitacionEnApartamento.mjs
FN:3,(anonymous_0)
FNF:1
FNH:1
FNDA:1,(anonymous_0)
DA:3,1
DA:4,1
DA:6,1
DA:7,1
DA:9,1
DA:20,1
DA:21,1
DA:22,0
DA:23,0
DA:25,1
DA:27,0
LF:11
LH:8
BRDA:21,0,0,0
BRDA:21,0,1,1
BRF:2
BRH:1
end_of_record
TN:
SF:src/infraestructure/repository/arquitectura/configuraciones/obtenerCamaDeLaHabitacionPorHabitacionUID.mjs
FN:2,(anonymous_0)
FNF:1
FNH:1
FNDA:1,(anonymous_0)
DA:2,1
DA:3,1
DA:4,1
DA:5,1
DA:6,1
DA:14,1
DA:15,1
DA:17,0
LF:8
LH:7
BRF:0
BRH:0
end_of_record
TN:
SF:src/infraestructure/repository/arquitectura/configuraciones/obtenerCamasDeLaHabitacionPorHabitacionUID.mjs
FN:3,(anonymous_0)
FNF:1
FNH:1
FNDA:1,(anonymous_0)
DA:3,1
DA:4,1
DA:5,1
DA:13,1
DA:14,1
DA:16,0
LF:6
LH:5
BRF:0
BRH:0
end_of_record
TN:
SF:src/infraestructure/repository/arquitectura/configuraciones/obtenerConfiguracionPorApartamentoIDV.mjs
FN:3,(anonymous_0)
FNF:1
FNH:1
FNDA:6,(anonymous_0)
DA:3,1
DA:4,6
DA:7,6
DA:8,6
DA:9,6
DA:18,6
DA:19,6
DA:22,5
DA:23,0
DA:24,0
DA:26,5
DA:28,1
DA:29,1
DA:30,0
DA:31,0
DA:33,1
DA:35,0
DA:36,0
DA:38,0
DA:39,0
DA:42,0
LF:21
LH:12
BRDA:19,0,0,5
BRDA:19,0,1,1
BRDA:22,1,0,0
BRDA:22,1,1,5
BRDA:28,2,0,1
BRDA:28,2,1,0
BRDA:29,3,0,0
BRDA:29,3,1,1
BRDA:35,4,0,0
BRDA:35,4,1,0
BRF:10
BRH:5
end_of_record
TN:
SF:src/infraestructure/repository/arquitectura/configuraciones/obtenerHabitacionDelApartamentoPorHabitacionIDV.mjs
FN:3,(anonymous_0)
FNF:1
FNH:1
FNDA:1,(anonymous_0)
DA:3,1
DA:4,1
DA:5,1
DA:6,1
DA:7,1
DA:8,1
DA:18,1
DA:23,1
DA:24,1
DA:25,0
DA:26,0
DA:27,0
DA:29,0
DA:31,1
DA:32,1
DA:33,0
DA:34,0
DA:36,1
DA:38,0
DA:39,0
DA:41,0
DA:42,0
DA:45,0
LF:23
LH:12
BRDA:24,0,0,0
BRDA:24,0,1,1
BRDA:25,1,0,0
BRDA:25,1,1,0
BRDA:31,2,0,1
BRDA:31,2,1,0
BRDA:32,3,0,0
BRDA:32,3,1,1
BRDA:38,4,0,0
BRDA:38,4,1,0
BRF:10
BRH:3
end_of_record
TN:
SF:src/infraestructure/repository/arquitectura/configuraciones/obtenerHabitacionDelApartamentoPorHabitacionUID.mjs
FN:3,(anonymous_0)
FNF:1
FNH:1
FNDA:1,(anonymous_0)
DA:3,1
DA:5,1
DA:6,1
DA:12,1
DA:13,1
DA:15,0
LF:6
LH:5
BRF:0
BRH:0
end_of_record
TN:
SF:src/infraestructure/repository/arquitectura/configuraciones/obtenerHabitacionesDelApartamentoPorApartamentoIDV.mjs
FN:3,(anonymous_0)
FNF:1
FNH:1
FNDA:1,(anonymous_0)
DA:3,1
DA:4,1
DA:5,1
DA:13,1
DA:14,1
DA:16,0
LF:6
LH:5
BRF:0
BRH:0
end_of_record
TN:
SF:src/infraestructure/repository/arquitectura/entidades/apartamento/eliminarApartamentoComoEntidad.mjs
FN:3,(anonymous_0)
FNF:1
FNH:1
FNDA:5,(anonymous_0)
DA:3,1
DA:4,5
DA:6,5
DA:11,5
DA:12,5
DA:14,0
LF:6
LH:5
BRF:0
BRH:0
end_of_record
TN:
SF:src/infraestructure/repository/arquitectura/entidades/apartamento/insertarApartamentoComoEntidad.mjs
FN:3,(anonymous_0)
FNF:1
FNH:1
FNDA:1,(anonymous_0)
DA:3,1
DA:4,1
DA:6,1
DA:7,1
DA:8,1
DA:9,1
DA:11,1
DA:25,1
DA:31,1
DA:32,1
DA:33,0
DA:34,0
DA:36,1
DA:38,0
LF:14
LH:11
BRDA:32,0,0,0
BRDA:32,0,1,1
BRF:2
BRH:1
end_of_record
TN:
SF:src/infraestructure/repository/arquitectura/entidades/apartamento/obtenerApartamentoComoEntidadPorApartamentoIDV.mjs
FN:3,(anonymous_0)
FNF:1
FNH:1
FNDA:5,(anonymous_0)
DA:3,1
DA:4,5
DA:5,5
DA:6,5
DA:7,5
DA:12,5
DA:13,5
DA:14,3
DA:15,0
DA:16,0
DA:18,3
DA:20,2
DA:21,1
DA:22,0
DA:23,0
DA:25,1
DA:27,1
DA:28,1
DA:30,0
DA:31,0
DA:34,0
LF:21
LH:14
BRDA:13,0,0,3
BRDA:13,0,1,2
BRDA:14,1,0,0
BRDA:14,1,1,3
BRDA:20,2,0,1
BRDA:20,2,1,1
BRDA:21,3,0,0
BRDA:21,3,1,1
BRDA:27,4,0,1
BRDA:27,4,1,0
BRF:10
BRH:7
end_of_record
TN:
SF:src/infraestructure/repository/arquitectura/entidades/apartamento/obtenerApartamentoComoEntidadPorApartamentoUI.mjs
FN:3,(anonymous_0)
FNF:1
FNH:1
FNDA:1,(anonymous_0)
DA:3,1
DA:4,1
DA:5,1
DA:6,1
DA:8,1
DA:13,1
DA:14,1
DA:15,0
DA:16,0
DA:17,0
DA:19,0
DA:21,1
DA:22,1
DA:23,0
DA:24,0
DA:26,1
DA:27,0
DA:28,0
DA:30,0
DA:31,0
DA:34,0
LF:21
LH:10
BRDA:14,0,0,0
BRDA:14,0,1,1
BRDA:15,1,0,0
BRDA:15,1,1,0
BRDA:21,2,0,1
BRDA:21,2,1,0
BRDA:22,3,0,0
BRDA:22,3,1,1
BRDA:27,4,0,0
BRDA:27,4,1,0
BRF:10
BRH:3
end_of_record
TN:
SF:src/infraestructure/repository/arquitectura/entidades/cama/eliminarCamaComoEntidad.mjs
FN:3,(anonymous_0)
FNF:1
FNH:1
FNDA:5,(anonymous_0)
DA:3,1
DA:5,5
DA:6,5
DA:10,5
DA:11,5
DA:13,0
LF:6
LH:5
BRF:0
BRH:0
end_of_record
TN:
SF:src/infraestructure/repository/arquitectura/entidades/cama/insertarCamaComoEntidad.mjs
FN:3,(anonymous_0)
FNF:1
FNH:1
FNDA:1,(anonymous_0)
DA:3,1
DA:5,1
DA:6,1
DA:7,1
DA:8,1
DA:9,1
DA:11,1
DA:12,1
DA:31,1
DA:38,1
DA:39,1
DA:40,0
DA:41,0
DA:43,1
DA:45,0
LF:15
LH:12
BRDA:39,0,0,0
BRDA:39,0,1,1
BRF:2
BRH:1
end_of_record
TN:
SF:src/infraestructure/repository/arquitectura/entidades/cama/obtenerCamaComoEntidadPorCamaIDVPorTipoIDV.mjs
FN:2,(anonymous_0)
FNF:1
FNH:1
FNDA:3,(anonymous_0)
DA:2,1
DA:3,3
DA:4,3
DA:5,3
DA:6,3
DA:8,3
DA:9,0
DA:10,0
DA:12,3
DA:13,0
DA:14,0
DA:16,3
DA:23,3
DA:27,3
DA:28,3
DA:29,1
DA:30,0
DA:31,0
DA:33,1
DA:34,2
DA:35,1
DA:36,0
DA:37,0
DA:39,1
DA:40,1
DA:41,1
DA:43,0
DA:44,0
DA:47,0
LF:29
LH:18
BRDA:8,0,0,0
BRDA:8,0,1,3
BRDA:12,1,0,0
BRDA:12,1,1,3
BRDA:28,2,0,1
BRDA:28,2,1,2
BRDA:29,3,0,0
BRDA:29,3,1,1
BRDA:34,4,0,1
BRDA:34,4,1,1
BRDA:35,5,0,0
BRDA:35,5,1,1
BRDA:40,6,0,1
BRDA:40,6,1,0
BRF:14
BRH:9
end_of_record
TN:
SF:src/infraestructure/repository/arquitectura/entidades/cama/obtenerCamaComoEntidadPorCamaUI.mjs
FN:2,(anonymous_0)
FNF:1
FNH:1
FNDA:1,(anonymous_0)
DA:2,1
DA:3,1
DA:4,1
DA:5,1
DA:6,1
DA:11,1
DA:12,1
DA:13,0
DA:14,0
DA:15,0
DA:17,0
DA:18,1
DA:19,1
DA:20,0
DA:21,0
DA:23,1
DA:24,0
DA:25,0
DA:27,0
DA:28,0
DA:31,0
LF:21
LH:10
BRDA:12,0,0,0
BRDA:12,0,1,1
BRDA:13,1,0,0
BRDA:13,1,1,0
BRDA:18,2,0,1
BRDA:18,2,1,0
BRDA:19,3,0,0
BRDA:19,3,1,1
BRDA:24,4,0,0
BRDA:24,4,1,0
BRF:10
BRH:3
end_of_record
TN:
SF:src/infraestructure/repository/arquitectura/entidades/habitacion/eliminarHabitacionComoEntidad.mjs
FN:3,(anonymous_0)
FNF:1
FNH:1
FNDA:5,(anonymous_0)
DA:3,1
DA:4,5
DA:5,5
DA:10,5
DA:11,5
DA:13,0
LF:6
LH:5
BRF:0
BRH:0
end_of_record
TN:
SF:src/infraestructure/repository/arquitectura/entidades/habitacion/insertarHabitacionComoEntidad.mjs
FN:3,(anonymous_0)
FNF:1
FNH:1
FNDA:1,(anonymous_0)
DA:3,1
DA:5,1
DA:6,1
DA:8,1
DA:9,1
DA:23,1
DA:24,1
DA:25,0
DA:26,0
DA:28,1
DA:30,0
LF:11
LH:8
BRDA:24,0,0,0
BRDA:24,0,1,1
BRF:2
BRH:1
end_of_record
TN:
SF:src/infraestructure/repository/arquitectura/entidades/habitacion/obtenerHabitacionComoEntidadPorHabitacionIDV.mjs
FN:3,(anonymous_0)
FNF:1
FNH:1
FNDA:4,(anonymous_0)
DA:3,1
DA:4,4
DA:5,4
DA:6,4
DA:7,4
DA:12,4
DA:13,4
DA:14,2
DA:15,0
DA:16,0
DA:18,2
DA:20,2
DA:21,1
DA:22,0
DA:23,0
DA:25,1
DA:27,1
DA:28,1
DA:30,0
DA:31,0
DA:34,0
LF:21
LH:14
BRDA:13,0,0,2
BRDA:13,0,1,2
BRDA:14,1,0,0
BRDA:14,1,1,2
BRDA:20,2,0,1
BRDA:20,2,1,1
BRDA:21,3,0,0
BRDA:21,3,1,1
BRDA:27,4,0,1
BRDA:27,4,1,0
BRF:10
BRH:7
end_of_record
TN:
SF:src/infraestructure/repository/arquitectura/entidades/habitacion/obtenerHabitacionComoEntidadPorHabitacionUI.mjs
FN:3,(anonymous_0)
FNF:1
FNH:1
FNDA:1,(anonymous_0)
DA:3,1
DA:4,1
DA:5,1
DA:6,1
DA:7,1
DA:12,1
DA:13,1
DA:14,0
DA:15,0
DA:16,0
DA:18,0
DA:20,1
DA:21,1
DA:22,0
DA:23,0
DA:25,1
DA:27,0
DA:28,0
DA:30,0
DA:31,0
DA:34,0
LF:21
LH:10
BRDA:13,0,0,0
BRDA:13,0,1,1
BRDA:14,1,0,0
BRDA:14,1,1,0
BRDA:20,2,0,1
BRDA:20,2,1,0
BRDA:21,3,0,0
BRDA:21,3,1,1
BRDA:27,4,0,0
BRDA:27,4,1,0
BRF:10
BRH:3
end_of_record
TN:
SF:src/infraestructure/repository/bloqueos/eliminarBloqueoPorFechaActual.mjs
FN:3,(anonymous_0)
FNF:1
FNH:0
FNDA:0,(anonymous_0)
DA:3,1
DA:4,0
DA:5,0
DA:10,0
DA:11,0
DA:13,0
LF:6
LH:1
BRF:0
BRH:0
end_of_record
TN:
SF:src/infraestructure/repository/clientes/obtenerClientesPorPasaporte.mjs
FN:2,(anonymous_0)
FNF:1
FNH:0
FNDA:0,(anonymous_0)
DA:2,1
DA:3,0
DA:4,0
DA:5,0
DA:6,0
DA:13,0
DA:14,0
DA:15,0
DA:16,0
DA:17,0
DA:19,0
DA:21,0
DA:22,0
DA:23,0
DA:24,0
DA:26,0
DA:27,0
DA:28,0
DA:30,0
DA:31,0
DA:34,0
LF:21
LH:1
BRDA:14,0,0,0
BRDA:14,0,1,0
BRDA:15,1,0,0
BRDA:15,1,1,0
BRDA:21,2,0,0
BRDA:21,2,1,0
BRDA:22,3,0,0
BRDA:22,3,1,0
BRDA:27,4,0,0
BRDA:27,4,1,0
BRF:10
BRH:0
end_of_record
TN:
SF:src/infraestructure/repository/clientes/obtenerClientesPorPasaporteIgnorandoClienteUID.mjs
FN:2,(anonymous_0)
FNF:1
FNH:0
FNDA:0,(anonymous_0)
DA:2,1
DA:3,0
DA:4,0
DA:5,0
DA:6,0
DA:7,0
DA:17,0
DA:22,0
DA:23,0
DA:24,0
DA:25,0
DA:26,0
DA:28,0
DA:30,0
DA:32,0
DA:33,0
DA:34,0
DA:36,0
DA:37,0
DA:38,0
DA:40,0
DA:41,0
DA:44,0
LF:23
LH:1
BRDA:23,0,0,0
BRDA:23,0,1,0
BRDA:24,1,0,0
BRDA:24,1,1,0
BRDA:30,2,0,0
BRDA:30,2,1,0
BRDA:32,3,0,0
BRDA:32,3,1,0
BRDA:37,4,0,0
BRDA:37,4,1,0
BRF:10
BRH:0
end_of_record
TN:
SF:src/infraestructure/repository/complementosDeAlojamiento/actualizarEstadoIDVPorComplementoUID.mjs
FN:2,(anonymous_0)
FNF:1
FNH:1
FNDA:1,(anonymous_0)
DA:2,1
DA:3,1
DA:5,1
DA:6,1
DA:8,1
DA:14,1
DA:18,1
DA:19,1
DA:20,0
DA:21,0
DA:23,1
DA:25,0
LF:12
LH:9
BRDA:19,0,0,0
BRDA:19,0,1,1
BRF:2
BRH:1
end_of_record
TN:
SF:src/infraestructure/repository/complementosDeAlojamiento/insertarComplemento.mjs
FN:2,(anonymous_0)
FNF:1
FNH:1
FNDA:1,(anonymous_0)
DA:2,1
DA:3,1
DA:4,1
DA:5,1
DA:6,1
DA:7,1
DA:8,1
DA:9,1
DA:10,1
DA:12,1
DA:28,1
DA:37,1
DA:38,1
DA:40,0
LF:14
LH:13
BRF:0
BRH:0
end_of_record
TN:
SF:src/infraestructure/repository/complementosDeAlojamiento/obtenerComplementoPorComplementoUID.mjs
FN:2,(anonymous_0)
FNF:1
FNH:1
FNDA:1,(anonymous_0)
DA:2,1
DA:3,1
DA:4,1
DA:11,1
DA:12,1
DA:13,0
DA:14,0
DA:16,1
DA:19,0
LF:9
LH:6
BRDA:12,0,0,0
BRDA:12,0,1,1
BRF:2
BRH:1
end_of_record
TN:
SF:src/infraestructure/repository/comportamientoDePrecios/obtenerComportamientosPorCreacionPorFechaCracion.mjs
FN:3,(anonymous_0)
FNF:1
FNH:0
FNDA:0,(anonymous_0)
DA:3,1
DA:4,0
DA:5,0
DA:6,0
DA:7,0
DA:8,0
DA:9,0
DA:10,0
DA:12,0
DA:61,0
DA:70,0
DA:71,0
DA:73,0
LF:13
LH:1
BRF:0
BRH:0
end_of_record
TN:
SF:src/infraestructure/repository/comportamientoDePrecios/obtenerComportamientosPorDiasPorTipoIDV.mjs
FN:3,(anonymous_0)
FNF:1
FNH:0
FNDA:0,(anonymous_0)
DA:3,1
DA:4,0
DA:5,0
DA:6,0
DA:7,0
DA:8,0
DA:9,0
DA:33,0
DA:40,0
DA:42,0
DA:44,0
LF:11
LH:1
BRF:0
BRH:0
end_of_record
TN:
SF:src/infraestructure/repository/comportamientoDePrecios/obtenerComportamientosPorRangoPorTipoIDV.mjs
FN:3,(anonymous_0)
FNF:1
FNH:0
FNDA:0,(anonymous_0)
DA:3,1
DA:4,0
DA:5,0
DA:6,0
DA:7,0
DA:8,0
DA:9,0
DA:11,0
DA:53,0
DA:60,0
DA:61,0
DA:63,0
LF:12
LH:1
BRF:0
BRH:0
end_of_record
TN:
SF:src/infraestructure/repository/configuracion/parConfiguracion/obtenerParConfiguracion.mjs
FN:3,(anonymous_0)
FN:18,(anonymous_1)
FNF:2
FNH:0
FNDA:0,(anonymous_0)
FNDA:0,(anonymous_1)
DA:3,1
DA:4,0
DA:5,0
DA:15,0
DA:17,0
DA:18,0
DA:19,0
DA:20,0
DA:21,0
DA:25,0
DA:27,0
LF:11
LH:1
BRF:0
BRH:0
end_of_record
TN:
SF:src/infraestructure/repository/globales/campoDeTransaccion.mjs
FN:3,(anonymous_0)
FNF:1
FNH:1
FNDA:4,(anonymous_0)
DA:3,1
DA:4,4
DA:5,4
DA:6,2
DA:7,2
DA:8,2
DA:9,0
DA:10,0
DA:12,0
DA:13,0
DA:16,0
DA:17,0
LF:12
LH:6
BRDA:5,0,0,2
BRDA:5,0,1,2
BRDA:7,1,0,2
BRDA:7,1,1,0
BRDA:9,2,0,0
BRDA:9,2,1,0
BRF:6
BRH:3
end_of_record
TN:
SF:src/infraestructure/repository/globales/db.mjs
FN:32,(anonymous_0)
FNF:1
FNH:0
FNDA:0,(anonymous_0)
DA:3,1
DA:5,1
DA:6,1
DA:7,1
DA:9,1
DA:10,1
DA:11,1
DA:12,1
DA:13,1
DA:14,1
DA:15,1
DA:16,1
DA:17,1
DA:18,0
DA:19,0
DA:20,0
DA:21,0
DA:22,0
DA:23,0
DA:24,0
DA:25,0
DA:26,0
DA:28,0
DA:29,0
DA:31,1
DA:32,1
DA:33,0
LF:27
LH:15
BRDA:7,0,0,1
BRDA:7,0,1,0
BRDA:9,1,0,1
BRDA:9,1,1,0
BRDA:18,2,0,0
BRDA:18,2,1,0
BRF:6
BRH:2
end_of_record
TN:
SF:src/infraestructure/repository/globales/obtenerNombreColumnaPorTabla.mjs
FN:3,(anonymous_0)
FNF:1
FNH:0
FNDA:0,(anonymous_0)
DA:3,1
DA:4,0
DA:6,0
DA:7,0
DA:9,0
DA:19,0
DA:23,0
DA:24,0
DA:26,0
LF:9
LH:1
BRF:0
BRH:0
end_of_record
TN:
SF:src/infraestructure/repository/impuestos/eliminarImpuestoPorTestingVI.mjs
FN:3,(anonymous_0)
FNF:1
FNH:1
FNDA:2,(anonymous_0)
DA:3,1
DA:4,2
DA:5,2
DA:9,2
DA:10,2
DA:12,0
LF:6
LH:5
BRF:0
BRH:0
end_of_record
TN:
SF:src/infraestructure/repository/impuestos/insertarImpuesto.mjs
FN:3,(anonymous_0)
FNF:1
FNH:0
FNDA:0,(anonymous_0)
DA:3,1
DA:4,0
DA:5,0
DA:6,0
DA:7,0
DA:8,0
DA:9,0
DA:10,0
DA:12,0
DA:25,0
DA:33,0
DA:34,0
DA:35,0
DA:36,0
DA:38,0
DA:40,0
LF:16
LH:1
BRDA:34,0,0,0
BRDA:34,0,1,0
BRF:2
BRH:0
end_of_record
TN:
SF:src/infraestructure/repository/impuestos/obtenerImpuestosPorAplicacionIDVPorEstado.mjs
FN:3,(anonymous_0)
FNF:1
FNH:0
FNDA:0,(anonymous_0)
DA:3,1
DA:4,0
DA:5,0
DA:6,0
DA:7,0
DA:15,0
DA:19,0
DA:20,0
DA:22,0
LF:9
LH:1
BRF:0
BRH:0
end_of_record
TN:
SF:src/infraestructure/repository/impuestos/obtenerImpuestosPorEntidadIDV.mjs
FN:3,(anonymous_0)
FNF:1
FNH:1
FNDA:1,(anonymous_0)
DA:3,1
DA:4,1
DA:5,1
DA:6,1
DA:7,1
DA:17,1
DA:21,1
DA:22,1
DA:24,0
LF:9
LH:8
BRF:0
BRH:0
end_of_record
TN:
SF:src/infraestructure/repository/impuestos/obtenerImpuestosPorImpuestoUID.mjs
FN:3,(anonymous_0)
FNF:1
FNH:0
FNDA:0,(anonymous_0)
DA:3,1
DA:4,0
DA:5,0
DA:13,0
DA:14,0
DA:15,0
DA:16,0
DA:18,0
DA:20,0
LF:9
LH:1
BRDA:14,0,0,0
BRDA:14,0,1,0
BRF:2
BRH:0
end_of_record
TN:
SF:src/infraestructure/repository/impuestos/obtenerImpuestosPorNombreDelImpuesto.mjs
FN:3,(anonymous_0)
FNF:1
FNH:0
FNDA:0,(anonymous_0)
DA:3,1
DA:4,0
DA:5,0
DA:11,0
DA:12,0
DA:14,0
LF:6
LH:1
BRF:0
BRH:0
end_of_record
TN:
SF:src/infraestructure/repository/ofertas/eliminarOfertaPorTestingVI.mjs
FN:2,(anonymous_0)
FNF:1
FNH:1
FNDA:1,(anonymous_0)
DA:2,1
DA:3,1
DA:4,1
DA:8,1
DA:9,1
DA:11,0
LF:6
LH:5
BRF:0
BRH:0
end_of_record
TN:
SF:src/infraestructure/repository/ofertas/perfiles/obtenerOfertasPorArrayUID.mjs
FN:3,(anonymous_0)
FNF:1
FNH:0
FNDA:0,(anonymous_0)
DA:3,1
DA:4,0
DA:5,0
DA:18,0
DA:31,0
DA:34,0
DA:35,0
DA:37,0
LF:8
LH:1
BRF:0
BRH:0
end_of_record
TN:
SF:src/infraestructure/repository/ofertas/perfiles/obtenerOfertasPorEntidadPorOfertaUID.mjs
FN:3,(anonymous_0)
FNF:1
FNH:0
FNDA:0,(anonymous_0)
DA:3,1
DA:4,0
DA:6,0
DA:7,0
DA:8,0
DA:27,0
DA:31,0
DA:32,0
DA:33,0
DA:34,0
DA:37,0
DA:39,0
LF:12
LH:1
BRDA:32,0,0,0
BRDA:32,0,1,0
BRF:2
BRH:0
end_of_record
TN:
SF:src/infraestructure/repository/ofertas/perfiles/obtenerOfertasPorRangoActualPorEstado.mjs
FN:3,(anonymous_0)
FNF:1
FNH:0
FNDA:0,(anonymous_0)
DA:3,1
DA:4,0
DA:6,0
DA:7,0
DA:8,0
DA:9,0
DA:10,0
DA:32,0
DA:38,0
DA:39,0
DA:41,0
LF:11
LH:1
BRF:0
BRH:0
end_of_record
TN:
SF:src/infraestructure/repository/precios/actualizarPerfilPrecioPorApartamentoUID.mjs
FN:3,(anonymous_0)
FNF:1
FNH:1
FNDA:1,(anonymous_0)
DA:3,1
DA:4,1
DA:5,1
DA:6,1
DA:8,1
DA:13,1
DA:17,1
DA:18,1
DA:19,0
DA:20,0
DA:22,1
DA:24,0
LF:12
LH:9
BRDA:18,0,0,0
BRDA:18,0,1,1
BRF:2
BRH:1
end_of_record
TN:
SF:src/infraestructure/repository/precios/insertarPerfilPrecio.mjs
FN:3,(anonymous_0)
FNF:1
FNH:1
FNDA:1,(anonymous_0)
DA:3,1
DA:4,1
DA:6,1
DA:7,1
DA:9,1
DA:24,1
DA:28,1
DA:29,1
DA:30,0
DA:31,0
DA:33,1
DA:35,0
LF:12
LH:9
BRDA:29,0,0,0
BRDA:29,0,1,1
BRF:2
BRH:1
end_of_record
TN:
SF:src/infraestructure/repository/precios/obtenerPerfilPrecioPorApartamentoIDV.mjs
FN:3,(anonymous_0)
FNF:1
FNH:1
FNDA:2,(anonymous_0)
DA:3,1
DA:4,2
DA:5,2
DA:10,2
DA:11,2
DA:12,0
DA:13,0
DA:15,2
DA:17,0
LF:9
LH:6
BRDA:11,0,0,0
BRDA:11,0,1,2
BRF:2
BRH:1
end_of_record
TN:
SF:src/infraestructure/repository/reservas/apartamentos/obtenerApartamentosDeLaReservaPorReservaUID.mjs
FN:3,(anonymous_0)
FNF:1
FNH:0
FNDA:0,(anonymous_0)
DA:3,1
DA:4,0
DA:5,0
DA:10,0
DA:11,0
DA:13,0
LF:6
LH:1
BRF:0
BRH:0
end_of_record
TN:
SF:src/infraestructure/repository/reservas/complementosAlojamiento/obtenerComplementosAlojamientoPorReservaUID.mjs
FN:2,(anonymous_0)
FNF:1
FNH:0
FNDA:0,(anonymous_0)
DA:2,1
DA:3,0
DA:4,0
DA:11,0
DA:12,0
DA:14,0
LF:6
LH:1
BRF:0
BRH:0
end_of_record
TN:
SF:src/infraestructure/repository/reservas/reserva/obtenerNumeroTotalReservas.mjs
FN:3,(anonymous_0)
FNF:1
FNH:0
FNDA:0,(anonymous_0)
DA:3,1
DA:4,0
DA:5,0
DA:9,0
DA:10,0
DA:12,0
LF:6
LH:1
BRF:0
BRH:0
end_of_record
TN:
SF:src/infraestructure/repository/reservas/reserva/obtenerReservaPorReservaUID.mjs
FN:3,(anonymous_0)
FNF:1
FNH:0
FNDA:0,(anonymous_0)
DA:3,1
DA:4,0
DA:5,0
DA:18,0
DA:19,0
DA:20,0
DA:21,0
DA:23,0
DA:25,0
LF:9
LH:1
BRDA:19,0,0,0
BRDA:19,0,1,0
BRF:2
BRH:0
end_of_record
TN:
SF:src/infraestructure/repository/reservas/reserva/obtenerTodasLasReservasPorReservaUID.mjs
FN:3,(anonymous_0)
FNF:1
FNH:0
FNDA:0,(anonymous_0)
DA:3,1
DA:4,0
DA:5,0
DA:9,0
DA:10,0
DA:12,0
LF:6
LH:1
BRF:0
BRH:0
end_of_record
TN:
SF:src/infraestructure/repository/reservas/servicios/obtenerServiciosPorReservaUID.mjs
FN:2,(anonymous_0)
FNF:1
FNH:0
FNDA:0,(anonymous_0)
DA:2,1
DA:3,0
DA:4,0
DA:12,0
DA:13,0
DA:15,0
LF:6
LH:1
BRF:0
BRH:0
end_of_record
TN:
SF:src/infraestructure/repository/reservas/transacciones/desgloseFinanciero/obtenerDesgloseFinancieroPorReservaUID.mjs
FN:3,(anonymous_0)
FNF:1
FNH:0
FNDA:0,(anonymous_0)
DA:3,1
DA:4,0
DA:6,0
DA:13,0
DA:14,0
DA:16,0
LF:6
LH:1
BRF:0
BRH:0
end_of_record
TN:
SF:src/infraestructure/repository/reservas/transacciones/sobreControl/obtenerSobreControlDeLaNocheDesdeReserva.mjs
FN:3,(anonymous_0)
FNF:1
FNH:0
FNDA:0,(anonymous_0)
DA:3,1
DA:4,0
DA:5,0
DA:6,0
DA:7,0
DA:9,0
DA:24,0
DA:29,0
DA:30,0
DA:33,0
LF:10
LH:1
BRF:0
BRH:0
end_of_record
TN:
SF:src/infraestructure/repository/servicios/obtenerServicioPorServicioUID.mjs
FN:2,(anonymous_0)
FNF:1
FNH:0
FNDA:0,(anonymous_0)
DA:2,1
DA:3,0
DA:4,0
DA:11,0
DA:12,0
DA:13,0
DA:14,0
DA:16,0
DA:19,0
LF:9
LH:1
BRDA:12,0,0,0
BRDA:12,0,1,0
BRF:2
BRH:0
end_of_record
TN:
SF:src/infraestructure/repository/simulacionDePrecios/actualizarRangoFechasPorSimulacionUID.mjs
FN:4,(anonymous_0)
FNF:1
FNH:0
FNDA:0,(anonymous_0)
DA:4,1
DA:5,0
DA:6,0
DA:7,0
DA:8,0
DA:9,0
DA:10,0
DA:12,0
DA:25,0
DA:32,0
DA:33,0
DA:34,0
DA:35,0
DA:37,0
DA:39,0
LF:15
LH:1
BRDA:33,0,0,0
BRDA:33,0,1,0
BRF:2
BRH:0
end_of_record
TN:
SF:src/infraestructure/repository/simulacionDePrecios/eliminarSimulacionPorTestingVI.mjs
FN:3,(anonymous_0)
FNF:1
FNH:1
FNDA:2,(anonymous_0)
DA:3,1
DA:4,2
DA:5,2
DA:9,2
DA:10,2
DA:12,0
LF:6
LH:5
BRF:0
BRH:0
end_of_record
TN:
SF:src/infraestructure/repository/simulacionDePrecios/insertarSimulacionVacia.mjs
FN:3,(anonymous_0)
FNF:1
FNH:0
FNDA:0,(anonymous_0)
DA:3,1
DA:4,0
DA:5,0
DA:6,0
DA:7,0
DA:9,0
DA:20,0
DA:25,0
DA:26,0
DA:27,0
DA:28,0
DA:30,0
DA:32,0
LF:13
LH:1
BRDA:26,0,0,0
BRDA:26,0,1,0
BRF:2
BRH:0
end_of_record
TN:
SF:src/infraestructure/repository/simulacionDePrecios/obtenerSimulacionPorSimulacionUID.mjs
FN:2,(anonymous_0)
FNF:1
FNH:0
FNDA:0,(anonymous_0)
DA:2,1
DA:3,0
DA:4,0
DA:24,0
DA:25,0
DA:26,0
DA:27,0
DA:29,0
DA:31,0
LF:9
LH:1
BRDA:25,0,0,0
BRDA:25,0,1,0
BRF:2
BRH:0
end_of_record
TN:
SF:src/infraestructure/repository/simulacionDePrecios/alojamiento/insertarApartamentoEnSimulacion.mjs
FN:3,(anonymous_0)
FNF:1
FNH:0
FNDA:0,(anonymous_0)
DA:3,1
DA:4,0
DA:5,0
DA:6,0
DA:8,0
DA:17,0
DA:21,0
DA:22,0
DA:23,0
DA:24,0
DA:26,0
DA:28,0
LF:12
LH:1
BRDA:22,0,0,0
BRDA:22,0,1,0
BRF:2
BRH:0
end_of_record
TN:
SF:src/infraestructure/repository/simulacionDePrecios/alojamiento/obtenerAlojamientoDeLaSimulacionPorApartamentoIDV.mjs
FN:3,(anonymous_0)
FNF:1
FNH:0
FNDA:0,(anonymous_0)
DA:3,1
DA:4,0
DA:5,0
DA:6,0
DA:7,0
DA:17,0
DA:21,0
DA:22,0
DA:24,0
LF:9
LH:1
BRF:0
BRH:0
end_of_record
TN:
SF:src/infraestructure/repository/simulacionDePrecios/alojamiento/obtenerTodoElAlojamientoDeLaSimulacionPorSimulacionUID.mjs
FN:3,(anonymous_0)
FNF:1
FNH:0
FNDA:0,(anonymous_0)
DA:3,1
DA:4,0
DA:5,0
DA:13,0
DA:14,0
DA:16,0
LF:6
LH:1
BRF:0
BRH:0
end_of_record
TN:
SF:src/infraestructure/repository/simulacionDePrecios/complementosDeAlojamiento/obtenerComplementosAlojamientoPorSimulacionUID.mjs
FN:2,(anonymous_0)
FNF:1
FNH:0
FNDA:0,(anonymous_0)
DA:2,1
DA:3,0
DA:4,0
DA:11,0
DA:12,0
DA:14,0
LF:6
LH:1
BRF:0
BRH:0
end_of_record
TN:
SF:src/infraestructure/repository/simulacionDePrecios/desgloseFinanciero/actualizarDesgloseFinacieroPorSimulacionUID.mjs
FN:4,(anonymous_0)
FNF:1
FNH:0
FNDA:0,(anonymous_0)
DA:4,1
DA:5,0
DA:7,0
DA:8,0
DA:9,0
DA:11,0
DA:12,0
DA:13,0
DA:15,0
DA:16,0
DA:18,0
DA:19,0
DA:34,0
DA:43,0
DA:44,0
DA:45,0
DA:46,0
DA:48,0
DA:51,0
LF:19
LH:1
BRDA:44,0,0,0
BRDA:44,0,1,0
BRF:2
BRH:0
end_of_record
TN:
SF:src/infraestructure/repository/simulacionDePrecios/desgloseFinanciero/eliminarDataFinancieraPorSimulacionUID.mjs
FN:3,(anonymous_0)
FNF:1
FNH:0
FNDA:0,(anonymous_0)
DA:3,1
DA:4,0
DA:5,0
DA:19,0
DA:20,0
DA:22,0
LF:6
LH:1
BRF:0
BRH:0
end_of_record
TN:
SF:src/infraestructure/repository/simulacionDePrecios/desgloseFinanciero/eliminarImpuestoPorImpuestoUIDPorSimulacionUID.mjs
FN:3,(anonymous_0)
FNF:1
FNH:0
FNDA:0,(anonymous_0)
DA:3,1
DA:4,0
DA:6,0
DA:7,0
DA:8,0
DA:18,0
DA:22,0
DA:23,0
DA:25,0
LF:9
LH:1
BRF:0
BRH:0
end_of_record
TN:
SF:src/infraestructure/repository/simulacionDePrecios/desgloseFinanciero/insertarImpuestoPorSimulacionUID.mjs
FN:3,(anonymous_0)
FNF:1
FNH:0
FNDA:0,(anonymous_0)
DA:3,1
DA:4,0
DA:6,0
DA:7,0
DA:9,0
DA:18,0
DA:22,0
DA:23,0
DA:24,0
DA:25,0
DA:27,0
DA:29,0
LF:12
LH:1
BRDA:23,0,0,0
BRDA:23,0,1,0
BRF:2
BRH:0
end_of_record
TN:
SF:src/infraestructure/repository/simulacionDePrecios/desgloseFinanciero/obtenerDesgloseFinancieroPorSimulacionUID.mjs
FN:2,(anonymous_0)
FNF:1
FNH:0
FNDA:0,(anonymous_0)
DA:2,1
DA:3,0
DA:4,0
DA:11,0
DA:12,0
DA:14,0
LF:6
LH:1
BRF:0
BRH:0
end_of_record
TN:
SF:src/infraestructure/repository/simulacionDePrecios/desgloseFinanciero/obtenerImpuestoPorImpuestoUIDPorSimulacionUID.mjs
FN:4,(anonymous_0)
FNF:1
FNH:0
FNDA:0,(anonymous_0)
DA:4,1
DA:5,0
DA:6,0
DA:7,0
DA:8,0
DA:9,0
DA:20,0
DA:25,0
DA:26,0
DA:27,0
DA:28,0
DA:29,0
DA:31,0
DA:32,0
DA:33,0
DA:34,0
DA:37,0
DA:38,0
DA:41,0
LF:19
LH:1
BRDA:26,0,0,0
BRDA:26,0,1,0
BRDA:27,1,0,0
BRDA:27,1,1,0
BRDA:31,2,0,0
BRDA:31,2,1,0
BRDA:32,3,0,0
BRDA:32,3,1,0
BRF:8
BRH:0
end_of_record
TN:
SF:src/infraestructure/repository/simulacionDePrecios/desgloseFinanciero/obtenerImpuestoPorImpuestoUIDPorSimulacionUID_simple.mjs
FN:2,(anonymous_0)
FNF:1
FNH:0
FNDA:0,(anonymous_0)
DA:2,1
DA:3,0
DA:4,0
DA:5,0
DA:7,0
DA:18,0
DA:23,0
DA:25,0
DA:26,0
DA:27,0
DA:28,0
DA:31,0
LF:12
LH:1
BRDA:25,0,0,0
BRDA:25,0,1,0
BRDA:27,1,0,0
BRDA:27,1,1,0
BRF:4
BRH:0
end_of_record
TN:
SF:src/infraestructure/repository/simulacionDePrecios/servicios/obtenerServiciosPorSimulacionUID.mjs
FN:3,(anonymous_0)
FNF:1
FNH:0
FNDA:0,(anonymous_0)
DA:3,1
DA:4,0
DA:5,0
DA:13,0
DA:14,0
DA:16,0
LF:6
LH:1
BRF:0
BRH:0
end_of_record
TN:
SF:src/infraestructure/repository/simulacionDePrecios/sobreControlDePrecios/obtenerSobreControlDeLaNocheDesdeSimulacion.mjs
FN:3,(anonymous_0)
FNF:1
FNH:0
FNDA:0,(anonymous_0)
DA:3,1
DA:4,0
DA:5,0
DA:6,0
DA:7,0
DA:9,0
DA:24,0
DA:29,0
DA:30,0
DA:33,0
LF:10
LH:1
BRF:0
BRH:0
end_of_record
TN:
SF:src/infraestructure/repository/usuarios/obtenerDatosPersonalesPorMail.mjs
FN:3,(anonymous_0)
FNF:1
FNH:0
FNDA:0,(anonymous_0)
DA:3,1
DA:4,0
DA:5,0
DA:12,0
DA:13,0
DA:15,0
LF:6
LH:1
BRF:0
BRH:0
end_of_record
TN:
SF:src/infraestructure/repository/usuarios/obtenerDatosPersonalesPorMailIgnorandoUsuario.mjs
FN:3,(anonymous_0)
FNF:1
FNH:0
FNDA:0,(anonymous_0)
DA:3,1
DA:4,0
DA:5,0
DA:6,0
DA:8,0
DA:16,0
DA:20,0
DA:21,0
DA:23,0
LF:9
LH:1
BRF:0
BRH:0
end_of_record
TN:
SF:src/shared/utilidades.mjs
FN:5,(anonymous_0)
FN:14,(anonymous_1)
FN:27,(anonymous_2)
FN:28,(anonymous_3)
FN:60,(anonymous_4)
FN:65,(anonymous_5)
FN:79,(anonymous_6)
FN:91,(anonymous_7)
FN:107,(anonymous_8)
FN:123,(anonymous_9)
FN:145,(anonymous_10)
FN:164,(anonymous_11)
FN:183,(anonymous_12)
FN:197,(anonymous_13)
FN:213,(anonymous_14)
FN:228,(anonymous_15)
FN:231,(anonymous_16)
FN:253,(anonymous_17)
FN:254,(anonymous_18)
FN:256,(anonymous_19)
FN:261,(anonymous_20)
FN:264,(anonymous_21)
FN:264,(anonymous_22)
FNF:23
FNH:0
FNDA:0,(anonymous_0)
FNDA:0,(anonymous_1)
FNDA:0,(anonymous_2)
FNDA:0,(anonymous_3)
FNDA:0,(anonymous_4)
FNDA:0,(anonymous_5)
FNDA:0,(anonymous_6)
FNDA:0,(anonymous_7)
FNDA:0,(anonymous_8)
FNDA:0,(anonymous_9)
FNDA:0,(anonymous_10)
FNDA:0,(anonymous_11)
FNDA:0,(anonymous_12)
FNDA:0,(anonymous_13)
FNDA:0,(anonymous_14)
FNDA:0,(anonymous_15)
FNDA:0,(anonymous_16)
FNDA:0,(anonymous_17)
FNDA:0,(anonymous_18)
FNDA:0,(anonymous_19)
FNDA:0,(anonymous_20)
FNDA:0,(anonymous_21)
FNDA:0,(anonymous_22)
DA:4,1
DA:6,0
DA:7,0
DA:8,0
DA:10,0
DA:11,0
DA:12,0
DA:16,0
DA:17,0
DA:18,0
DA:20,0
DA:22,0
DA:24,0
DA:25,0
DA:28,0
DA:30,0
DA:31,0
DA:34,0
DA:35,0
DA:38,0
DA:39,0
DA:41,0
DA:43,0
DA:45,0
DA:47,0
DA:49,0
DA:52,0
DA:53,0
DA:55,0
DA:57,0
DA:61,0
DA:62,0
DA:63,0
DA:66,0
DA:67,0
DA:68,0
DA:69,0
DA:70,0
DA:71,0
DA:72,0
DA:73,0
DA:74,0
DA:76,0
DA:80,0
DA:81,0
DA:82,0
DA:83,0
DA:84,0
DA:85,0
DA:89,0
DA:93,0
DA:94,0
DA:95,0
DA:96,0
DA:98,0
DA:99,0
DA:100,0
DA:101,0
DA:103,0
DA:104,0
DA:105,0
DA:108,0
DA:109,0
DA:112,0
DA:113,0
DA:114,0
DA:115,0
DA:116,0
DA:117,0
DA:118,0
DA:119,0
DA:124,0
DA:125,0
DA:128,0
DA:129,0
DA:133,0
DA:134,0
DA:135,0
DA:136,0
DA:141,0
DA:146,0
DA:147,0
DA:148,0
DA:149,0
DA:150,0
DA:151,0
DA:152,0
DA:153,0
DA:154,0
DA:156,0
DA:157,0
DA:160,0
DA:165,0
DA:166,0
DA:167,0
DA:168,0
DA:169,0
DA:170,0
DA:171,0
DA:172,0
DA:173,0
DA:175,0
DA:176,0
DA:179,0
DA:184,0
DA:185,0
DA:186,0
DA:189,0
DA:191,0
DA:192,0
DA:193,0
DA:195,0
DA:199,0
DA:200,0
DA:201,0
DA:202,0
DA:205,0
DA:206,0
DA:209,0
DA:210,0
DA:213,0
DA:214,0
DA:215,0
DA:216,0
DA:217,0
DA:218,0
DA:220,0
DA:224,0
DA:225,0
DA:228,0
DA:233,0
DA:234,0
DA:236,0
DA:237,0
DA:239,0
DA:240,0
DA:241,0
DA:243,0
DA:248,0
DA:254,0
DA:257,0
DA:258,0
DA:259,0
DA:260,0
DA:261,0
DA:262,0
DA:264,0
DA:265,0
DA:266,0
DA:267,0
DA:268,0
DA:269,0
DA:270,0
DA:272,0
DA:273,0
DA:276,0
LF:156
LH:1
BRDA:7,0,0,0
BRDA:7,0,1,0
BRDA:34,1,0,0
BRDA:34,1,1,0
BRDA:34,2,0,0
BRDA:34,2,1,0
BRDA:41,3,0,0
BRDA:41,3,1,0
BRDA:41,3,2,0
BRDA:41,3,3,0
BRDA:41,3,4,0
BRDA:41,3,5,0
BRDA:52,4,0,0
BRDA:52,4,1,0
BRDA:71,5,0,0
BRDA:71,5,1,0
BRDA:72,6,0,0
BRDA:72,6,1,0
BRDA:72,7,0,0
BRDA:72,7,1,0
BRDA:73,8,0,0
BRDA:73,8,1,0
BRDA:74,9,0,0
BRDA:74,9,1,0
BRDA:112,10,0,0
BRDA:112,10,1,0
BRDA:114,11,0,0
BRDA:114,11,1,0
BRDA:117,12,0,0
BRDA:117,12,1,0
BRDA:128,13,0,0
BRDA:128,13,1,0
BRDA:134,14,0,0
BRDA:134,14,1,0
BRDA:134,15,0,0
BRDA:134,15,1,0
BRDA:135,16,0,0
BRDA:135,16,1,0
BRDA:148,17,0,0
BRDA:148,17,1,0
BRDA:167,18,0,0
BRDA:167,18,1,0
BRDA:240,19,0,0
BRDA:240,19,1,0
BRDA:240,20,0,0
BRDA:240,20,1,0
BRDA:240,20,2,0
BRDA:265,21,0,0
BRDA:265,21,1,0
BRDA:267,22,0,0
BRDA:267,22,1,0
BRDA:269,23,0,0
BRDA:269,23,1,0
BRF:53
BRH:0
end_of_record
TN:
SF:src/shared/VitiniIDX/control.mjs
FN:2,(anonymous_0)
FN:8,(anonymous_1)
FN:11,(anonymous_2)
FN:14,(anonymous_3)
FN:17,(anonymous_4)
FN:20,(anonymous_5)
FN:23,(anonymous_6)
FNF:7
FNH:4
FNDA:12,(anonymous_0)
FNDA:12,(anonymous_1)
FNDA:1,(anonymous_2)
FNDA:0,(anonymous_3)
FNDA:0,(anonymous_4)
FNDA:0,(anonymous_5)
FNDA:12,(anonymous_6)
DA:3,12
DA:4,12
DA:6,12
DA:9,12
DA:12,1
DA:15,0
DA:18,0
DA:21,0
DA:24,12
DA:25,12
DA:26,12
DA:27,0
DA:31,0
DA:33,12
DA:34,12
DA:35,12
DA:36,0
DA:40,0
DA:45,0
LF:19
LH:11
BRDA:26,0,0,0
BRDA:26,0,1,12
BRDA:33,1,0,12
BRDA:33,1,1,0
BRDA:35,2,0,0
BRDA:35,2,1,12
BRF:6
BRH:3
end_of_record
TN:
SF:src/shared/bloqueos/eliminarBloqueoCaducado.mjs
FN:5,(anonymous_0)
FNF:1
FNH:0
FNDA:0,(anonymous_0)
DA:5,1
DA:6,0
DA:7,0
DA:8,0
DA:9,0
DA:10,0
DA:12,0
LF:7
LH:1
BRF:0
BRH:0
end_of_record
TN:
SF:src/shared/complementosDeAlojamiento/validarObjeto.mjs
FN:5,(anonymous_0)
FNF:1
FNH:1
FNDA:1,(anonymous_0)
DA:5,1
DA:6,1
DA:8,1
DA:20,1
DA:26,1
DA:34,1
DA:43,1
DA:53,1
DA:57,1
DA:58,0
DA:59,0
DA:63,0
LF:12
LH:9
BRDA:57,0,0,0
BRDA:57,0,1,1
BRF:2
BRH:1
end_of_record
TN:
SF:src/shared/configuracion/codigoZonaHoraria.mjs
FN:2,(anonymous_0)
FNF:1
FNH:0
FNDA:0,(anonymous_0)
DA:2,1
DA:3,0
DA:4,0
LF:3
LH:1
BRF:0
BRH:0
end_of_record
TN:
SF:src/shared/configuracion/obtenerParametroConfiguracion.mjs
FN:4,(anonymous_0)
FN:14,(anonymous_1)
FN:27,(anonymous_2)
FNF:3
FNH:0
FNDA:0,(anonymous_0)
FNDA:0,(anonymous_1)
FNDA:0,(anonymous_2)
DA:4,1
DA:5,0
DA:6,0
DA:12,0
DA:13,0
DA:14,0
DA:15,0
DA:16,0
DA:19,0
DA:20,0
DA:24,0
DA:26,0
DA:27,0
DA:28,0
DA:35,0
DA:38,0
DA:40,0
LF:17
LH:1
BRDA:15,0,0,0
BRDA:15,0,1,0
BRDA:19,1,0,0
BRDA:19,1,1,0
BRDA:28,2,0,0
BRDA:28,2,1,0
BRDA:29,3,0,0
BRDA:29,3,1,0
BRDA:29,3,2,0
BRF:9
BRH:0
end_of_record
TN:
SF:src/shared/configuracion/configuracionGlobal/configuracionesPredeterminadas.mjs
FN:1,(anonymous_0)
FNF:1
FNH:0
FNDA:0,(anonymous_0)
DA:1,1
DA:2,0
LF:2
LH:1
BRF:0
BRH:0
end_of_record
TN:
SF:src/shared/contenedorFinanciero/estructuraDesgloseFinanciero.mjs
FN:1,(anonymous_0)
FNF:1
FNH:0
FNDA:0,(anonymous_0)
DA:1,1
DA:2,0
DA:3,0
DA:12,0
DA:14,0
LF:5
LH:1
BRF:0
BRH:0
end_of_record
TN:
SF:src/shared/contenedorFinanciero/procesador.mjs
FN:11,(anonymous_0)
FN:33,(anonymous_1)
FNF:2
FNH:0
FNDA:0,(anonymous_0)
FNDA:0,(anonymous_1)
DA:11,1
DA:12,0
DA:13,0
DA:14,0
DA:15,0
DA:16,0
DA:17,0
DA:18,0
DA:19,0
DA:20,0
DA:23,0
DA:28,0
DA:29,0
DA:30,0
DA:31,0
DA:33,0
DA:34,0
DA:35,0
DA:36,0
DA:40,0
DA:41,0
DA:42,0
DA:43,0
DA:49,0
DA:50,0
DA:51,0
DA:53,0
DA:59,0
DA:60,0
DA:61,0
DA:63,0
DA:70,0
DA:71,0
DA:72,0
DA:75,0
DA:86,0
DA:93,0
DA:96,0
DA:98,0
LF:39
LH:1
BRDA:14,0,0,0
BRDA:14,0,1,0
BRDA:15,1,0,0
BRDA:15,1,1,0
BRDA:18,2,0,0
BRDA:18,2,1,0
BRDA:29,3,0,0
BRDA:29,3,1,0
BRDA:34,4,0,0
BRDA:34,4,1,0
BRDA:40,5,0,0
BRDA:40,5,1,0
BRDA:49,6,0,0
BRDA:49,6,1,0
BRDA:59,7,0,0
BRDA:59,7,1,0
BRDA:70,8,0,0
BRDA:70,8,1,0
BRF:18
BRH:0
end_of_record
TN:
SF:src/shared/contenedorFinanciero/comportamientoPrecios/aplicarCalculoDelComportamientoPorDias.mjs
FN:5,(anonymous_0)
FNF:1
FNH:0
FNDA:0,(anonymous_0)
DA:5,1
DA:6,0
DA:7,0
DA:8,0
DA:9,0
DA:10,0
DA:11,0
DA:13,0
DA:15,0
DA:16,0
DA:18,0
DA:19,0
DA:20,0
DA:21,0
DA:22,0
DA:24,0
DA:29,0
DA:34,0
DA:36,0
LF:19
LH:1
BRDA:13,0,0,0
BRDA:13,0,1,0
BRDA:22,1,0,0
BRDA:22,1,1,0
BRF:4
BRH:0
end_of_record
TN:
SF:src/shared/contenedorFinanciero/comportamientoPrecios/aplicarCalculoDelComportamientoPorRango.mjs
FN:4,(anonymous_0)
FNF:1
FNH:0
FNDA:0,(anonymous_0)
DA:4,1
DA:5,0
DA:6,0
DA:7,0
DA:8,0
DA:9,0
DA:10,0
DA:12,0
DA:13,0
DA:14,0
DA:16,0
DA:17,0
DA:18,0
DA:19,0
DA:21,0
DA:28,0
DA:29,0
DA:34,0
DA:38,0
DA:40,0
LF:20
LH:1
BRDA:12,0,0,0
BRDA:12,0,1,0
BRDA:28,1,0,0
BRDA:28,1,1,0
BRF:4
BRH:0
end_of_record
TN:
SF:src/shared/contenedorFinanciero/comportamientoPrecios/aplicarComportamiento.mjs
FN:3,(anonymous_0)
FNF:1
FNH:0
FNDA:0,(anonymous_0)
DA:3,1
DA:4,0
DA:5,0
DA:6,0
DA:7,0
DA:10,0
DA:11,0
DA:12,0
DA:13,0
DA:14,0
DA:15,0
DA:16,0
DA:17,0
DA:18,0
DA:19,0
DA:20,0
DA:21,0
DA:23,0
DA:24,0
DA:26,0
DA:27,0
DA:29,0
DA:31,0
LF:23
LH:1
BRDA:10,0,0,0
BRDA:10,0,1,0
BRDA:13,1,0,0
BRDA:13,1,1,0
BRDA:15,2,0,0
BRDA:15,2,1,0
BRDA:17,3,0,0
BRDA:17,3,1,0
BRDA:20,4,0,0
BRDA:20,4,1,0
BRDA:26,5,0,0
BRDA:26,5,1,0
BRF:12
BRH:0
end_of_record
TN:
SF:src/shared/contenedorFinanciero/comportamientoPrecios/comportamientosPorDias.mjs
FN:3,(anonymous_0)
FN:10,(anonymous_1)
FN:14,(anonymous_2)
FNF:3
FNH:0
FNDA:0,(anonymous_0)
FNDA:0,(anonymous_1)
FNDA:0,(anonymous_2)
DA:3,1
DA:4,0
DA:9,0
DA:10,0
DA:11,0
DA:12,0
DA:14,0
DA:15,0
DA:16,0
DA:17,0
DA:19,0
DA:20,0
DA:22,0
DA:27,0
DA:31,0
LF:15
LH:1
BRDA:19,0,0,0
BRDA:19,0,1,0
BRF:2
BRH:0
end_of_record
TN:
SF:src/shared/contenedorFinanciero/comportamientoPrecios/comportamientosPorRango.mjs
FN:4,(anonymous_0)
FN:38,(anonymous_1)
FN:43,(anonymous_2)
FNF:3
FNH:0
FNDA:0,(anonymous_0)
FNDA:0,(anonymous_1)
FNDA:0,(anonymous_2)
DA:4,1
DA:5,0
DA:6,0
DA:13,0
DA:14,0
DA:15,0
DA:22,0
DA:24,0
DA:33,0
DA:37,0
DA:38,0
DA:39,0
DA:40,0
DA:41,0
DA:43,0
DA:44,0
DA:45,0
DA:46,0
DA:48,0
DA:49,0
DA:51,0
DA:57,0
DA:60,0
LF:23
LH:1
BRDA:14,0,0,0
BRDA:14,0,1,0
BRDA:48,1,0,0
BRDA:48,1,1,0
BRF:4
BRH:0
end_of_record
TN:
SF:src/shared/contenedorFinanciero/entidades/complementosAlojamiento/constructorInstantaneaComplementosAlojamiento.mjs
FN:5,(anonymous_0)
FNF:1
FNH:0
FNDA:0,(anonymous_0)
DA:3,1
DA:4,1
DA:5,1
DA:6,0
DA:7,0
DA:8,0
DA:10,0
DA:12,0
DA:13,0
DA:15,0
DA:16,0
DA:17,0
DA:19,0
DA:20,0
DA:26,0
DA:27,0
DA:29,0
DA:31,0
DA:32,0
DA:33,0
DA:34,0
DA:35,0
DA:36,0
DA:37,0
DA:38,0
DA:39,0
DA:40,0
DA:44,0
DA:45,0
DA:46,0
DA:47,0
DA:50,0
DA:51,0
DA:52,0
DA:54,0
DA:55,0
DA:56,0
DA:57,0
DA:58,0
DA:59,0
DA:62,0
DA:63,0
DA:66,0
LF:43
LH:3
BRDA:12,0,0,0
BRDA:12,0,1,0
BRDA:16,1,0,0
BRDA:16,1,1,0
BRDA:26,2,0,0
BRDA:26,2,1,0
BRDA:45,3,0,0
BRDA:45,3,1,0
BRDA:50,4,0,0
BRDA:50,4,1,0
BRDA:54,5,0,0
BRDA:54,5,1,0
BRF:12
BRH:0
end_of_record
TN:
SF:src/shared/contenedorFinanciero/entidades/complementosAlojamiento/procesadorComplementosAlojamiento.mjs
FN:7,(anonymous_0)
FNF:1
FNH:0
FNDA:0,(anonymous_0)
DA:7,1
DA:8,0
DA:9,0
DA:10,0
DA:11,0
DA:12,0
DA:13,0
DA:14,0
DA:15,0
DA:16,0
DA:18,0
DA:19,0
DA:20,0
DA:21,0
DA:22,0
DA:24,0
DA:25,0
DA:26,0
DA:27,0
DA:29,0
DA:30,0
DA:31,0
DA:34,0
DA:35,0
DA:37,0
DA:38,0
DA:41,0
DA:46,0
LF:28
LH:1
BRDA:13,0,0,0
BRDA:13,0,1,0
BRDA:18,1,0,0
BRDA:18,1,1,0
BRDA:20,2,0,0
BRDA:20,2,1,0
BRDA:26,3,0,0
BRDA:26,3,1,0
BRDA:29,4,0,0
BRDA:29,4,1,0
BRF:10
BRH:0
end_of_record
TN:
SF:src/shared/contenedorFinanciero/entidades/reserva/aplicarImpuestos.mjs
FN:7,(anonymous_0)
FN:35,(anonymous_1)
FN:42,(anonymous_2)
FN:109,(anonymous_3)
FN:117,(anonymous_4)
FN:175,(anonymous_5)
FN:182,(anonymous_6)
FNF:7
FNH:0
FNDA:0,(anonymous_0)
FNDA:0,(anonymous_1)
FNDA:0,(anonymous_2)
FNDA:0,(anonymous_3)
FNDA:0,(anonymous_4)
FNDA:0,(anonymous_5)
FNDA:0,(anonymous_6)
DA:5,1
DA:6,1
DA:7,1
DA:8,0
DA:9,0
DA:10,0
DA:12,0
DA:13,0
DA:15,0
DA:16,0
DA:17,0
DA:18,0
DA:21,0
DA:23,0
DA:24,0
DA:28,0
DA:30,0
DA:31,0
DA:33,0
DA:34,0
DA:35,0
DA:36,0
DA:38,0
DA:39,0
DA:40,0
DA:41,0
DA:42,0
DA:43,0
DA:46,0
DA:47,0
DA:49,0
DA:50,0
DA:51,0
DA:52,0
DA:53,0
DA:54,0
DA:55,0
DA:56,0
DA:57,0
DA:63,0
DA:64,0
DA:65,0
DA:66,0
DA:67,0
DA:69,0
DA:70,0
DA:71,0
DA:74,0
DA:76,0
DA:77,0
DA:78,0
DA:80,0
DA:81,0
DA:82,0
DA:84,0
DA:85,0
DA:87,0
DA:88,0
DA:89,0
DA:90,0
DA:91,0
DA:93,0
DA:94,0
DA:98,0
DA:100,0
DA:101,0
DA:103,0
DA:104,0
DA:105,0
DA:107,0
DA:108,0
DA:109,0
DA:111,0
DA:113,0
DA:114,0
DA:115,0
DA:116,0
DA:117,0
DA:118,0
DA:121,0
DA:122,0
DA:124,0
DA:125,0
DA:126,0
DA:127,0
DA:128,0
DA:129,0
DA:130,0
DA:131,0
DA:132,0
DA:138,0
DA:139,0
DA:140,0
DA:141,0
DA:142,0
DA:144,0
DA:145,0
DA:146,0
DA:149,0
DA:152,0
DA:153,0
DA:154,0
DA:158,0
DA:160,0
DA:161,0
DA:165,0
DA:167,0
DA:168,0
DA:169,0
DA:170,0
DA:171,0
DA:173,0
DA:174,0
DA:175,0
DA:176,0
DA:178,0
DA:179,0
DA:180,0
DA:181,0
DA:182,0
DA:183,0
DA:186,0
DA:187,0
DA:189,0
DA:190,0
DA:191,0
DA:192,0
DA:193,0
DA:194,0
DA:195,0
DA:196,0
DA:198,0
DA:204,0
DA:205,0
DA:206,0
DA:207,0
DA:208,0
DA:210,0
DA:211,0
DA:212,0
DA:215,0
DA:217,0
DA:218,0
DA:220,0
LF:144
LH:3
BRDA:15,0,0,0
BRDA:15,0,1,0
BRDA:23,1,0,0
BRDA:23,1,1,0
BRDA:30,2,0,0
BRDA:30,2,1,0
BRDA:34,3,0,0
BRDA:34,3,1,0
BRDA:38,4,0,0
BRDA:38,4,1,0
BRDA:41,5,0,0
BRDA:41,5,1,0
BRDA:63,6,0,0
BRDA:63,6,1,0
BRDA:69,7,0,0
BRDA:69,7,1,0
BRDA:80,8,0,0
BRDA:80,8,1,0
BRDA:84,9,0,0
BRDA:84,9,1,0
BRDA:87,10,0,0
BRDA:87,10,1,0
BRDA:93,11,0,0
BRDA:93,11,1,0
BRDA:100,12,0,0
BRDA:100,12,1,0
BRDA:103,13,0,0
BRDA:103,13,1,0
BRDA:108,14,0,0
BRDA:108,14,1,0
BRDA:113,15,0,0
BRDA:113,15,1,0
BRDA:116,16,0,0
BRDA:116,16,1,0
BRDA:138,17,0,0
BRDA:138,17,1,0
BRDA:144,18,0,0
BRDA:144,18,1,0
BRDA:160,19,0,0
BRDA:160,19,1,0
BRDA:167,20,0,0
BRDA:167,20,1,0
BRDA:169,21,0,0
BRDA:169,21,1,0
BRDA:174,22,0,0
BRDA:174,22,1,0
BRDA:178,23,0,0
BRDA:178,23,1,0
BRDA:181,24,0,0
BRDA:181,24,1,0
BRDA:204,25,0,0
BRDA:204,25,1,0
BRDA:210,26,0,0
BRDA:210,26,1,0
BRF:54
BRH:0
end_of_record
TN:
SF:src/shared/contenedorFinanciero/entidades/reserva/aplicarSobreControl.mjs
FN:7,(anonymous_0)
FNF:1
FNH:0
FNDA:0,(anonymous_0)
DA:4,1
DA:6,1
DA:7,1
DA:8,0
DA:9,0
DA:10,0
DA:11,0
DA:14,0
DA:16,0
DA:17,0
DA:19,0
DA:25,0
DA:26,0
DA:28,0
DA:34,0
DA:35,0
DA:37,0
DA:38,0
DA:39,0
DA:40,0
DA:42,0
DA:43,0
DA:44,0
DA:45,0
DA:46,0
DA:48,0
DA:49,0
DA:50,0
DA:51,0
DA:52,0
DA:53,0
DA:54,0
DA:55,0
DA:57,0
DA:58,0
DA:60,0
DA:62,0
DA:63,0
DA:64,0
DA:65,0
DA:66,0
DA:67,0
DA:68,0
DA:69,0
DA:70,0
DA:71,0
DA:72,0
DA:74,0
DA:76,0
DA:77,0
DA:78,0
DA:79,0
DA:81,0
DA:82,0
DA:84,0
DA:86,0
LF:56
LH:3
BRDA:16,0,0,0
BRDA:16,0,1,0
BRDA:25,1,0,0
BRDA:25,1,1,0
BRDA:42,2,0,0
BRDA:42,2,1,0
BRDA:44,3,0,0
BRDA:44,3,1,0
BRDA:51,4,0,0
BRDA:51,4,1,0
BRDA:57,5,0,0
BRDA:57,5,1,0
BRDA:62,6,0,0
BRDA:62,6,1,0
BRDA:67,7,0,0
BRDA:67,7,1,0
BRDA:71,8,0,0
BRDA:71,8,1,0
BRDA:76,9,0,0
BRDA:76,9,1,0
BRF:20
BRH:0
end_of_record
TN:
SF:src/shared/contenedorFinanciero/entidades/reserva/constructorIndiceDias.mjs
FN:6,(anonymous_0)
FN:20,(anonymous_1)
FNF:2
FNH:0
FNDA:0,(anonymous_0)
FNDA:0,(anonymous_1)
DA:4,1
DA:5,1
DA:6,1
DA:7,0
DA:8,0
DA:9,0
DA:10,0
DA:11,0
DA:12,0
DA:13,0
DA:17,0
DA:18,0
DA:20,0
DA:21,0
DA:22,0
DA:27,0
DA:28,0
DA:30,0
DA:32,0
DA:34,0
LF:20
LH:3
BRF:0
BRH:0
end_of_record
TN:
SF:src/shared/contenedorFinanciero/entidades/reserva/constructorInstantaneaNoches.mjs
FN:12,(anonymous_0)
FNF:1
FNH:0
FNDA:0,(anonymous_0)
DA:10,1
DA:11,1
DA:12,1
DA:13,0
DA:14,0
DA:15,0
DA:16,0
DA:17,0
DA:18,0
DA:19,0
DA:20,0
DA:22,0
DA:23,0
DA:24,0
DA:26,0
DA:27,0
DA:29,0
DA:31,0
DA:32,0
DA:34,0
DA:35,0
DA:40,0
DA:50,0
DA:51,0
DA:54,0
DA:55,0
DA:57,0
DA:59,0
DA:64,0
DA:71,0
DA:76,0
DA:77,0
DA:78,0
DA:79,0
DA:80,0
DA:81,0
DA:85,0
DA:88,0
DA:89,0
DA:90,0
DA:94,0
DA:95,0
DA:97,0
DA:99,0
DA:100,0
DA:101,0
DA:102,0
DA:109,0
DA:111,0
DA:118,0
DA:130,0
LF:51
LH:3
BRDA:26,0,0,0
BRDA:26,0,1,0
BRDA:31,1,0,0
BRDA:31,1,1,0
BRDA:50,2,0,0
BRDA:50,2,1,0
BRDA:54,3,0,0
BRDA:54,3,1,0
BRDA:77,4,0,0
BRDA:77,4,1,0
BRDA:80,5,0,0
BRDA:80,5,1,0
BRDA:89,6,0,0
BRDA:89,6,1,0
BRDA:99,7,0,0
BRDA:99,7,1,0
BRF:16
BRH:0
end_of_record
TN:
SF:src/shared/contenedorFinanciero/entidades/reserva/constructorObjetoEstructuraPrecioDia.mjs
FN:4,(anonymous_0)
FNF:1
FNH:0
FNDA:0,(anonymous_0)
DA:4,1
DA:5,0
DA:6,0
DA:7,0
DA:8,0
DA:9,0
DA:10,0
DA:12,0
LF:8
LH:1
BRF:0
BRH:0
end_of_record
TN:
SF:src/shared/contenedorFinanciero/entidades/reserva/procesadorReserva.mjs
FN:14,(anonymous_0)
FN:82,(anonymous_1)
FN:102,(anonymous_2)
FNF:3
FNH:0
FNDA:0,(anonymous_0)
FNDA:0,(anonymous_1)
FNDA:0,(anonymous_2)
DA:14,1
DA:15,0
DA:16,0
DA:17,0
DA:18,0
DA:29,0
DA:30,0
DA:31,0
DA:34,0
DA:35,0
DA:36,0
DA:41,0
DA:47,0
DA:52,0
DA:58,0
DA:64,0
DA:65,0
DA:70,0
DA:71,0
DA:72,0
DA:73,0
DA:74,0
DA:75,0
DA:76,0
DA:77,0
DA:78,0
DA:80,0
DA:81,0
DA:82,0
DA:83,0
DA:86,0
DA:87,0
DA:88,0
DA:89,0
DA:90,0
DA:91,0
DA:92,0
DA:93,0
DA:94,0
DA:95,0
DA:96,0
DA:97,0
DA:99,0
DA:101,0
DA:102,0
DA:104,0
DA:106,0
DA:107,0
DA:113,0
DA:122,0
DA:123,0
DA:124,0
DA:126,0
DA:127,0
DA:130,0
DA:131,0
DA:132,0
DA:133,0
DA:135,0
DA:144,0
DA:155,0
LF:61
LH:1
BRDA:34,0,0,0
BRDA:34,0,1,0
BRDA:71,1,0,0
BRDA:71,1,1,0
BRDA:88,2,0,0
BRDA:88,2,1,0
BRDA:89,3,0,0
BRDA:89,3,1,0
BRDA:90,4,0,0
BRDA:90,4,1,0
BRDA:123,5,0,0
BRDA:123,5,1,0
BRDA:124,6,0,0
BRDA:124,6,1,0
BRDA:132,7,0,0
BRDA:132,7,1,0
BRDA:133,8,0,0
BRDA:133,8,1,0
BRF:18
BRH:0
end_of_record
TN:
SF:src/shared/contenedorFinanciero/entidades/reserva/totalesBasePorRango.mjs
FN:11,(anonymous_0)
FN:111,(anonymous_1)
FNF:2
FNH:0
FNDA:0,(anonymous_0)
FNDA:0,(anonymous_1)
DA:8,1
DA:10,1
DA:11,1
DA:12,0
DA:13,0
DA:14,0
DA:15,0
DA:16,0
DA:17,0
DA:18,0
DA:19,0
DA:21,0
DA:22,0
DA:23,0
DA:24,0
DA:25,0
DA:27,0
DA:28,0
DA:30,0
DA:32,0
DA:33,0
DA:36,0
DA:37,0
DA:39,0
DA:40,0
DA:41,0
DA:42,0
DA:43,0
DA:44,0
DA:48,0
DA:52,0
DA:53,0
DA:54,0
DA:59,0
DA:60,0
DA:61,0
DA:63,0
DA:64,0
DA:66,0
DA:67,0
DA:75,0
DA:76,0
DA:77,0
DA:79,0
DA:80,0
DA:81,0
DA:83,0
DA:84,0
DA:85,0
DA:87,0
DA:90,0
DA:91,0
DA:92,0
DA:94,0
DA:95,0
DA:103,0
DA:104,0
DA:107,0
DA:108,0
DA:109,0
DA:111,0
DA:112,0
DA:113,0
DA:114,0
DA:115,0
DA:117,0
DA:118,0
DA:119,0
DA:120,0
DA:122,0
LF:70
LH:3
BRDA:27,0,0,0
BRDA:27,0,1,0
BRDA:32,1,0,0
BRDA:32,1,1,0
BRDA:40,2,0,0
BRDA:40,2,1,0
BRDA:43,3,0,0
BRDA:43,3,1,0
BRDA:53,4,0,0
BRDA:53,4,1,0
BRDA:64,5,0,0
BRDA:64,5,1,0
BRDA:75,6,0,0
BRDA:75,6,1,0
BRDA:80,7,0,0
BRDA:80,7,1,0
BRDA:84,8,0,0
BRDA:84,8,1,0
BRDA:91,9,0,0
BRDA:91,9,1,0
BRDA:94,10,0,0
BRDA:94,10,1,0
BRF:22
BRH:0
end_of_record
TN:
SF:src/shared/contenedorFinanciero/entidades/servicios/constructorInstantaneaServicios.mjs
FN:4,(anonymous_0)
FN:43,(anonymous_1)
FNF:2
FNH:0
FNDA:0,(anonymous_0)
FNDA:0,(anonymous_1)
DA:2,1
DA:3,1
DA:4,1
DA:5,0
DA:6,0
DA:7,0
DA:8,0
DA:10,0
DA:12,0
DA:13,0
DA:15,0
DA:16,0
DA:17,0
DA:19,0
DA:20,0
DA:26,0
DA:27,0
DA:29,0
DA:31,0
DA:32,0
DA:33,0
DA:34,0
DA:35,0
DA:37,0
DA:38,0
DA:40,0
DA:42,0
DA:43,0
DA:44,0
DA:45,0
DA:46,0
DA:49,0
DA:55,0
DA:56,0
DA:59,0
LF:35
LH:3
BRDA:8,0,0,0
BRDA:8,0,1,0
BRDA:12,1,0,0
BRDA:12,1,1,0
BRDA:16,2,0,0
BRDA:16,2,1,0
BRDA:26,3,0,0
BRDA:26,3,1,0
BRDA:42,4,0,0
BRDA:42,4,1,0
BRDA:44,5,0,0
BRDA:44,5,1,0
BRF:12
BRH:0
end_of_record
TN:
SF:src/shared/contenedorFinanciero/entidades/servicios/procesadorServicios.mjs
FN:6,(anonymous_0)
FN:28,(anonymous_1)
FN:44,(anonymous_2)
FNF:3
FNH:0
FNDA:0,(anonymous_0)
FNDA:0,(anonymous_1)
FNDA:0,(anonymous_2)
DA:6,1
DA:7,0
DA:8,0
DA:9,0
DA:10,0
DA:11,0
DA:12,0
DA:13,0
DA:14,0
DA:15,0
DA:16,0
DA:17,0
DA:18,0
DA:21,0
DA:22,0
DA:23,0
DA:24,0
DA:25,0
DA:27,0
DA:28,0
DA:29,0
DA:30,0
DA:31,0
DA:36,0
DA:37,0
DA:38,0
DA:39,0
DA:40,0
DA:41,0
DA:43,0
DA:44,0
DA:45,0
DA:46,0
DA:47,0
DA:52,0
DA:54,0
DA:55,0
DA:58,0
DA:64,0
LF:39
LH:1
BRDA:13,0,0,0
BRDA:13,0,1,0
BRDA:21,1,0,0
BRDA:21,1,1,0
BRDA:23,2,0,0
BRDA:23,2,1,0
BRDA:37,3,0,0
BRDA:37,3,1,0
BRDA:39,4,0,0
BRDA:39,4,1,0
BRF:10
BRH:0
end_of_record
TN:
SF:src/shared/contenedorFinanciero/entidades/simulacion/validarDataGlobalSimulacion.mjs
FN:8,(anonymous_0)
FN:13,(anonymous_1)
FN:30,(anonymous_2)
FN:43,(anonymous_3)
FN:56,(anonymous_4)
FN:68,(anonymous_5)
FNF:6
FNH:1
FNDA:1,(anonymous_0)
FNDA:0,(anonymous_1)
FNDA:0,(anonymous_2)
FNDA:0,(anonymous_3)
FNDA:0,(anonymous_4)
FNDA:0,(anonymous_5)
DA:8,1
DA:9,1
DA:10,1
DA:12,1
DA:14,0
DA:15,0
DA:25,0
DA:26,0
DA:27,0
DA:31,0
DA:32,0
DA:38,0
DA:39,0
DA:40,0
DA:44,0
DA:45,0
DA:51,0
DA:52,0
DA:53,0
DA:57,0
DA:58,0
DA:63,0
DA:64,0
DA:65,0
DA:69,0
DA:70,0
DA:71,0
DA:73,0
DA:74,0
DA:77,0
DA:78,0
DA:79,0
DA:84,1
DA:88,0
DA:89,0
DA:91,0
DA:92,0
DA:93,0
DA:94,0
DA:95,0
DA:102,0
DA:103,0
DA:104,0
DA:105,0
DA:107,0
DA:108,0
DA:109,0
DA:117,1
LF:48
LH:6
BRDA:71,0,0,0
BRDA:71,0,1,0
BRDA:91,1,0,0
BRDA:91,1,1,0
BRDA:92,2,0,0
BRDA:92,2,1,0
BRDA:93,3,0,0
BRDA:93,3,1,0
BRDA:94,4,0,0
BRDA:94,4,1,0
BRDA:94,5,0,0
BRDA:94,5,1,0
BRDA:102,6,0,0
BRDA:102,6,1,0
BRDA:102,7,0,0
BRDA:102,7,1,0
BRDA:107,8,0,0
BRDA:107,8,1,0
BRF:18
BRH:0
end_of_record
TN:
SF:src/shared/contenedorFinanciero/global/sumarTotales.mjs
FN:3,(anonymous_0)
FNF:1
FNH:0
FNDA:0,(anonymous_0)
DA:3,1
DA:4,0
DA:5,0
DA:6,0
DA:10,0
DA:11,0
DA:12,0
DA:13,0
DA:15,0
DA:16,0
DA:18,0
DA:19,0
DA:22,0
DA:23,0
DA:25,0
DA:27,0
DA:28,0
DA:30,0
DA:32,0
DA:33,0
DA:34,0
DA:35,0
DA:37,0
DA:38,0
DA:40,0
DA:42,0
DA:44,0
DA:45,0
DA:47,0
DA:49,0
DA:50,0
DA:52,0
DA:55,0
DA:56,0
DA:57,0
DA:58,0
DA:60,0
DA:61,0
DA:63,0
DA:65,0
DA:67,0
DA:68,0
DA:70,0
DA:72,0
DA:73,0
DA:75,0
DA:78,0
DA:80,0
DA:81,0
DA:82,0
DA:84,0
DA:85,0
DA:88,0
DA:89,0
DA:90,0
DA:92,0
DA:95,0
DA:96,0
DA:97,0
DA:99,0
DA:100,0
DA:101,0
DA:104,0
LF:63
LH:1
BRDA:10,0,0,0
BRDA:10,0,1,0
BRDA:15,1,0,0
BRDA:15,1,1,0
BRDA:16,2,0,0
BRDA:16,2,1,0
BRDA:19,3,0,0
BRDA:19,3,1,0
BRDA:22,4,0,0
BRDA:22,4,1,0
BRDA:27,5,0,0
BRDA:27,5,1,0
BRDA:32,6,0,0
BRDA:32,6,1,0
BRDA:37,7,0,0
BRDA:37,7,1,0
BRDA:38,8,0,0
BRDA:38,8,1,0
BRDA:42,9,0,0
BRDA:42,9,1,0
BRDA:44,10,0,0
BRDA:44,10,1,0
BRDA:49,11,0,0
BRDA:49,11,1,0
BRDA:55,12,0,0
BRDA:55,12,1,0
BRDA:60,13,0,0
BRDA:60,13,1,0
BRDA:61,14,0,0
BRDA:61,14,1,0
BRDA:65,15,0,0
BRDA:65,15,1,0
BRDA:67,16,0,0
BRDA:67,16,1,0
BRDA:72,17,0,0
BRDA:72,17,1,0
BRDA:84,18,0,0
BRDA:84,18,1,0
BRDA:89,19,0,0
BRDA:89,19,1,0
BRF:40
BRH:0
end_of_record
TN:
SF:src/shared/contenedorFinanciero/ofertas/aplicarOfertas.mjs
FN:10,(anonymous_0)
FN:52,(anonymous_1)
FNF:2
FNH:0
FNDA:0,(anonymous_0)
FNDA:0,(anonymous_1)
DA:10,1
DA:11,0
DA:12,0
DA:13,0
DA:14,0
DA:15,0
DA:16,0
DA:17,0
DA:21,0
DA:22,0
DA:23,0
DA:24,0
DA:25,0
DA:26,0
DA:28,0
DA:35,0
DA:36,0
DA:38,0
DA:39,0
DA:40,0
DA:47,0
DA:48,0
DA:49,0
DA:50,0
DA:52,0
DA:53,0
DA:54,0
DA:55,0
DA:57,0
DA:58,0
DA:70,0
DA:71,0
DA:72,0
DA:73,0
DA:74,0
DA:75,0
DA:77,0
DA:82,0
DA:86,0
DA:88,0
DA:89,0
DA:90,0
DA:91,0
DA:93,0
DA:97,0
DA:106,0
DA:107,0
DA:108,0
DA:109,0
DA:111,0
DA:113,0
DA:120,0
DA:128,0
LF:53
LH:1
BRDA:29,0,0,0
BRDA:29,0,1,0
BRDA:38,1,0,0
BRDA:38,1,1,0
BRDA:48,2,0,0
BRDA:48,2,1,0
BRDA:53,3,0,0
BRDA:53,3,1,0
BRDA:57,4,0,0
BRDA:57,4,1,0
BRDA:71,5,0,0
BRDA:71,5,1,0
BRDA:73,6,0,0
BRDA:73,6,1,0
BRDA:88,7,0,0
BRDA:88,7,1,0
BRDA:90,8,0,0
BRDA:90,8,1,0
BRDA:107,9,0,0
BRDA:107,9,1,0
BRF:20
BRH:0
end_of_record
TN:
SF:src/shared/impuestos/validarImpuesto.mjs
FN:4,(anonymous_0)
FNF:1
FNH:0
FNDA:0,(anonymous_0)
DA:4,1
DA:5,0
DA:6,0
DA:9,0
DA:19,0
DA:25,0
DA:32,0
DA:41,0
DA:48,0
DA:49,0
DA:50,0
DA:52,0
DA:59,0
DA:65,0
DA:66,0
DA:67,0
DA:70,0
DA:71,0
DA:72,0
DA:79,0
DA:80,0
DA:83,0
DA:84,0
DA:85,0
DA:92,0
DA:94,0
DA:96,0
LF:27
LH:1
BRDA:48,0,0,0
BRDA:48,0,1,0
BRDA:48,1,0,0
BRDA:48,1,1,0
BRDA:65,2,0,0
BRDA:65,2,1,0
BRDA:71,3,0,0
BRDA:71,3,1,0
BRDA:71,4,0,0
BRDA:71,4,1,0
BRDA:71,4,2,0
BRDA:73,5,0,0
BRDA:73,5,1,0
BRDA:84,6,0,0
BRDA:84,6,1,0
BRF:15
BRH:0
end_of_record
TN:
SF:src/shared/ofertas/entidades/reserva/aplicarDescuento.mjs
FN:8,(anonymous_0)
FNF:1
FNH:0
FNDA:0,(anonymous_0)
DA:8,1
DA:9,0
DA:10,0
DA:11,0
DA:12,0
DA:14,0
DA:15,0
DA:16,0
DA:17,0
DA:18,0
DA:20,0
DA:21,0
DA:22,0
DA:23,0
DA:24,0
DA:25,0
DA:27,0
DA:28,0
DA:31,0
DA:33,0
DA:34,0
DA:35,0
DA:36,0
DA:37,0
DA:38,0
DA:40,0
DA:41,0
DA:43,0
DA:44,0
DA:54,0
DA:55,0
DA:66,0
DA:67,0
DA:77,0
DA:78,0
DA:79,0
DA:80,0
DA:81,0
DA:83,0
DA:84,0
DA:97,0
DA:98,0
DA:114,0
DA:115,0
DA:119,0
DA:120,0
DA:122,0
DA:123,0
DA:124,0
DA:126,0
DA:128,0
DA:129,0
DA:130,0
DA:131,0
DA:133,0
DA:134,0
DA:137,0
LF:57
LH:1
BRDA:16,0,0,0
BRDA:16,0,1,0
BRDA:16,1,0,0
BRDA:16,1,1,0
BRDA:27,2,0,0
BRDA:27,2,1,0
BRDA:33,3,0,0
BRDA:33,3,1,0
BRDA:40,4,0,0
BRDA:40,4,1,0
BRDA:40,5,0,0
BRDA:40,5,1,0
BRDA:43,6,0,0
BRDA:43,6,1,0
BRDA:54,7,0,0
BRDA:54,7,1,0
BRDA:66,8,0,0
BRDA:66,8,1,0
BRDA:77,9,0,0
BRDA:77,9,1,0
BRDA:83,10,0,0
BRDA:83,10,1,0
BRDA:97,11,0,0
BRDA:97,11,1,0
BRDA:123,12,0,0
BRDA:123,12,1,0
BRDA:131,13,0,0
BRDA:131,13,1,0
BRDA:134,14,0,0
BRDA:134,14,1,0
BRF:30
BRH:0
end_of_record
TN:
SF:src/shared/ofertas/entidades/reserva/aplicarDescuentosPersonalizados.mjs
FN:3,(anonymous_0)
FNF:1
FNH:0
FNDA:0,(anonymous_0)
DA:3,1
DA:4,0
DA:5,0
DA:6,0
DA:7,0
DA:8,0
DA:9,0
DA:12,0
DA:14,0
LF:9
LH:1
BRF:0
BRH:0
end_of_record
TN:
SF:src/shared/ofertas/entidades/reserva/calcularTotal.mjs
FN:2,(anonymous_0)
FNF:1
FNH:0
FNDA:0,(anonymous_0)
DA:2,1
DA:4,0
DA:5,0
DA:6,0
DA:7,0
DA:9,0
DA:10,0
DA:11,0
DA:12,0
DA:13,0
DA:14,0
DA:15,0
DA:17,0
DA:20,0
DA:21,0
DA:22,0
DA:23,0
DA:24,0
DA:26,0
DA:29,0
LF:20
LH:1
BRDA:9,0,0,0
BRDA:9,0,1,0
BRDA:14,1,0,0
BRDA:14,1,1,0
BRDA:20,2,0,0
BRDA:20,2,1,0
BRDA:23,3,0,0
BRDA:23,3,1,0
BRF:8
BRH:0
end_of_record
TN:
SF:src/shared/ofertas/entidades/reserva/constructorEstructuraDescuentosReserva.mjs
FN:1,(anonymous_0)
FNF:1
FNH:0
FNDA:0,(anonymous_0)
DA:1,1
DA:2,0
DA:3,0
DA:5,0
DA:10,0
DA:11,0
LF:6
LH:1
BRDA:10,0,0,0
BRDA:10,0,1,0
BRF:2
BRH:0
end_of_record
TN:
SF:src/shared/ofertas/entidades/reserva/controlInstanciaDecimal.mjs
FN:2,(anonymous_0)
FNF:1
FNH:0
FNDA:0,(anonymous_0)
DA:2,1
DA:3,0
DA:4,0
DA:6,0
LF:4
LH:1
BRDA:3,0,0,0
BRDA:3,0,1,0
BRF:2
BRH:0
end_of_record
TN:
SF:src/shared/ofertas/entidades/reserva/selecionarOfertasPorCondicion.mjs
FN:4,(anonymous_0)
FNF:1
FNH:0
FNDA:0,(anonymous_0)
DA:4,1
DA:5,0
DA:6,0
DA:7,0
DA:8,0
DA:9,0
DA:10,0
DA:11,0
DA:12,0
DA:14,0
DA:21,0
DA:22,0
DA:23,0
DA:32,0
DA:33,0
DA:36,0
DA:37,0
DA:40,0
DA:42,0
LF:19
LH:1
BRDA:9,0,0,0
BRDA:9,0,1,0
BRDA:11,1,0,0
BRDA:11,1,1,0
BRDA:36,2,0,0
BRDA:36,2,1,0
BRF:6
BRH:0
end_of_record
TN:
SF:src/shared/ofertas/entidades/reserva/selectorPorCondicion.mjs
FN:5,(anonymous_0)
FN:186,(anonymous_1)
FN:193,(anonymous_2)
FN:200,(anonymous_3)
FN:208,(anonymous_4)
FN:216,(anonymous_5)
FN:224,(anonymous_6)
FNF:7
FNH:0
FNDA:0,(anonymous_0)
FNDA:0,(anonymous_1)
FNDA:0,(anonymous_2)
FNDA:0,(anonymous_3)
FNDA:0,(anonymous_4)
FNDA:0,(anonymous_5)
FNDA:0,(anonymous_6)
DA:5,1
DA:6,0
DA:7,0
DA:8,0
DA:9,0
DA:10,0
DA:11,0
DA:12,0
DA:13,0
DA:14,0
DA:16,0
DA:17,0
DA:18,0
DA:21,0
DA:26,0
DA:27,0
DA:28,0
DA:29,0
DA:30,0
DA:31,0
DA:33,0
DA:34,0
DA:35,0
DA:37,0
DA:38,0
DA:39,0
DA:41,0
DA:43,0
DA:44,0
DA:45,0
DA:47,0
DA:48,0
DA:49,0
DA:51,0
DA:52,0
DA:53,0
DA:55,0
DA:57,0
DA:58,0
DA:59,0
DA:60,0
DA:61,0
DA:62,0
DA:68,0
DA:69,0
DA:70,0
DA:72,0
DA:75,0
DA:77,0
DA:78,0
DA:79,0
DA:81,0
DA:82,0
DA:83,0
DA:85,0
DA:87,0
DA:88,0
DA:89,0
DA:91,0
DA:93,0
DA:94,0
DA:95,0
DA:97,0
DA:100,0
DA:101,0
DA:103,0
DA:106,0
DA:107,0
DA:108,0
DA:109,0
DA:111,0
DA:112,0
DA:113,0
DA:114,0
DA:116,0
DA:118,0
DA:119,0
DA:120,0
DA:122,0
DA:124,0
DA:125,0
DA:126,0
DA:128,0
DA:131,0
DA:132,0
DA:135,0
DA:136,0
DA:137,0
DA:139,0
DA:147,0
DA:148,0
DA:150,0
DA:152,0
DA:154,0
DA:155,0
DA:156,0
DA:157,0
DA:158,0
DA:160,0
DA:161,0
DA:162,0
DA:164,0
DA:167,0
DA:168,0
DA:169,0
DA:171,0
DA:173,0
DA:174,0
DA:175,0
DA:177,0
DA:181,0
DA:182,0
DA:183,0
DA:184,0
DA:185,0
DA:186,0
DA:187,0
DA:188,0
DA:190,0
DA:192,0
DA:193,0
DA:194,0
DA:195,0
DA:197,0
DA:199,0
DA:200,0
DA:201,0
DA:202,0
DA:204,0
DA:206,0
DA:207,0
DA:208,0
DA:209,0
DA:210,0
DA:212,0
DA:214,0
DA:216,0
DA:217,0
DA:218,0
DA:220,0
DA:223,0
DA:224,0
DA:225,0
DA:226,0
DA:228,0
DA:231,0
DA:232,0
DA:234,0
DA:235,0
DA:236,0
DA:237,0
DA:238,0
DA:240,0
DA:245,0
DA:246,0
DA:249,0
DA:251,0
LF:157
LH:1
BRDA:16,0,0,0
BRDA:16,0,1,0
BRDA:16,1,0,0
BRDA:16,1,1,0
BRDA:29,2,0,0
BRDA:29,2,1,0
BRDA:37,3,0,0
BRDA:37,3,1,0
BRDA:38,4,0,0
BRDA:38,4,1,0
BRDA:43,5,0,0
BRDA:43,5,1,0
BRDA:51,6,0,0
BRDA:51,6,1,0
BRDA:52,7,0,0
BRDA:52,7,1,0
BRDA:57,8,0,0
BRDA:57,8,1,0
BRDA:68,9,0,0
BRDA:68,9,1,0
BRDA:69,10,0,0
BRDA:69,10,1,0
BRDA:75,11,0,0
BRDA:75,11,1,0
BRDA:81,12,0,0
BRDA:81,12,1,0
BRDA:82,13,0,0
BRDA:82,13,1,0
BRDA:87,14,0,0
BRDA:87,14,1,0
BRDA:88,15,0,0
BRDA:88,15,1,0
BRDA:93,16,0,0
BRDA:93,16,1,0
BRDA:94,17,0,0
BRDA:94,17,1,0
BRDA:103,18,0,0
BRDA:103,18,1,0
BRDA:112,19,0,0
BRDA:112,19,1,0
BRDA:113,20,0,0
BRDA:113,20,1,0
BRDA:118,21,0,0
BRDA:118,21,1,0
BRDA:119,22,0,0
BRDA:119,22,1,0
BRDA:124,23,0,0
BRDA:124,23,1,0
BRDA:125,24,0,0
BRDA:125,24,1,0
BRDA:135,25,0,0
BRDA:135,25,1,0
BRDA:147,26,0,0
BRDA:147,26,1,0
BRDA:152,27,0,0
BRDA:152,27,1,0
BRDA:160,28,0,0
BRDA:160,28,1,0
BRDA:161,29,0,0
BRDA:161,29,1,0
BRDA:167,30,0,0
BRDA:167,30,1,0
BRDA:168,31,0,0
BRDA:168,31,1,0
BRDA:173,32,0,0
BRDA:173,32,1,0
BRDA:174,33,0,0
BRDA:174,33,1,0
BRDA:181,34,0,0
BRDA:181,34,1,0
BRDA:190,35,0,0
BRDA:190,35,1,0
BRDA:194,36,0,0
BRDA:194,36,1,0
BRDA:194,37,0,0
BRDA:194,37,1,0
BRDA:199,38,0,0
BRDA:199,38,1,0
BRDA:201,39,0,0
BRDA:201,39,1,0
BRDA:206,40,0,0
BRDA:206,40,1,0
BRDA:209,41,0,0
BRDA:209,41,1,0
BRDA:209,42,0,0
BRDA:209,42,1,0
BRDA:214,43,0,0
BRDA:214,43,1,0
BRDA:217,44,0,0
BRDA:217,44,1,0
BRDA:223,45,0,0
BRDA:223,45,1,0
BRDA:225,46,0,0
BRDA:225,46,1,0
BRDA:234,47,0,0
BRDA:234,47,1,0
BRDA:235,48,0,0
BRDA:235,48,1,0
BRDA:237,49,0,0
BRDA:237,49,1,0
BRF:100
BRH:0
end_of_record
TN:
SF:src/shared/ofertas/entidades/reserva/perfilesDescuentos/perfil_individualPorApartamento.mjs
FN:7,(anonymous_0)
FNF:1
FNH:0
FNDA:0,(anonymous_0)
DA:7,1
DA:8,0
DA:10,0
DA:11,0
DA:12,0
DA:13,0
DA:14,0
DA:15,0
DA:16,0
DA:18,0
DA:19,0
DA:20,0
DA:21,0
DA:23,0
DA:27,0
DA:28,0
DA:33,0
DA:34,0
DA:37,0
DA:38,0
DA:39,0
DA:42,0
DA:43,0
DA:50,0
DA:52,0
DA:53,0
DA:58,0
DA:59,0
DA:61,0
DA:68,0
DA:69,0
DA:70,0
DA:71,0
DA:74,0
LF:34
LH:1
BRDA:27,0,0,0
BRDA:27,0,1,0
BRDA:38,1,0,0
BRDA:38,1,1,0
BRDA:42,2,0,0
BRDA:42,2,1,0
BRDA:71,3,0,0
BRDA:71,3,1,0
BRF:8
BRH:0
end_of_record
TN:
SF:src/shared/ofertas/entidades/reserva/perfilesDescuentos/perfil_mismoDescuentoParaCadaApartamento.mjs
FN:3,(anonymous_0)
FNF:1
FNH:0
FNDA:0,(anonymous_0)
DA:3,1
DA:4,0
DA:5,0
DA:6,0
DA:7,0
DA:8,0
DA:9,0
DA:10,0
DA:11,0
DA:12,0
DA:13,0
DA:15,0
DA:17,0
DA:18,0
DA:19,0
DA:21,0
DA:22,0
DA:29,0
DA:31,0
DA:32,0
DA:37,0
DA:38,0
DA:40,0
DA:47,0
DA:48,0
DA:49,0
DA:50,0
DA:53,0
LF:28
LH:1
BRDA:18,0,0,0
BRDA:18,0,1,0
BRDA:21,1,0,0
BRDA:21,1,1,0
BRDA:50,2,0,0
BRDA:50,2,1,0
BRF:6
BRH:0
end_of_record
TN:
SF:src/shared/ofertas/entidades/reserva/perfilesDescuentos/perfil_totalNeto.mjs
FN:3,(anonymous_0)
FNF:1
FNH:0
FNDA:0,(anonymous_0)
DA:3,1
DA:4,0
DA:6,0
DA:7,0
DA:8,0
DA:9,0
DA:10,0
DA:11,0
DA:12,0
DA:13,0
DA:14,0
DA:16,0
DA:17,0
DA:19,0
DA:24,0
DA:25,0
DA:27,0
DA:33,0
DA:35,0
LF:19
LH:1
BRDA:25,0,0,0
BRDA:25,0,1,0
BRF:2
BRH:0
end_of_record
TN:
SF:src/shared/ofertas/entidades/reserva/perfilesDescuentos/porRango/perfil_porDiasDelRango.mjs
FN:8,(anonymous_0)
FNF:1
FNH:0
FNDA:0,(anonymous_0)
DA:8,1
DA:9,0
DA:11,0
DA:12,0
DA:13,0
DA:14,0
DA:15,0
DA:16,0
DA:17,0
DA:18,0
DA:19,0
DA:21,0
DA:22,0
DA:23,0
DA:24,0
DA:25,0
DA:27,0
DA:32,0
DA:33,0
DA:35,0
DA:36,0
DA:37,0
DA:43,0
DA:45,0
DA:46,0
DA:47,0
DA:48,0
DA:49,0
DA:53,0
DA:54,0
DA:59,0
DA:60,0
DA:63,0
DA:69,0
DA:70,0
DA:73,0
DA:74,0
DA:76,0
DA:78,0
DA:79,0
DA:86,0
DA:88,0
DA:93,0
DA:94,0
DA:96,0
DA:104,0
DA:105,0
DA:108,0
DA:110,0
DA:112,0
DA:113,0
DA:114,0
DA:118,0
DA:120,0
DA:124,0
DA:126,0
DA:128,0
DA:129,0
DA:130,0
DA:135,0
DA:141,0
DA:142,0
DA:144,0
DA:152,0
DA:153,0
DA:155,0
DA:157,0
DA:161,0
DA:162,0
DA:164,0
DA:165,0
DA:169,0
LF:72
LH:1
BRDA:32,0,0,0
BRDA:32,0,1,0
BRDA:32,1,0,0
BRDA:32,1,1,0
BRDA:35,2,0,0
BRDA:35,2,1,0
BRDA:43,3,0,0
BRDA:43,3,1,0
BRDA:53,4,0,0
BRDA:53,4,1,0
BRDA:69,5,0,0
BRDA:69,5,1,0
BRDA:73,6,0,0
BRDA:73,6,1,0
BRDA:78,7,0,0
BRDA:78,7,1,0
BRDA:110,8,0,0
BRDA:110,8,1,0
BRDA:113,9,0,0
BRDA:113,9,1,0
BRDA:126,10,0,0
BRDA:126,10,1,0
BRDA:152,11,0,0
BRDA:152,11,1,0
BRDA:161,12,0,0
BRDA:161,12,1,0
BRF:26
BRH:0
end_of_record
TN:
SF:src/shared/ofertas/entidades/reserva/perfilesDescuentos/porRango/perfil_totalNetoPorRango.mjs
FN:7,(anonymous_0)
FNF:1
FNH:0
FNDA:0,(anonymous_0)
DA:7,1
DA:8,0
DA:10,0
DA:11,0
DA:12,0
DA:13,0
DA:14,0
DA:15,0
DA:16,0
DA:17,0
DA:18,0
DA:19,0
DA:20,0
DA:22,0
DA:23,0
DA:24,0
DA:26,0
DA:32,0
DA:33,0
DA:36,0
DA:37,0
DA:38,0
DA:44,0
DA:45,0
DA:46,0
DA:50,0
DA:51,0
DA:54,0
DA:59,0
DA:60,0
DA:62,0
DA:70,0
DA:71,0
DA:73,0
DA:74,0
DA:75,0
DA:78,0
DA:81,0
LF:38
LH:1
BRDA:32,0,0,0
BRDA:32,0,1,0
BRDA:32,1,0,0
BRDA:32,1,1,0
BRDA:36,2,0,0
BRDA:36,2,1,0
BRDA:50,3,0,0
BRDA:50,3,1,0
BRDA:70,4,0,0
BRDA:70,4,1,0
BRF:10
BRH:0
end_of_record
TN:
SF:src/shared/ofertas/global/constructorEstructuraDescuentos.mjs
FN:1,(anonymous_0)
FNF:1
FNH:0
FNDA:0,(anonymous_0)
DA:1,1
DA:2,0
DA:3,0
LF:3
LH:1
BRDA:2,0,0,0
BRDA:2,0,1,0
BRF:2
BRH:0
end_of_record
TN:
SF:src/shared/reservas/utilidades/generadorReservaUID.mjs
FN:3,(anonymous_0)
FN:5,(anonymous_1)
FNF:2
FNH:0
FNDA:0,(anonymous_0)
FNDA:0,(anonymous_1)
DA:3,1
DA:4,0
DA:5,0
DA:6,0
DA:7,0
DA:8,0
DA:9,0
DA:10,0
DA:11,0
DA:12,0
DA:16,0
DA:17,0
DA:18,0
DA:19,0
DA:20,0
DA:21,0
DA:22,0
DA:23,0
DA:26,0
DA:28,0
LF:20
LH:1
BRDA:7,0,0,0
BRDA:7,0,1,0
BRDA:20,1,0,0
BRDA:20,1,1,0
BRDA:22,2,0,0
BRDA:22,2,1,0
BRF:6
BRH:0
end_of_record
TN:
SF:src/shared/selectoresCompartidos/selectorRangoUniversal.mjs
FN:3,(anonymous_0)
FNF:1
FNH:0
FNDA:0,(anonymous_0)
DA:3,1
DA:4,0
DA:5,0
DA:6,0
DA:7,0
DA:8,0
DA:10,0
DA:14,0
DA:18,0
DA:22,0
DA:27,0
DA:28,0
DA:29,0
DA:30,0
DA:32,0
DA:33,0
DA:34,0
DA:35,0
DA:37,0
DA:39,0
DA:40,0
DA:43,0
DA:44,0
DA:47,0
DA:49,0
DA:50,0
DA:52,0
DA:53,0
DA:57,0
DA:58,0
DA:60,0
DA:62,0
LF:32
LH:1
BRDA:28,0,0,0
BRDA:28,0,1,0
BRDA:28,1,0,0
BRDA:28,1,1,0
BRDA:37,2,0,0
BRDA:37,2,1,0
BRDA:39,3,0,0
BRDA:39,3,1,0
BRDA:39,4,0,0
BRDA:39,4,1,0
BRDA:43,5,0,0
BRDA:43,5,1,0
BRDA:43,6,0,0
BRDA:43,6,1,0
BRDA:47,7,0,0
BRDA:47,7,1,0
BRDA:49,8,0,0
BRDA:49,8,1,0
BRDA:49,9,0,0
BRDA:49,9,1,0
BRDA:52,10,0,0
BRDA:52,10,1,0
BRDA:52,11,0,0
BRDA:52,11,1,0
BRDA:57,12,0,0
BRDA:57,12,1,0
BRDA:57,13,0,0
BRDA:57,13,1,0
BRF:28
BRH:0
end_of_record
TN:
SF:src/shared/simuladorDePrecios/controladorGeneracionDesgloseFinanciero.mjs
FN:6,(anonymous_0)
FN:12,(anonymous_1)
FNF:2
FNH:0
FNDA:0,(anonymous_0)
FNDA:0,(anonymous_1)
DA:6,1
DA:7,0
DA:9,0
DA:10,0
DA:11,0
DA:12,0
DA:14,0
DA:17,0
DA:21,0
DA:26,0
DA:27,0
DA:32,0
LF:12
LH:1
BRDA:10,0,0,0
BRDA:10,0,1,0
BRF:2
BRH:0
end_of_record
TN:
SF:src/shared/simuladorDePrecios/generarDesgloseSimpleGuardarlo.mjs
FN:5,(anonymous_0)
FNF:1
FNH:0
FNDA:0,(anonymous_0)
DA:5,1
DA:6,0
DA:7,0
DA:8,0
DA:9,0
DA:34,0
DA:38,0
DA:40,0
LF:8
LH:1
BRF:0
BRH:0
end_of_record
TN:
SF:src/shared/simuladorDePrecios/soloFiltroDataGlobal.mjs
FN:4,(anonymous_0)
FN:15,(anonymous_1)
FNF:2
FNH:0
FNDA:0,(anonymous_0)
FNDA:0,(anonymous_1)
DA:4,1
DA:6,0
DA:7,0
DA:8,0
DA:14,0
DA:15,0
DA:16,0
DA:17,0
DA:18,0
DA:22,0
DA:23,0
DA:26,0
LF:12
LH:1
BRDA:17,0,0,0
BRDA:17,0,1,0
BRDA:17,1,0,0
BRDA:17,1,1,0
BRDA:17,1,2,0
BRDA:22,2,0,0
BRDA:22,2,1,0
BRF:7
BRH:0
end_of_record
TN:
SF:src/shared/validadores/controlEstructuraPorJoi.mjs
FN:2,(anonymous_0)
FNF:1
FNH:1
FNDA:2,(anonymous_0)
DA:2,1
DA:3,2
DA:4,2
DA:5,2
DA:7,2
DA:8,2
DA:9,2
DA:10,0
DA:11,0
DA:12,0
DA:13,2
DA:14,1
DA:15,1
DA:18,1
LF:14
LH:11
BRDA:9,0,0,0
BRDA:9,0,1,2
BRDA:13,1,0,1
BRDA:13,1,1,1
BRF:4
BRH:3
end_of_record
TN:
SF:src/shared/validadores/validadoresCompartidos.mjs
FN:12,(anonymous_0)
FN:127,(anonymous_1)
FN:160,(anonymous_2)
FN:216,(anonymous_3)
FN:248,(anonymous_4)
FN:288,(anonymous_5)
FN:304,(anonymous_6)
FN:339,(anonymous_7)
FN:351,(anonymous_8)
FN:362,(anonymous_9)
FN:393,(anonymous_10)
FN:442,(anonymous_11)
FN:701,(anonymous_12)
FN:776,(anonymous_13)
FN:820,(anonymous_14)
FN:864,(anonymous_15)
FN:891,(anonymous_16)
FN:901,(anonymous_17)
FN:912,(anonymous_18)
FN:922,(anonymous_19)
FN:944,(anonymous_20)
FN:966,(anonymous_21)
FN:986,(anonymous_22)
FN:1015,(anonymous_23)
FN:1032,(anonymous_24)
FN:1048,(anonymous_25)
FN:1064,(anonymous_26)
FN:1069,(anonymous_27)
FN:1076,(anonymous_28)
FN:1271,(anonymous_29)
FN:1285,(anonymous_30)
FN:1318,(anonymous_31)
FN:1328,(anonymous_32)
FN:1338,(anonymous_33)
FN:1349,(anonymous_34)
FN:1366,(anonymous_35)
FN:1372,(anonymous_36)
FNF:37
FNH:2
FNDA:0,(anonymous_0)
FNDA:0,(anonymous_1)
FNDA:0,(anonymous_2)
FNDA:0,(anonymous_3)
FNDA:0,(anonymous_4)
FNDA:0,(anonymous_5)
FNDA:0,(anonymous_6)
FNDA:0,(anonymous_7)
FNDA:0,(anonymous_8)
FNDA:0,(anonymous_9)
FNDA:0,(anonymous_10)
FNDA:29,(anonymous_11)
FNDA:0,(anonymous_12)
FNDA:0,(anonymous_13)
FNDA:0,(anonymous_14)
FNDA:0,(anonymous_15)
FNDA:0,(anonymous_16)
FNDA:0,(anonymous_17)
FNDA:0,(anonymous_18)
FNDA:0,(anonymous_19)
FNDA:0,(anonymous_20)
FNDA:0,(anonymous_21)
FNDA:0,(anonymous_22)
FNDA:0,(anonymous_23)
FNDA:0,(anonymous_24)
FNDA:0,(anonymous_25)
FNDA:0,(anonymous_26)
FNDA:0,(anonymous_27)
FNDA:0,(anonymous_28)
FNDA:0,(anonymous_29)
FNDA:0,(anonymous_30)
FNDA:0,(anonymous_31)
FNDA:0,(anonymous_32)
FNDA:0,(anonymous_33)
FNDA:0,(anonymous_34)
FNDA:10,(anonymous_35)
FNDA:0,(anonymous_36)
DA:10,1
DA:13,0
DA:14,0
DA:15,0
DA:16,0
DA:19,0
DA:28,0
DA:37,0
DA:46,0
DA:55,0
DA:60,0
DA:66,0
DA:74,0
DA:75,0
DA:80,0
DA:81,0
DA:86,0
DA:87,0
DA:89,0
DA:90,0
DA:91,0
DA:98,0
DA:108,0
DA:120,0
DA:122,0
DA:128,0
DA:129,0
DA:130,0
DA:131,0
DA:133,0
DA:134,0
DA:135,0
DA:136,0
DA:138,0
DA:142,0
DA:143,0
DA:144,0
DA:146,0
DA:147,0
DA:148,0
DA:149,0
DA:150,0
DA:153,0
DA:154,0
DA:157,0
DA:161,0
DA:162,0
DA:170,0
DA:179,0
DA:187,0
DA:196,0
DA:197,0
DA:203,0
DA:204,0
DA:211,0
DA:217,0
DA:218,0
DA:219,0
DA:221,0
DA:222,0
DA:225,0
DA:226,0
DA:228,0
DA:229,0
DA:230,0
DA:232,0
DA:233,0
DA:234,0
DA:235,0
DA:237,0
DA:238,0
DA:239,0
DA:240,0
DA:241,0
DA:243,0
DA:245,0
DA:249,0
DA:250,0
DA:251,0
DA:252,0
DA:254,0
DA:255,0
DA:256,0
DA:257,0
DA:259,0
DA:260,0
DA:261,0
DA:262,0
DA:263,0
DA:264,0
DA:266,0
DA:271,0
DA:272,0
DA:273,0
DA:275,0
DA:283,0
DA:285,0
DA:289,0
DA:290,0
DA:291,0
DA:292,0
DA:295,0
DA:296,0
DA:297,0
DA:298,0
DA:301,0
DA:305,0
DA:306,0
DA:310,0
DA:315,0
DA:316,0
DA:317,0
DA:319,0
DA:320,0
DA:321,0
DA:322,0
DA:324,0
DA:325,0
DA:326,0
DA:327,0
DA:330,0
DA:331,0
DA:335,0
DA:340,0
DA:341,0
DA:342,0
DA:343,0
DA:344,0
DA:347,0
DA:352,0
DA:353,0
DA:354,0
DA:355,0
DA:356,0
DA:359,0
DA:363,0
DA:365,0
DA:366,0
DA:367,0
DA:369,0
DA:374,0
DA:378,0
DA:383,0
DA:384,0
DA:385,0
DA:386,0
DA:388,0
DA:394,0
DA:395,0
DA:398,0
DA:399,0
DA:401,0
DA:402,0
DA:403,0
DA:405,0
DA:406,0
DA:407,0
DA:409,0
DA:410,0
DA:412,0
DA:413,0
DA:416,0
DA:417,0
DA:420,0
DA:421,0
DA:424,0
DA:425,0
DA:426,0
DA:428,0
DA:429,0
DA:430,0
DA:432,0
DA:433,0
DA:434,0
DA:437,0
DA:443,29
DA:444,29
DA:445,29
DA:446,29
DA:447,29
DA:448,29
DA:449,29
DA:450,29
DA:451,29
DA:454,29
DA:455,0
DA:458,29
DA:459,0
DA:460,0
DA:462,29
DA:463,0
DA:464,0
DA:466,29
DA:468,0
DA:469,0
DA:471,29
DA:473,0
DA:474,0
DA:476,29
DA:479,0
DA:480,0
DA:482,29
DA:483,1
DA:486,29
DA:489,0
DA:490,0
DA:492,29
DA:493,0
DA:496,29
DA:499,0
DA:500,0
DA:502,29
DA:503,0
DA:504,0
DA:506,29
DA:507,26
DA:509,29
DA:510,0
DA:511,29
DA:512,0
DA:513,0
DA:516,29
DA:517,3
DA:520,29
DA:521,0
DA:523,29
DA:524,0
DA:525,0
DA:526,0
DA:527,0
DA:528,0
DA:531,0
DA:533,29
DA:534,18
DA:535,18
DA:536,18
DA:537,0
DA:538,0
DA:541,0
DA:543,11
DA:544,0
DA:545,0
DA:546,0
DA:547,0
DA:548,0
DA:551,0
DA:553,11
DA:554,6
DA:555,6
DA:557,6
DA:558,0
DA:559,0
DA:563,0
DA:565,5
DA:566,0
DA:567,0
DA:569,0
DA:570,0
DA:571,0
DA:575,0
DA:577,5
DA:578,0
DA:579,0
DA:580,5
DA:581,0
DA:582,0
DA:583,0
DA:584,5
DA:585,0
DA:586,0
DA:587,5
DA:588,2
DA:589,2
DA:590,2
DA:591,0
DA:592,0
DA:595,2
DA:596,2
DA:597,0
DA:598,0
DA:601,2
DA:602,2
DA:603,0
DA:604,0
DA:607,2
DA:608,1
DA:609,1
DA:610,0
DA:611,0
DA:615,2
DA:616,2
DA:618,0
DA:619,0
DA:622,2
DA:623,1
DA:627,0
DA:629,3
DA:630,3
DA:631,3
DA:632,3
DA:633,0
DA:634,0
DA:636,3
DA:637,3
DA:638,0
DA:639,0
DA:641,3
DA:642,0
DA:643,0
DA:644,0
DA:647,3
DA:648,3
DA:649,0
DA:650,0
DA:653,3
DA:654,3
DA:655,3
DA:656,0
DA:657,0
DA:660,3
DA:661,3
DA:663,0
DA:664,0
DA:666,3
DA:667,3
DA:671,0
DA:673,0
DA:674,0
DA:675,0
DA:676,0
DA:677,0
DA:678,0
DA:681,0
DA:683,0
DA:684,0
DA:685,0
DA:687,0
DA:688,0
DA:689,0
DA:692,0
DA:696,0
DA:697,0
DA:699,29
DA:703,0
DA:704,0
DA:705,0
DA:706,0
DA:707,0
DA:708,0
DA:709,0
DA:711,0
DA:712,0
DA:715,0
DA:716,0
DA:720,0
DA:721,0
DA:722,0
DA:724,0
DA:725,0
DA:726,0
DA:728,0
DA:730,0
DA:731,0
DA:734,0
DA:736,0
DA:737,0
DA:740,0
DA:743,0
DA:744,0
DA:746,0
DA:747,0
DA:748,0
DA:749,0
DA:753,0
DA:754,0
DA:755,0
DA:756,0
DA:759,0
DA:760,0
DA:761,0
DA:762,0
DA:763,0
DA:766,0
DA:770,0
DA:771,0
DA:774,0
DA:777,0
DA:778,0
DA:779,0
DA:780,0
DA:782,0
DA:783,0
DA:786,0
DA:787,0
DA:789,0
DA:791,0
DA:792,0
DA:794,0
DA:795,0
DA:796,0
DA:798,0
DA:801,0
DA:802,0
DA:803,0
DA:804,0
DA:805,0
DA:808,0
DA:810,0
DA:811,0
DA:812,0
DA:814,0
DA:816,0
DA:821,0
DA:823,0
DA:824,0
DA:825,0
DA:827,0
DA:828,0
DA:831,0
DA:832,0
DA:834,0
DA:835,0
DA:836,0
DA:837,0
DA:838,0
DA:841,0
DA:842,0
DA:843,0
DA:845,0
DA:846,0
DA:847,0
DA:849,0
DA:850,0
DA:855,0
DA:856,0
DA:857,0
DA:859,0
DA:861,0
DA:865,0
DA:866,0
DA:867,0
DA:868,0
DA:869,0
DA:871,0
DA:872,0
DA:873,0
DA:875,0
DA:876,0
DA:877,0
DA:880,0
DA:881,0
DA:882,0
DA:885,0
DA:886,0
DA:887,0
DA:890,0
DA:891,0
DA:892,0
DA:900,0
DA:901,0
DA:903,0
DA:911,0
DA:912,0
DA:913,0
DA:921,0
DA:922,0
DA:923,0
DA:931,0
DA:933,0
DA:934,0
DA:937,0
DA:938,0
DA:939,0
DA:940,0
DA:941,0
DA:943,0
DA:944,0
DA:945,0
DA:946,0
DA:948,0
DA:951,0
DA:952,0
DA:953,0
DA:954,0
DA:961,0
DA:963,0
DA:967,0
DA:968,0
DA:969,0
DA:971,0
DA:972,0
DA:973,0
DA:975,0
DA:976,0
DA:977,0
DA:978,0
DA:980,0
DA:982,0
DA:988,0
DA:989,0
DA:990,0
DA:992,0
DA:993,0
DA:994,0
DA:996,0
DA:997,0
DA:998,0
DA:999,0
DA:1001,0
DA:1002,0
DA:1003,0
DA:1006,0
DA:1007,0
DA:1009,0
DA:1010,0
DA:1013,0
DA:1014,0
DA:1015,0
DA:1016,0
DA:1017,0
DA:1018,0
DA:1022,0
DA:1023,0
DA:1025,0
DA:1026,0
DA:1027,0
DA:1030,0
DA:1034,0
DA:1035,0
DA:1036,0
DA:1038,0
DA:1039,0
DA:1040,0
DA:1042,0
DA:1043,0
DA:1044,0
DA:1046,0
DA:1050,0
DA:1051,0
DA:1053,0
DA:1054,0
DA:1055,0
DA:1057,0
DA:1058,0
DA:1059,0
DA:1060,0
DA:1062,0
DA:1065,0
DA:1066,0
DA:1067,0
DA:1068,0
DA:1069,0
DA:1070,0
DA:1071,0
DA:1074,0
DA:1077,0
DA:1079,0
DA:1080,0
DA:1081,0
DA:1083,0
DA:1084,0
DA:1087,0
DA:1088,0
DA:1090,0
DA:1091,0
DA:1092,0
DA:1093,0
DA:1094,0
DA:1097,0
DA:1098,0
DA:1099,0
DA:1101,0
DA:1102,0
DA:1103,0
DA:1105,0
DA:1106,0
DA:1271,0
DA:1274,0
DA:1275,0
DA:1276,0
DA:1278,0
DA:1280,0
DA:1286,0
DA:1287,0
DA:1295,0
DA:1303,0
DA:1308,0
DA:1309,0
DA:1310,0
DA:1313,0
DA:1319,0
DA:1320,0
DA:1321,0
DA:1322,0
DA:1325,0
DA:1329,0
DA:1330,0
DA:1331,0
DA:1332,0
DA:1335,0
DA:1339,0
DA:1340,0
DA:1341,0
DA:1342,0
DA:1345,0
DA:1350,0
DA:1351,0
DA:1353,0
DA:1354,0
DA:1356,0
DA:1357,0
DA:1359,0
DA:1360,0
DA:1361,0
DA:1364,0
DA:1367,10
DA:1368,10
DA:1369,10
DA:1370,10
DA:1372,10
DA:1373,0
DA:1374,0
DA:1375,0
DA:1376,0
DA:1377,0
DA:1378,0
DA:1381,10
DA:1382,0
DA:1383,0
DA:1386,0
LF:630
LH:81
BRDA:67,0,0,0
BRDA:67,0,1,0
BRDA:74,1,0,0
BRDA:74,1,1,0
BRDA:80,2,0,0
BRDA:80,2,1,0
BRDA:90,3,0,0
BRDA:90,3,1,0
BRDA:133,4,0,0
BRDA:133,4,1,0
BRDA:134,5,0,0
BRDA:134,5,1,0
BRDA:142,6,0,0
BRDA:142,6,1,0
BRDA:146,7,0,0
BRDA:146,7,1,0
BRDA:148,8,0,0
BRDA:148,8,1,0
BRDA:196,9,0,0
BRDA:196,9,1,0
BRDA:203,10,0,0
BRDA:203,10,1,0
BRDA:218,11,0,0
BRDA:218,11,1,0
BRDA:221,12,0,0
BRDA:221,12,1,0
BRDA:228,13,0,0
BRDA:228,13,1,0
BRDA:233,14,0,0
BRDA:233,14,1,0
BRDA:239,15,0,0
BRDA:239,15,1,0
BRDA:250,16,0,0
BRDA:250,16,1,0
BRDA:255,17,0,0
BRDA:255,17,1,0
BRDA:271,18,0,0
BRDA:271,18,1,0
BRDA:290,19,0,0
BRDA:290,19,1,0
BRDA:296,20,0,0
BRDA:296,20,1,0
BRDA:319,21,0,0
BRDA:319,21,1,0
BRDA:320,22,0,0
BRDA:320,22,1,0
BRDA:324,23,0,0
BRDA:324,23,1,0
BRDA:325,24,0,0
BRDA:325,24,1,0
BRDA:342,25,0,0
BRDA:342,25,1,0
BRDA:354,26,0,0
BRDA:354,26,1,0
BRDA:386,27,0,0
BRDA:386,27,1,0
BRDA:395,28,0,0
BRDA:395,28,1,0
BRDA:395,29,0,0
BRDA:395,29,1,0
BRDA:395,29,2,0
BRDA:401,30,0,0
BRDA:401,30,1,0
BRDA:412,31,0,0
BRDA:412,31,1,0
BRDA:412,32,0,0
BRDA:412,32,1,0
BRDA:416,33,0,0
BRDA:416,33,1,0
BRDA:416,34,0,0
BRDA:416,34,1,0
BRDA:420,35,0,0
BRDA:420,35,1,0
BRDA:424,36,0,0
BRDA:424,36,1,0
BRDA:428,37,0,0
BRDA:428,37,1,0
BRDA:432,38,0,0
BRDA:432,38,1,0
BRDA:448,39,0,29
BRDA:448,39,1,28
BRDA:449,40,0,29
BRDA:449,40,1,29
BRDA:450,41,0,29
BRDA:450,41,1,26
BRDA:451,42,0,29
BRDA:451,42,1,29
BRDA:454,43,0,0
BRDA:454,43,1,29
BRDA:458,44,0,0
BRDA:458,44,1,29
BRDA:462,45,0,0
BRDA:462,45,1,29
BRDA:466,46,0,0
BRDA:466,46,1,29
BRDA:466,47,0,29
BRDA:466,47,1,0
BRDA:466,47,2,0
BRDA:471,48,0,0
BRDA:471,48,1,29
BRDA:471,49,0,29
BRDA:471,49,1,0
BRDA:471,49,2,0
BRDA:476,50,0,0
BRDA:476,50,1,29
BRDA:476,51,0,29
BRDA:476,51,1,29
BRDA:476,51,2,0
BRDA:476,51,3,0
BRDA:482,52,0,1
BRDA:482,52,1,28
BRDA:486,53,0,0
BRDA:486,53,1,29
BRDA:486,54,0,29
BRDA:486,54,1,29
BRDA:486,54,2,0
BRDA:486,54,3,0
BRDA:492,55,0,0
BRDA:492,55,1,29
BRDA:496,56,0,0
BRDA:496,56,1,29
BRDA:496,57,0,29
BRDA:496,57,1,29
BRDA:496,57,2,0
BRDA:496,57,3,0
BRDA:502,58,0,0
BRDA:502,58,1,29
BRDA:502,59,0,29
BRDA:502,59,1,29
BRDA:506,60,0,26
BRDA:506,60,1,3
BRDA:509,61,0,0
BRDA:509,61,1,29
BRDA:509,62,0,29
BRDA:509,62,1,1
BRDA:511,63,0,0
BRDA:511,63,1,29
BRDA:511,64,0,29
BRDA:511,64,1,29
BRDA:516,65,0,3
BRDA:516,65,1,26
BRDA:520,66,0,0
BRDA:520,66,1,29
BRDA:523,67,0,0
BRDA:523,67,1,29
BRDA:526,68,0,0
BRDA:526,68,1,0
BRDA:533,69,0,18
BRDA:533,69,1,11
BRDA:536,70,0,0
BRDA:536,70,1,18
BRDA:543,71,0,0
BRDA:543,71,1,11
BRDA:546,72,0,0
BRDA:546,72,1,0
BRDA:553,73,0,6
BRDA:553,73,1,5
BRDA:557,74,0,0
BRDA:557,74,1,6
BRDA:565,75,0,0
BRDA:565,75,1,5
BRDA:569,76,0,0
BRDA:569,76,1,0
BRDA:577,77,0,0
BRDA:577,77,1,5
BRDA:580,78,0,0
BRDA:580,78,1,5
BRDA:584,79,0,0
BRDA:584,79,1,5
BRDA:587,80,0,2
BRDA:587,80,1,3
BRDA:590,81,0,0
BRDA:590,81,1,2
BRDA:596,82,0,0
BRDA:596,82,1,2
BRDA:601,83,0,2
BRDA:601,83,1,1
BRDA:602,84,0,0
BRDA:602,84,1,2
BRDA:602,85,0,2
BRDA:602,85,1,1
BRDA:607,86,0,1
BRDA:607,86,1,1
BRDA:609,87,0,0
BRDA:609,87,1,1
BRDA:616,88,0,0
BRDA:616,88,1,2
BRDA:616,89,0,2
BRDA:616,89,1,0
BRDA:616,89,2,0
BRDA:622,90,0,1
BRDA:622,90,1,1
BRDA:629,91,0,3
BRDA:629,91,1,0
BRDA:632,92,0,0
BRDA:632,92,1,3
BRDA:637,93,0,0
BRDA:637,93,1,3
BRDA:637,94,0,3
BRDA:637,94,1,0
BRDA:641,95,0,0
BRDA:641,95,1,3
BRDA:642,96,0,0
BRDA:642,96,1,0
BRDA:647,97,0,3
BRDA:647,97,1,3
BRDA:648,98,0,0
BRDA:648,98,1,3
BRDA:648,99,0,3
BRDA:648,99,1,0
BRDA:653,100,0,3
BRDA:653,100,1,0
BRDA:655,101,0,0
BRDA:655,101,1,3
BRDA:661,102,0,0
BRDA:661,102,1,3
BRDA:661,103,0,3
BRDA:661,103,1,0
BRDA:661,103,2,0
BRDA:666,104,0,3
BRDA:666,104,1,0
BRDA:673,105,0,0
BRDA:673,105,1,0
BRDA:676,106,0,0
BRDA:676,106,1,0
BRDA:683,107,0,0
BRDA:683,107,1,0
BRDA:687,108,0,0
BRDA:687,108,1,0
BRDA:709,109,0,0
BRDA:709,109,1,0
BRDA:711,110,0,0
BRDA:711,110,1,0
BRDA:715,111,0,0
BRDA:715,111,1,0
BRDA:720,112,0,0
BRDA:720,112,1,0
BRDA:724,113,0,0
BRDA:724,113,1,0
BRDA:728,114,0,0
BRDA:728,114,1,0
BRDA:728,115,0,0
BRDA:728,115,1,0
BRDA:728,115,2,0
BRDA:734,116,0,0
BRDA:734,116,1,0
BRDA:734,117,0,0
BRDA:734,117,1,0
BRDA:734,117,2,0
BRDA:740,118,0,0
BRDA:740,118,1,0
BRDA:740,119,0,0
BRDA:740,119,1,0
BRDA:740,119,2,0
BRDA:740,119,3,0
BRDA:746,120,0,0
BRDA:746,120,1,0
BRDA:747,121,0,0
BRDA:747,121,1,0
BRDA:753,122,0,0
BRDA:753,122,1,0
BRDA:754,123,0,0
BRDA:754,123,1,0
BRDA:759,124,0,0
BRDA:759,124,1,0
BRDA:761,125,0,0
BRDA:761,125,1,0
BRDA:782,126,0,0
BRDA:782,126,1,0
BRDA:786,127,0,0
BRDA:786,127,1,0
BRDA:789,128,0,0
BRDA:789,128,1,0
BRDA:789,129,0,0
BRDA:789,129,1,0
BRDA:789,129,2,0
BRDA:794,130,0,0
BRDA:794,130,1,0
BRDA:801,131,0,0
BRDA:801,131,1,0
BRDA:801,132,0,0
BRDA:801,132,1,0
BRDA:803,133,0,0
BRDA:803,133,1,0
BRDA:803,134,0,0
BRDA:803,134,1,0
BRDA:810,135,0,0
BRDA:810,135,1,0
BRDA:827,136,0,0
BRDA:827,136,1,0
BRDA:831,137,0,0
BRDA:831,137,1,0
BRDA:834,138,0,0
BRDA:834,138,1,0
BRDA:834,139,0,0
BRDA:834,139,1,0
BRDA:836,140,0,0
BRDA:836,140,1,0
BRDA:836,141,0,0
BRDA:836,141,1,0
BRDA:841,142,0,0
BRDA:841,142,1,0
BRDA:845,143,0,0
BRDA:845,143,1,0
BRDA:855,144,0,0
BRDA:855,144,1,0
BRDA:869,145,0,0
BRDA:869,145,1,0
BRDA:871,146,0,0
BRDA:871,146,1,0
BRDA:875,147,0,0
BRDA:875,147,1,0
BRDA:875,148,0,0
BRDA:875,148,1,0
BRDA:875,148,2,0
BRDA:880,149,0,0
BRDA:880,149,1,0
BRDA:880,150,0,0
BRDA:880,150,1,0
BRDA:885,151,0,0
BRDA:885,151,1,0
BRDA:885,152,0,0
BRDA:885,152,1,0
BRDA:890,153,0,0
BRDA:890,153,1,0
BRDA:900,154,0,0
BRDA:900,154,1,0
BRDA:911,155,0,0
BRDA:911,155,1,0
BRDA:921,156,0,0
BRDA:921,156,1,0
BRDA:931,157,0,0
BRDA:931,157,1,0
BRDA:938,158,0,0
BRDA:938,158,1,0
BRDA:939,159,0,0
BRDA:939,159,1,0
BRDA:939,160,0,0
BRDA:939,160,1,0
BRDA:943,161,0,0
BRDA:943,161,1,0
BRDA:945,162,0,0
BRDA:945,162,1,0
BRDA:952,163,0,0
BRDA:952,163,1,0
BRDA:971,164,0,0
BRDA:971,164,1,0
BRDA:975,165,0,0
BRDA:975,165,1,0
BRDA:975,165,2,0
BRDA:976,166,0,0
BRDA:976,166,1,0
BRDA:992,167,0,0
BRDA:992,167,1,0
BRDA:997,168,0,0
BRDA:997,168,1,0
BRDA:1001,169,0,0
BRDA:1001,169,1,0
BRDA:1013,170,0,0
BRDA:1013,170,1,0
BRDA:1016,171,0,0
BRDA:1016,171,1,0
BRDA:1025,172,0,0
BRDA:1025,172,1,0
BRDA:1038,173,0,0
BRDA:1038,173,1,0
BRDA:1042,174,0,0
BRDA:1042,174,1,0
BRDA:1053,175,0,0
BRDA:1053,175,1,0
BRDA:1058,176,0,0
BRDA:1058,176,1,0
BRDA:1066,177,0,0
BRDA:1066,177,1,0
BRDA:1068,178,0,0
BRDA:1068,178,1,0
BRDA:1068,179,0,0
BRDA:1068,179,1,0
BRDA:1083,180,0,0
BRDA:1083,180,1,0
BRDA:1087,181,0,0
BRDA:1087,181,1,0
BRDA:1090,182,0,0
BRDA:1090,182,1,0
BRDA:1090,183,0,0
BRDA:1090,183,1,0
BRDA:1092,184,0,0
BRDA:1092,184,1,0
BRDA:1092,185,0,0
BRDA:1092,185,1,0
BRDA:1097,186,0,0
BRDA:1097,186,1,0
BRDA:1101,187,0,0
BRDA:1101,187,1,0
BRDA:1274,188,0,0
BRDA:1274,188,1,0
BRDA:1308,189,0,0
BRDA:1308,189,1,0
BRDA:1320,190,0,0
BRDA:1320,190,1,0
BRDA:1320,191,0,0
BRDA:1320,191,1,0
BRDA:1330,192,0,0
BRDA:1330,192,1,0
BRDA:1330,193,0,0
BRDA:1330,193,1,0
BRDA:1340,194,0,0
BRDA:1340,194,1,0
BRDA:1356,195,0,0
BRDA:1356,195,1,0
BRDA:1360,196,0,0
BRDA:1360,196,1,0
BRDA:1373,197,0,0
BRDA:1373,197,1,0
BRDA:1375,198,0,0
BRDA:1375,198,1,0
BRDA:1377,199,0,0
BRDA:1377,199,1,0
BRDA:1381,200,0,0
BRDA:1381,200,1,10
BRF:420
BRH:84
end_of_record
TN:
SF:testing/sharedUsesCases/makeHostArquitecture.mjs
FN:14,(anonymous_0)
FNF:1
FNH:1
FNDA:3,(anonymous_0)
DA:14,1
DA:15,3
DA:16,3
DA:17,3
DA:18,3
DA:19,3
DA:20,3
DA:21,3
DA:22,3
DA:24,3
DA:28,3
DA:29,3
DA:30,3
DA:31,3
DA:34,1
DA:45,1
DA:54,1
DA:65,1
DA:73,1
DA:80,1
DA:82,1
DA:89,1
DA:92,1
DA:101,1
DA:109,1
DA:116,1
DA:126,1
DA:127,1
DA:134,2
DA:135,2
DA:136,2
DA:137,2
DA:139,0
DA:140,0
DA:144,0
LF:35
LH:32
BRDA:31,0,0,1
BRDA:31,0,1,2
BRDA:134,1,0,2
BRDA:134,1,1,0
BRF:4
BRH:3
end_of_record
